#
# There is insufficient memory for the Java Runtime Environment to continue.
# Native memory allocation (malloc) failed to allocate 262160 bytes for Chunk::new
# Possible reasons:
#   The system is out of physical RAM or swap space
#   In 32 bit mode, the process size limit was hit
# Possible solutions:
#   Reduce memory load on the system
#   Increase physical memory or swap space
#   Check if swap backing store is full
#   Use 64 bit Java on a 64 bit OS
#   Decrease Java heap size (-Xmx/-Xms)
#   Decrease number of Java threads
#   Decrease Java thread stack sizes (-Xss)
#   Set larger code cache with -XX:ReservedCodeCacheSize=
# This output file may be truncated or incomplete.
#
#  Out of Memory Error (allocation.cpp:390), pid=9008, tid=4268
#
# JRE version: Java(TM) SE Runtime Environment (8.0_74-b02) (build 1.8.0_74-b02)
# Java VM: Java HotSpot(TM) 64-Bit Server VM (25.74-b02 mixed mode windows-amd64 compressed oops)
# Failed to write core dump. Minidumps are not enabled by default on client versions of Windows
#

---------------  T H R E A D  ---------------

Current thread (0x0000000016c66000):  JavaThread "C2 CompilerThread0" daemon [_thread_in_native, id=4268, stack(0x0000000017430000,0x0000000017530000)]

Stack: [0x0000000017430000,0x0000000017530000]
[error occurred during error reporting (printing stack bounds), id 0xc0000005]

Native frames: (J=compiled Java code, j=interpreted, Vv=VM code, C=native code)


Current CompileTask:
C2:  28848 8646       4       com.android.utils.XmlUtils::append (540 bytes)


---------------  P R O C E S S  ---------------

Java Threads: ( => current thread )
  0x0000000016e15000 JavaThread "stdout" daemon [_thread_in_native, id=8796, stack(0x0000000025db0000,0x0000000025eb0000)]
  0x0000000016e18000 JavaThread "stderr" daemon [_thread_in_native, id=13608, stack(0x0000000025cb0000,0x0000000025db0000)]
  0x0000000016e1b000 JavaThread "stdout" daemon [_thread_in_native, id=15268, stack(0x0000000025bb0000,0x0000000025cb0000)]
  0x0000000016e16800 JavaThread "stderr" daemon [_thread_in_native, id=12436, stack(0x0000000025ab0000,0x0000000025bb0000)]
  0x0000000016e19800 JavaThread "stdout" daemon [_thread_in_native, id=15156, stack(0x00000000259b0000,0x0000000025ab0000)]
  0x0000000016e15800 JavaThread "stderr" daemon [_thread_in_native, id=13772, stack(0x00000000258b0000,0x00000000259b0000)]
  0x0000000016e18800 JavaThread "stdout" daemon [_thread_in_native, id=11068, stack(0x00000000257b0000,0x00000000258b0000)]
  0x0000000016e1a000 JavaThread "stderr" daemon [_thread_in_native, id=7540, stack(0x00000000256b0000,0x00000000257b0000)]
  0x000000001c801800 JavaThread "stdout" daemon [_thread_in_native, id=8668, stack(0x00000000255b0000,0x00000000256b0000)]
  0x000000001c7fc000 JavaThread "stderr" daemon [_thread_in_native, id=1388, stack(0x00000000254b0000,0x00000000255b0000)]
  0x000000001c800000 JavaThread "stdout" daemon [_thread_in_native, id=15216, stack(0x00000000253b0000,0x00000000254b0000)]
  0x000000001c800800 JavaThread "stderr" daemon [_thread_in_native, id=13980, stack(0x00000000252b0000,0x00000000253b0000)]
  0x000000001c7fb800 JavaThread "stdout" daemon [_thread_in_native, id=8076, stack(0x00000000251b0000,0x00000000252b0000)]
  0x000000001c7ff000 JavaThread "stderr" daemon [_thread_in_native, id=14056, stack(0x00000000250b0000,0x00000000251b0000)]
  0x000000001c7fa800 JavaThread "stdout" daemon [_thread_in_native, id=15284, stack(0x0000000024fb0000,0x00000000250b0000)]
  0x000000001c7fd800 JavaThread "stderr" daemon [_thread_in_native, id=14540, stack(0x0000000024eb0000,0x0000000024fb0000)]
  0x000000001c7fe800 JavaThread "stdout" daemon [_thread_in_native, id=9284, stack(0x0000000024db0000,0x0000000024eb0000)]
  0x000000001c7fd000 JavaThread "stderr" daemon [_thread_in_native, id=4328, stack(0x0000000024cb0000,0x0000000024db0000)]
  0x0000000018e83000 JavaThread "stdout" daemon [_thread_in_native, id=7740, stack(0x0000000024bb0000,0x0000000024cb0000)]
  0x0000000018e86800 JavaThread "stderr" daemon [_thread_in_native, id=9208, stack(0x0000000024ab0000,0x0000000024bb0000)]
  0x0000000018e85000 JavaThread "pool-6-thread-1" [_thread_in_Java, id=2444, stack(0x00000000249b0000,0x0000000024ab0000)]
  0x0000000018e84800 JavaThread "pool-5-thread-8" [_thread_in_vm, id=14988, stack(0x00000000248b0000,0x00000000249b0000)]
  0x0000000018e82000 JavaThread "png-cruncher_10" daemon [_thread_blocked, id=10320, stack(0x00000000247b0000,0x00000000248b0000)]
  0x0000000018e86000 JavaThread "png-cruncher_9" daemon [_thread_blocked, id=13544, stack(0x00000000246b0000,0x00000000247b0000)]
  0x0000000018e88000 JavaThread "png-cruncher_8" daemon [_thread_blocked, id=12240, stack(0x00000000245b0000,0x00000000246b0000)]
  0x0000000018e87800 JavaThread "png-cruncher_7" daemon [_thread_blocked, id=3036, stack(0x00000000244b0000,0x00000000245b0000)]
  0x0000000018e83800 JavaThread "png-cruncher_6" daemon [_thread_blocked, id=8888, stack(0x00000000243b0000,0x00000000244b0000)]
  0x0000000018e89000 JavaThread "png-cruncher_5" daemon [_thread_blocked, id=5184, stack(0x00000000242b0000,0x00000000243b0000)]
  0x0000000016c86800 JavaThread "png-cruncher_4" daemon [_thread_blocked, id=13924, stack(0x00000000241b0000,0x00000000242b0000)]
  0x0000000016c87000 JavaThread "png-cruncher_3" daemon [_thread_blocked, id=14740, stack(0x00000000240b0000,0x00000000241b0000)]
  0x0000000016c85000 JavaThread "png-cruncher_2" daemon [_thread_blocked, id=13908, stack(0x0000000023fb0000,0x00000000240b0000)]
  0x000000001cc75000 JavaThread "png-cruncher_1" daemon [_thread_blocked, id=10304, stack(0x0000000023eb0000,0x0000000023fb0000)]
  0x000000001cc74000 JavaThread "pool-5-thread-7" [_thread_in_native, id=15020, stack(0x0000000023db0000,0x0000000023eb0000)]
  0x000000001cc73800 JavaThread "pool-5-thread-6" [_thread_in_native, id=12348, stack(0x0000000023cb0000,0x0000000023db0000)]
  0x000000001cc72800 JavaThread "pool-5-thread-5" [_thread_in_native, id=13916, stack(0x0000000023bb0000,0x0000000023cb0000)]
  0x000000001cc75800 JavaThread "pool-5-thread-4" [_thread_in_native, id=5108, stack(0x0000000023ab0000,0x0000000023bb0000)]
  0x000000001cc76800 JavaThread "pool-5-thread-3" [_thread_in_native, id=3060, stack(0x00000000239b0000,0x0000000023ab0000)]
  0x000000001cc6b000 JavaThread "pool-5-thread-2" [_thread_in_native, id=9808, stack(0x00000000238b0000,0x00000000239b0000)]
  0x000000001cc71000 JavaThread "pool-5-thread-1" [_thread_in_Java, id=13484, stack(0x00000000237b0000,0x00000000238b0000)]
  0x000000001cc6f800 JavaThread "Stdin handler" [_thread_blocked, id=8196, stack(0x00000000236b0000,0x00000000237b0000)]
  0x000000001cc6c000 JavaThread "Asynchronous log dispatcher for org.gradle.launcher.daemon.server.DefaultDaemonConnection@2e6e5642" [_thread_blocked, id=2364, stack(0x00000000235b0000,0x00000000236b0000)]
  0x000000001cc68000 JavaThread "Cancel handler" [_thread_blocked, id=5036, stack(0x00000000234b0000,0x00000000235b0000)]
  0x000000001cc6c800 JavaThread "Handler for socket connection from /127.0.0.1:57137 to /127.0.0.1:57172" [_thread_in_native, id=13716, stack(0x00000000233b0000,0x00000000234b0000)]
  0x000000001cc6a800 JavaThread "pool-2-thread-1" [_thread_blocked, id=2476, stack(0x000000001ef40000,0x000000001f040000)]
  0x0000000016c85800 JavaThread "File lock request listener" [_thread_in_native, id=14016, stack(0x000000001a800000,0x000000001a900000)]
  0x00000000189c2000 JavaThread "Daemon worker" [_thread_in_native, id=14104, stack(0x0000000019dc0000,0x0000000019ec0000)]
  0x0000000018774800 JavaThread "Daemon" [_thread_blocked, id=12340, stack(0x0000000019ac0000,0x0000000019bc0000)]
  0x0000000018a4a800 JavaThread "Incoming local TCP Connector on port 57137" [_thread_in_native, id=14168, stack(0x0000000019680000,0x0000000019780000)]
  0x00000000182d8000 JavaThread "pool-1-thread-1" [_thread_blocked, id=14460, stack(0x0000000019580000,0x0000000019680000)]
  0x0000000016d19800 JavaThread "Service Thread" daemon [_thread_blocked, id=8644, stack(0x0000000017830000,0x0000000017930000)]
  0x0000000016c80800 JavaThread "C1 CompilerThread3" daemon [_thread_in_native, id=14152, stack(0x0000000017730000,0x0000000017830000)]
  0x0000000016c78000 JavaThread "C2 CompilerThread2" daemon [_thread_blocked, id=11680, stack(0x0000000017630000,0x0000000017730000)]
  0x0000000016c6a000 JavaThread "C2 CompilerThread1" daemon [_thread_blocked, id=12292, stack(0x0000000017530000,0x0000000017630000)]
=>0x0000000016c66000 JavaThread "C2 CompilerThread0" daemon [_thread_in_native, id=4268, stack(0x0000000017430000,0x0000000017530000)]
  0x0000000016c76000 JavaThread "Attach Listener" daemon [_thread_blocked, id=7848, stack(0x0000000017330000,0x0000000017430000)]
  0x0000000016c75000 JavaThread "Signal Dispatcher" daemon [_thread_blocked, id=15064, stack(0x0000000017230000,0x0000000017330000)]
  0x0000000016c60800 JavaThread "Finalizer" daemon [_thread_blocked, id=13028, stack(0x0000000017040000,0x0000000017140000)]
  0x0000000002227000 JavaThread "Reference Handler" daemon [_thread_blocked, id=5376, stack(0x0000000016b40000,0x0000000016c40000)]
  0x000000000212e000 JavaThread "main" [_thread_blocked, id=14420, stack(0x0000000001fe0000,0x00000000020e0000)]

Other Threads:
  0x0000000014d49800 VMThread [stack: 0x0000000016a40000,0x0000000016b40000] [id=7288]
  0x0000000016d2b800 WatcherThread [stack: 0x0000000017930000,0x0000000017a30000] [id=8476]

VM state:not at safepoint (normal execution)

VM Mutex/Monitor currently owned by a thread: None

Heap:
 PSYoungGen      total 158208K, used 69332K [0x00000000eab00000, 0x00000000f6f00000, 0x0000000100000000)
  eden space 139264K, 44% used [0x00000000eab00000,0x00000000ee82ad78,0x00000000f3300000)
  from space 18944K, 35% used [0x00000000f4500000,0x00000000f4b8a478,0x00000000f5780000)
  to   space 18432K, 0% used [0x00000000f3300000,0x00000000f3300000,0x00000000f4500000)
 ParOldGen       total 98816K, used 32278K [0x00000000c0000000, 0x00000000c6080000, 0x00000000eab00000)
  object space 98816K, 32% used [0x00000000c0000000,0x00000000c1f85b48,0x00000000c6080000)
 Metaspace       used 58522K, capacity 60116K, committed 60160K, reserved 1101824K
  class space    used 7880K, capacity 8192K, committed 8192K, reserved 1048576K

Card table byte_map: [0x00000000115f0000,0x0000000011800000] byte_map_base: 0x0000000010ff0000

Marking Bits: (ParMarkBitMap*) 0x0000000069ad0600
 Begin Bits: [0x0000000012160000, 0x0000000013160000)
 End Bits:   [0x0000000013160000, 0x0000000014160000)

Polling page: 0x0000000000810000

CodeCache: size=245760Kb used=25892Kb max_used=25892Kb free=219867Kb
 bounds [0x0000000002230000, 0x0000000003ba0000, 0x0000000011230000]
 total_blobs=8359 nmethods=7624 adapters=646
 compilation: enabled

Compilation events (10 events):
Event: 28.831 Thread 0x0000000016c80800 nmethod 8685 0x0000000003b86690 code [0x0000000003b867e0, 0x0000000003b868f0]
Event: 28.831 Thread 0x0000000016c80800 8686       3       java.util.concurrent.Executors$RunnableAdapter::call (14 bytes)
Event: 28.831 Thread 0x0000000016c80800 nmethod 8686 0x0000000003b86950 code [0x0000000003b86ac0, 0x0000000003b86ce8]
Event: 28.831 Thread 0x0000000016c80800 8687       3       com.android.resources.ResourceFolderType::getFolderType (24 bytes)
Event: 28.831 Thread 0x0000000016c80800 nmethod 8687 0x0000000003b86d90 code [0x0000000003b86f20, 0x0000000003b873c8]
Event: 28.832 Thread 0x0000000016c6a000 8688       4       java.io.File::exists (43 bytes)
Event: 28.832 Thread 0x0000000016c80800 8689       3       com.android.build.gradle.tasks.MergeResources$$Lambda$175/1067999527::compile (12 bytes)
Event: 28.832 Thread 0x0000000016c80800 nmethod 8689 0x0000000003b87610 code [0x0000000003b87780, 0x0000000003b879a8]
Event: 28.833 Thread 0x0000000016c80800 8690   !   3       com.android.builder.internal.aapt.v1.AaptV1::compile (242 bytes)
Event: 28.838 Thread 0x0000000016c6a000 nmethod 8688 0x0000000003b8a890 code [0x0000000003b8a9e0, 0x0000000003b8abe8]

GC Heap History (10 events):
Event: 6.229 GC heap before
{Heap before GC invocations=11 (full 2):
 PSYoungGen      total 124928K, used 113664K [0x00000000eab00000, 0x00000000f3780000, 0x0000000100000000)
  eden space 113664K, 100% used [0x00000000eab00000,0x00000000f1a00000,0x00000000f1a00000)
  from space 11264K, 0% used [0x00000000f2500000,0x00000000f2500000,0x00000000f3000000)
  to   space 11264K, 0% used [0x00000000f1a00000,0x00000000f1a00000,0x00000000f2500000)
 ParOldGen       total 98816K, used 14904K [0x00000000c0000000, 0x00000000c6080000, 0x00000000eab00000)
  object space 98816K, 15% used [0x00000000c0000000,0x00000000c0e8e160,0x00000000c6080000)
 Metaspace       used 42981K, capacity 43912K, committed 44288K, reserved 1087488K
  class space    used 5878K, capacity 6090K, committed 6144K, reserved 1048576K
Event: 6.239 GC heap after
Heap after GC invocations=11 (full 2):
 PSYoungGen      total 124928K, used 10331K [0x00000000eab00000, 0x00000000f4d80000, 0x0000000100000000)
  eden space 113664K, 0% used [0x00000000eab00000,0x00000000eab00000,0x00000000f1a00000)
  from space 11264K, 91% used [0x00000000f1a00000,0x00000000f2416f58,0x00000000f2500000)
  to   space 12288K, 0% used [0x00000000f4180000,0x00000000f4180000,0x00000000f4d80000)
 ParOldGen       total 98816K, used 14976K [0x00000000c0000000, 0x00000000c6080000, 0x00000000eab00000)
  object space 98816K, 15% used [0x00000000c0000000,0x00000000c0ea0170,0x00000000c6080000)
 Metaspace       used 42981K, capacity 43912K, committed 44288K, reserved 1087488K
  class space    used 5878K, capacity 6090K, committed 6144K, reserved 1048576K
}
Event: 9.453 GC heap before
{Heap before GC invocations=12 (full 2):
 PSYoungGen      total 124928K, used 123995K [0x00000000eab00000, 0x00000000f4d80000, 0x0000000100000000)
  eden space 113664K, 100% used [0x00000000eab00000,0x00000000f1a00000,0x00000000f1a00000)
  from space 11264K, 91% used [0x00000000f1a00000,0x00000000f2416f58,0x00000000f2500000)
  to   space 12288K, 0% used [0x00000000f4180000,0x00000000f4180000,0x00000000f4d80000)
 ParOldGen       total 98816K, used 14976K [0x00000000c0000000, 0x00000000c6080000, 0x00000000eab00000)
  object space 98816K, 15% used [0x00000000c0000000,0x00000000c0ea0170,0x00000000c6080000)
 Metaspace       used 49294K, capacity 50524K, committed 50816K, reserved 1093632K
  class space    used 6769K, capacity 7002K, committed 7040K, reserved 1048576K
Event: 9.466 GC heap after
Heap after GC invocations=12 (full 2):
 PSYoungGen      total 151040K, used 12288K [0x00000000eab00000, 0x00000000f5080000, 0x0000000100000000)
  eden space 138752K, 0% used [0x00000000eab00000,0x00000000eab00000,0x00000000f3280000)
  from space 12288K, 100% used [0x00000000f4180000,0x00000000f4d80000,0x00000000f4d80000)
  to   space 15360K, 0% used [0x00000000f3280000,0x00000000f3280000,0x00000000f4180000)
 ParOldGen       total 98816K, used 20575K [0x00000000c0000000, 0x00000000c6080000, 0x00000000eab00000)
  object space 98816K, 20% used [0x00000000c0000000,0x00000000c1417c00,0x00000000c6080000)
 Metaspace       used 49294K, capacity 50524K, committed 50816K, reserved 1093632K
  class space    used 6769K, capacity 7002K, committed 7040K, reserved 1048576K
}
Event: 14.929 GC heap before
{Heap before GC invocations=13 (full 2):
 PSYoungGen      total 151040K, used 73550K [0x00000000eab00000, 0x00000000f5080000, 0x0000000100000000)
  eden space 138752K, 44% used [0x00000000eab00000,0x00000000ee6d3990,0x00000000f3280000)
  from space 12288K, 100% used [0x00000000f4180000,0x00000000f4d80000,0x00000000f4d80000)
  to   space 15360K, 0% used [0x00000000f3280000,0x00000000f3280000,0x00000000f4180000)
 ParOldGen       total 98816K, used 20575K [0x00000000c0000000, 0x00000000c6080000, 0x00000000eab00000)
  object space 98816K, 20% used [0x00000000c0000000,0x00000000c1417c00,0x00000000c6080000)
 Metaspace       used 56084K, capacity 57390K, committed 57728K, reserved 1099776K
  class space    used 7648K, capacity 7953K, committed 8064K, reserved 1048576K
Event: 14.946 GC heap after
Heap after GC invocations=13 (full 2):
 PSYoungGen      total 154112K, used 15354K [0x00000000eab00000, 0x00000000f5780000, 0x0000000100000000)
  eden space 138752K, 0% used [0x00000000eab00000,0x00000000eab00000,0x00000000f3280000)
  from space 15360K, 99% used [0x00000000f3280000,0x00000000f417eb70,0x00000000f4180000)
  to   space 18944K, 0% used [0x00000000f4500000,0x00000000f4500000,0x00000000f5780000)
 ParOldGen       total 98816K, used 24520K [0x00000000c0000000, 0x00000000c6080000, 0x00000000eab00000)
  object space 98816K, 24% used [0x00000000c0000000,0x00000000c17f2380,0x00000000c6080000)
 Metaspace       used 56084K, capacity 57390K, committed 57728K, reserved 1099776K
  class space    used 7648K, capacity 7953K, committed 8064K, reserved 1048576K
}
Event: 14.946 GC heap before
{Heap before GC invocations=14 (full 3):
 PSYoungGen      total 154112K, used 15354K [0x00000000eab00000, 0x00000000f5780000, 0x0000000100000000)
  eden space 138752K, 0% used [0x00000000eab00000,0x00000000eab00000,0x00000000f3280000)
  from space 15360K, 99% used [0x00000000f3280000,0x00000000f417eb70,0x00000000f4180000)
  to   space 18944K, 0% used [0x00000000f4500000,0x00000000f4500000,0x00000000f5780000)
 ParOldGen       total 98816K, used 24520K [0x00000000c0000000, 0x00000000c6080000, 0x00000000eab00000)
  object space 98816K, 24% used [0x00000000c0000000,0x00000000c17f2380,0x00000000c6080000)
 Metaspace       used 56084K, capacity 57390K, committed 57728K, reserved 1099776K
  class space    used 7648K, capacity 7953K, committed 8064K, reserved 1048576K
Event: 15.104 GC heap after
Heap after GC invocations=14 (full 3):
 PSYoungGen      total 154112K, used 0K [0x00000000eab00000, 0x00000000f5780000, 0x0000000100000000)
  eden space 138752K, 0% used [0x00000000eab00000,0x00000000eab00000,0x00000000f3280000)
  from space 15360K, 0% used [0x00000000f3280000,0x00000000f3280000,0x00000000f4180000)
  to   space 18944K, 0% used [0x00000000f4500000,0x00000000f4500000,0x00000000f5780000)
 ParOldGen       total 98816K, used 32270K [0x00000000c0000000, 0x00000000c6080000, 0x00000000eab00000)
  object space 98816K, 32% used [0x00000000c0000000,0x00000000c1f83b48,0x00000000c6080000)
 Metaspace       used 56083K, capacity 57384K, committed 57728K, reserved 1099776K
  class space    used 7647K, capacity 7952K, committed 8064K, reserved 1048576K
}
Event: 28.292 GC heap before
{Heap before GC invocations=15 (full 3):
 PSYoungGen      total 154112K, used 138752K [0x00000000eab00000, 0x00000000f5780000, 0x0000000100000000)
  eden space 138752K, 100% used [0x00000000eab00000,0x00000000f3280000,0x00000000f3280000)
  from space 15360K, 0% used [0x00000000f3280000,0x00000000f3280000,0x00000000f4180000)
  to   space 18944K, 0% used [0x00000000f4500000,0x00000000f4500000,0x00000000f5780000)
 ParOldGen       total 98816K, used 32270K [0x00000000c0000000, 0x00000000c6080000, 0x00000000eab00000)
  object space 98816K, 32% used [0x00000000c0000000,0x00000000c1f83b48,0x00000000c6080000)
 Metaspace       used 57847K, capacity 59308K, committed 59392K, reserved 1099776K
  class space    used 7821K, capacity 8130K, committed 8192K, reserved 1048576K
Event: 28.303 GC heap after
Heap after GC invocations=15 (full 3):
 PSYoungGen      total 158208K, used 6697K [0x00000000eab00000, 0x00000000f6f00000, 0x0000000100000000)
  eden space 139264K, 0% used [0x00000000eab00000,0x00000000eab00000,0x00000000f3300000)
  from space 18944K, 35% used [0x00000000f4500000,0x00000000f4b8a478,0x00000000f5780000)
  to   space 18432K, 0% used [0x00000000f3300000,0x00000000f3300000,0x00000000f4500000)
 ParOldGen       total 98816K, used 32278K [0x00000000c0000000, 0x00000000c6080000, 0x00000000eab00000)
  object space 98816K, 32% used [0x00000000c0000000,0x00000000c1f85b48,0x00000000c6080000)
 Metaspace       used 57847K, capacity 59308K, committed 59392K, reserved 1099776K
  class space    used 7821K, capacity 8130K, committed 8192K, reserved 1048576K
}

Deoptimization events (10 events):
Event: 28.559 Thread 0x00000000189c2000 Uncommon trap: reason=bimorphic action=maybe_recompile pc=0x0000000003a78828 method=com.sun.org.apache.xerces.internal.dom.CoreDocumentImpl.isKidOK(Lorg/w3c/dom/Node;Lorg/w3c/dom/Node;)Z @ 39
Event: 28.559 Thread 0x00000000189c2000 Uncommon trap: reason=bimorphic action=maybe_recompile pc=0x0000000003a2c2c0 method=com.sun.org.apache.xerces.internal.dom.NodeImpl.changed()V @ 1
Event: 28.559 Thread 0x00000000189c2000 Uncommon trap: reason=bimorphic action=maybe_recompile pc=0x0000000003a78828 method=com.sun.org.apache.xerces.internal.dom.CoreDocumentImpl.isKidOK(Lorg/w3c/dom/Node;Lorg/w3c/dom/Node;)Z @ 39
Event: 28.559 Thread 0x00000000189c2000 Uncommon trap: reason=bimorphic action=maybe_recompile pc=0x0000000003a2c2c0 method=com.sun.org.apache.xerces.internal.dom.NodeImpl.changed()V @ 1
Event: 28.559 Thread 0x00000000189c2000 Uncommon trap: reason=bimorphic action=maybe_recompile pc=0x0000000003a78828 method=com.sun.org.apache.xerces.internal.dom.CoreDocumentImpl.isKidOK(Lorg/w3c/dom/Node;Lorg/w3c/dom/Node;)Z @ 39
Event: 28.559 Thread 0x00000000189c2000 Uncommon trap: reason=bimorphic action=maybe_recompile pc=0x0000000003a2c2c0 method=com.sun.org.apache.xerces.internal.dom.NodeImpl.changed()V @ 1
Event: 28.559 Thread 0x00000000189c2000 Uncommon trap: reason=bimorphic action=maybe_recompile pc=0x0000000003a6b6f8 method=com.sun.org.apache.xerces.internal.dom.CoreDocumentImpl.isKidOK(Lorg/w3c/dom/Node;Lorg/w3c/dom/Node;)Z @ 39
Event: 28.569 Thread 0x0000000018e85000 Uncommon trap: reason=unstable_if action=reinterpret pc=0x00000000032206d4 method=java.util.regex.Matcher.appendReplacement(Ljava/lang/StringBuffer;Ljava/lang/String;)Ljava/util/regex/Matcher; @ 47
Event: 28.592 Thread 0x00000000189c2000 Uncommon trap: reason=unstable_if action=reinterpret pc=0x0000000002a20ce4 method=com.sun.org.apache.xerces.internal.dom.ChildNode.parentNode()Lcom/sun/org/apache/xerces/internal/dom/NodeImpl; @ 4
Event: 28.707 Thread 0x00000000189c2000 Uncommon trap: reason=null_check action=make_not_entrant pc=0x0000000003b46f2c method=com.android.ide.common.res2.NodeUtils.processSingleNodeNamespace(Lorg/w3c/dom/Node;Lorg/w3c/dom/Document;)Z @ 8

Internal exceptions (10 events):
Event: 23.324 Thread 0x00000000189c2000 Exception <a 'java/lang/ClassNotFoundException': com/android/build/gradle/tasks/CheckManifestInInstantRunModeBeanInfo> (0x00000000f02ace00) thrown at [C:\re\workspace\8-2-build-windows-amd64-cygwin\jdk8u74\6087\hotspot\src\share\vm\classfile\systemDictiona
Event: 23.324 Thread 0x00000000189c2000 Exception <a 'java/lang/ClassNotFoundException': com/android/build/gradle/tasks/CheckManifestInInstantRunModeCustomizer> (0x00000000f02c0f58) thrown at [C:\re\workspace\8-2-build-windows-amd64-cygwin\jdk8u74\6087\hotspot\src\share\vm\classfile\systemDictioßÆX(S7@
Event: 23.325 Thread 0x00000000189c2000 Exception <a 'java/lang/ClassNotFoundException': com/android/build/gradle/tasks/CheckManifestInInstantRunMode_DecoratedCustomizer> (0x00000000f02eaa48) thrown at [C:\re\workspace\8-2-build-windows-amd64-cygwin\jdk8u74\6087\hotspot\src\share\vm\classfile\sy±-/7ˆU7@
Event: 23.334 Thread 0x00000000189c2000 Exception <a 'java/lang/ClassNotFoundException': com/android/build/gradle/tasks/fd/GenerateInstantRunAppInfoTask_DecoratedBeanInfo> (0x00000000f040a928) thrown at [C:\re\workspace\8-2-build-windows-amd64-cygwin\jdk8u74\6087\hotspot\src\share\vm\classfile\sÅC0w”U7@
Event: 23.334 Thread 0x00000000189c2000 Exception <a 'java/lang/ClassNotFoundException': com/android/build/gradle/tasks/fd/GenerateInstantRunAppInfoTaskBeanInfo> (0x00000000f041ee68) thrown at [C:\re\workspace\8-2-build-windows-amd64-cygwin\jdk8u74\6087\hotspot\src\share\vm\classfile\systemDicti'Q1U U7@
Event: 23.334 Thread 0x00000000189c2000 Exception <a 'java/lang/ClassNotFoundException': com/android/build/gradle/tasks/fd/GenerateInstantRunAppInfoTaskCustomizer> (0x00000000f0433778) thrown at [C:\re\workspace\8-2-build-windows-amd64-cygwin\jdk8u74\6087\hotspot\src\share\vm\classfile\systemDicœæî·U7@
Event: 23.335 Thread 0x00000000189c2000 Exception <a 'java/lang/ClassNotFoundException': com/android/build/gradle/tasks/fd/GenerateInstantRunAppInfoTask_DecoratedCustomizer> (0x00000000f045bdd0) thrown at [C:\re\workspace\8-2-build-windows-amd64-cygwin\jdk8u74\6087\hotspot\src\share\vm\classfile?Ýýˆ:@
Event: 26.110 Thread 0x00000000189c2000 Exception <a 'java/lang/ClassNotFoundException': com/android/build/gradle/internal/LibraryCache$1BeanInfo> (0x00000000f0d230f0) thrown at [C:\re\workspace\8-2-build-windows-amd64-cygwin\jdk8u74\6087\hotspot\src\share\vm\classfile\systemDictionary.cpp, line(ZåÍ%:@
Event: 26.110 Thread 0x00000000189c2000 Exception <a 'java/lang/ClassNotFoundException': com/android/build/gradle/internal/LibraryCache$1Customizer> (0x00000000f0d33988) thrown at [C:\re\workspace\8-2-build-windows-amd64-cygwin\jdk8u74\6087\hotspot\src\share\vm\classfile\systemDictionary.cpp, li4@Àôµ<@
Event: 28.707 Thread 0x00000000189c2000 Implicit null exception at 0x0000000003b46dd7 to 0x0000000003b46f1b

Events (10 events):
Event: 28.812 Thread 0x000000001c801800 DEOPT PACKING pc=0x0000000003b5889e sp=0x00000000256aece0
Event: 28.812 Thread 0x000000001c801800 DEOPT UNPACKING pc=0x000000000227787f sp=0x00000000256aeac8 mode 0
Event: 28.833 Executing VM operation: RevokeBias
Event: 28.833 Executing VM operation: RevokeBias done
Event: 28.833 Executing VM operation: RevokeBias
Event: 28.833 Executing VM operation: RevokeBias done
Event: 28.834 Executing VM operation: RevokeBias
Event: 28.834 Executing VM operation: RevokeBias done
Event: 28.834 Executing VM operation: RevokeBias
Event: 28.834 Executing VM operation: RevokeBias done


Dynamic libraries:
0x00007ff78c6d0000 - 0x00007ff78c707000 	C:\Program Files\Java\jdk1.8.0_74\bin\java.exe
0x00007ff898370000 - 0x00007ff898541000 	C:\WINDOWS\SYSTEM32\ntdll.dll
0x00007ff895a80000 - 0x00007ff895b2b000 	C:\WINDOWS\System32\KERNEL32.DLL
0x00007ff87c8f0000 - 0x00007ff87c923000 	C:\Program Files (x86)\AVG\Av\avghooka.dll
0x00007ff894ab0000 - 0x00007ff894ccd000 	C:\WINDOWS\System32\KERNELBASE.dll
0x00007ff897620000 - 0x00007ff8976c2000 	C:\WINDOWS\System32\ADVAPI32.dll
0x00007ff898000000 - 0x00007ff89809e000 	C:\WINDOWS\System32\msvcrt.dll
0x00007ff8979a0000 - 0x00007ff8979f9000 	C:\WINDOWS\System32\sechost.dll
0x00007ff897870000 - 0x00007ff897991000 	C:\WINDOWS\System32\RPCRT4.dll
0x00007ff8976d0000 - 0x00007ff897835000 	C:\WINDOWS\System32\USER32.dll
0x00007ff895650000 - 0x00007ff89566e000 	C:\WINDOWS\System32\win32u.dll
0x00007ff897fc0000 - 0x00007ff897ff4000 	C:\WINDOWS\System32\GDI32.dll
0x00007ff894d80000 - 0x00007ff894f02000 	C:\WINDOWS\System32\gdi32full.dll
0x00007ff8831d0000 - 0x00007ff883449000 	C:\WINDOWS\WinSxS\amd64_microsoft.windows.common-controls_6595b64144ccf1df_6.0.14393.0_none_2d0f50fcbdb171b8\COMCTL32.dll
0x00007ff895b40000 - 0x00007ff895e07000 	C:\WINDOWS\System32\combase.dll
0x00007ff894840000 - 0x00007ff894935000 	C:\WINDOWS\System32\ucrtbase.dll
0x00007ff894a40000 - 0x00007ff894aaa000 	C:\WINDOWS\System32\bcryptPrimitives.dll
0x00007ff897840000 - 0x00007ff89786e000 	C:\WINDOWS\System32\IMM32.DLL
0x000000006a9c0000 - 0x000000006aa92000 	C:\Program Files\Java\jdk1.8.0_74\jre\bin\msvcr100.dll
0x00000000692c0000 - 0x0000000069b50000 	C:\Program Files\Java\jdk1.8.0_74\jre\bin\server\jvm.dll
0x00007ff897eb0000 - 0x00007ff897eb8000 	C:\WINDOWS\System32\PSAPI.DLL
0x00007ff889110000 - 0x00007ff889119000 	C:\WINDOWS\SYSTEM32\WSOCK32.dll
0x00007ff897e30000 - 0x00007ff897e9a000 	C:\WINDOWS\System32\WS2_32.dll
0x00007ff8921b0000 - 0x00007ff8921d3000 	C:\WINDOWS\SYSTEM32\WINMM.dll
0x00007ff892cf0000 - 0x00007ff892cfa000 	C:\WINDOWS\SYSTEM32\VERSION.dll
0x00007ff892150000 - 0x00007ff89217b000 	C:\WINDOWS\SYSTEM32\WINMMBASE.dll
0x00007ff8949f0000 - 0x00007ff894a32000 	C:\WINDOWS\System32\cfgmgr32.dll
0x000000006ad30000 - 0x000000006ad3f000 	C:\Program Files\Java\jdk1.8.0_74\jre\bin\verify.dll
0x000000006ad00000 - 0x000000006ad29000 	C:\Program Files\Java\jdk1.8.0_74\jre\bin\java.dll
0x000000006ace0000 - 0x000000006acf6000 	C:\Program Files\Java\jdk1.8.0_74\jre\bin\zip.dll
0x00007ff896110000 - 0x00007ff897618000 	C:\WINDOWS\System32\SHELL32.dll
0x00007ff894f10000 - 0x00007ff8955ea000 	C:\WINDOWS\System32\windows.storage.dll
0x00007ff8947c0000 - 0x00007ff89480c000 	C:\WINDOWS\System32\powrprof.dll
0x00007ff8980a0000 - 0x00007ff8980f2000 	C:\WINDOWS\System32\shlwapi.dll
0x00007ff894810000 - 0x00007ff89481f000 	C:\WINDOWS\System32\kernel.appcore.dll
0x00007ff894940000 - 0x00007ff8949e9000 	C:\WINDOWS\System32\shcore.dll
0x00007ff894820000 - 0x00007ff894834000 	C:\WINDOWS\System32\profapi.dll
0x000000006acc0000 - 0x000000006acda000 	C:\Program Files\Java\jdk1.8.0_74\jre\bin\net.dll
0x00007ff893b20000 - 0x00007ff893b7c000 	C:\WINDOWS\system32\mswsock.dll
0x000000006a9a0000 - 0x000000006a9b1000 	C:\Program Files\Java\jdk1.8.0_74\jre\bin\nio.dll
0x00007ff882110000 - 0x00007ff882122000 	C:\Users\Admin\.gradle\native\19\windows-amd64\native-platform.dll
0x00007ff8941e0000 - 0x00007ff8941f7000 	C:\WINDOWS\SYSTEM32\CRYPTSP.dll
0x00007ff893d60000 - 0x00007ff893d93000 	C:\WINDOWS\system32\rsaenh.dll
0x00007ff8946f0000 - 0x00007ff89471b000 	C:\WINDOWS\SYSTEM32\bcrypt.dll
0x00007ff893e00000 - 0x00007ff893e1f000 	C:\WINDOWS\SYSTEM32\USERENV.dll
0x00007ff893f20000 - 0x00007ff893f2b000 	C:\WINDOWS\SYSTEM32\CRYPTBASE.dll
0x00007ff8938d0000 - 0x00007ff893908000 	C:\WINDOWS\SYSTEM32\IPHLPAPI.DLL
0x00007ff895b30000 - 0x00007ff895b38000 	C:\WINDOWS\System32\NSI.dll
0x00007ff88f180000 - 0x00007ff88f196000 	C:\WINDOWS\SYSTEM32\dhcpcsvc6.DLL
0x00007ff88f160000 - 0x00007ff88f17a000 	C:\WINDOWS\SYSTEM32\dhcpcsvc.DLL
0x000000006a990000 - 0x000000006a99d000 	C:\Program Files\Java\jdk1.8.0_74\jre\bin\management.dll

VM Arguments:
jvm_args: -XX:MaxPermSize=256m -XX:+HeapDumpOnOutOfMemoryError -Xmx1024m -Dfile.encoding=windows-1251 -Duser.country=RU -Duser.language=ru -Duser.variant 
java_command: org.gradle.launcher.daemon.bootstrap.GradleDaemon 2.14.1
java_class_path (initial): C:\Users\Admin\.gradle\wrapper\dists\gradle-2.14.1-all\8bnwg5hd3w55iofp58khbp6yv\gradle-2.14.1\lib\gradle-launcher-2.14.1.jar
Launcher Type: SUN_STANDARD

Environment Variables:
JAVA_HOME=C:\Program Files\Java\jdk1.8.0_74
PATH=C:\ProgramData\Oracle\Java\javapath;C:\Program Files (x86)\NVIDIA Corporation\PhysX\Common;C:\Program Files (x86)\Intel\iCLS Client\;C:\Program Files\Intel\iCLS Client\;C:\WINDOWS\system32;C:\WINDOWS;C:\WINDOWS\System32\Wbem;C:\WINDOWS\System32\WindowsPowerShell\v1.0\;C:\Program Files (x86)\Intel\OpenCL SDK\3.0\bin\x86;C:\Program Files (x86)\Intel\OpenCL SDK\3.0\bin\x64;C:\Program Files\Intel\Intel(R) Management Engine Components\DAL;C:\Program Files\Intel\Intel(R) Management Engine Components\IPT;C:\Program Files (x86)\Intel\Intel(R) Management Engine Components\DAL;C:\Program Files (x86)\Intel\Intel(R) Management Engine Components\IPT;C:\Program Files\OpenVPN\bin;C:\Program Files (x86)\Skype\Phone\;C:\Users\Admin\AppData\Local\Android\sdk\platform-tools;C:\Users\Admin\AppData\Local\Android\sdk\tools;C:\Users\Admin\AppData\Local\Microsoft\WindowsApps;
USERNAME=Admin
OS=Windows_NT
PROCESSOR_IDENTIFIER=Intel64 Family 6 Model 60 Stepping 3, GenuineIntel



---------------  S Y S T E M  ---------------

OS: Windows 10.0 , 64 bit Build 14393 (10.0.14393.0)

CPU:total 8 (4 cores per cpu, 2 threads per core) family 6 model 60 stepping 3, cmov, cx8, fxsr, mmx, sse, sse2, sse3, ssse3, sse4.1, sse4.2, popcnt, avx, avx2, aes, clmul, erms, lzcnt, ht, tsc, tscinvbit, bmi1, bmi2

Memory: 4k page, physical 8061740k(1076612k free), swap 10621740k(1236k free)

vm_info: Java HotSpot(TM) 64-Bit Server VM (25.74-b02) for windows-amd64 JRE (1.8.0_74-b02), built on Jan 29 2016 17:42:36 by "java_re" with MS VC++ 10.0 (VS2010)

time: Thu Sep 29 13:27:51 2016
elapsed time: 28 seconds (0d 0h 0m 28s)

