#
# There is insufficient memory for the Java Runtime Environment to continue.
# Native memory allocation (malloc) failed to allocate 1513696 bytes for Chunk::new
# Possible reasons:
#   The system is out of physical RAM or swap space
#   In 32 bit mode, the process size limit was hit
# Possible solutions:
#   Reduce memory load on the system
#   Increase physical memory or swap space
#   Check if swap backing store is full
#   Use 64 bit Java on a 64 bit OS
#   Decrease Java heap size (-Xmx/-Xms)
#   Decrease number of Java threads
#   Decrease Java thread stack sizes (-Xss)
#   Set larger code cache with -XX:ReservedCodeCacheSize=
# This output file may be truncated or incomplete.
#
#  Out of Memory Error (allocation.cpp:390), pid=3828, tid=15532
#
# JRE version: Java(TM) SE Runtime Environment (8.0_74-b02) (build 1.8.0_74-b02)
# Java VM: Java HotSpot(TM) 64-Bit Server VM (25.74-b02 mixed mode windows-amd64 compressed oops)
# Failed to write core dump. Minidumps are not enabled by default on client versions of Windows
#

---------------  T H R E A D  ---------------

Current thread (0x0000000016c98800):  JavaThread "C2 CompilerThread0" daemon [_thread_in_native, id=15532, stack(0x0000000017460000,0x0000000017560000)]

Stack: [0x0000000017460000,0x0000000017560000]
[error occurred during error reporting (printing stack bounds), id 0xc0000005]

Native frames: (J=compiled Java code, j=interpreted, Vv=VM code, C=native code)


Current CompileTask:
C2:   1382 1437       4       com.android.dx.dex.code.OutputFinisher::addConstants (93 bytes)


---------------  P R O C E S S  ---------------

Java Threads: ( => current thread )
  0x0000000016d7a800 JavaThread "pool-1-thread-1" [_thread_in_Java, id=2300, stack(0x000000001a700000,0x000000001a800000)]
  0x0000000016cb2000 JavaThread "Service Thread" daemon [_thread_blocked, id=4904, stack(0x0000000017860000,0x0000000017960000)]
  0x0000000016ca4000 JavaThread "C1 CompilerThread3" daemon [_thread_blocked, id=8340, stack(0x0000000017760000,0x0000000017860000)]
  0x0000000016c9e800 JavaThread "C2 CompilerThread2" daemon [_thread_in_native, id=11520, stack(0x0000000017660000,0x0000000017760000)]
  0x0000000016c9b800 JavaThread "C2 CompilerThread1" daemon [_thread_blocked, id=9136, stack(0x0000000017560000,0x0000000017660000)]
=>0x0000000016c98800 JavaThread "C2 CompilerThread0" daemon [_thread_in_native, id=15532, stack(0x0000000017460000,0x0000000017560000)]
  0x0000000016c96800 JavaThread "Attach Listener" daemon [_thread_blocked, id=15476, stack(0x0000000017360000,0x0000000017460000)]
  0x0000000014d8e000 JavaThread "Signal Dispatcher" daemon [_thread_blocked, id=19028, stack(0x0000000017260000,0x0000000017360000)]
  0x0000000016c90800 JavaThread "Finalizer" daemon [_thread_blocked, id=19184, stack(0x0000000017070000,0x0000000017170000)]
  0x0000000002254000 JavaThread "Reference Handler" daemon [_thread_blocked, id=4504, stack(0x0000000016b70000,0x0000000016c70000)]
  0x0000000002160800 JavaThread "main" [_thread_blocked, id=17984, stack(0x0000000002060000,0x0000000002160000)]

Other Threads:
  0x0000000014d79800 VMThread [stack: 0x0000000016a70000,0x0000000016b70000] [id=13768]
  0x0000000016ccd000 WatcherThread [stack: 0x0000000017960000,0x0000000017a60000] [id=13196]

VM state:not at safepoint (normal execution)

VM Mutex/Monitor currently owned by a thread: None

Heap:
 PSYoungGen      total 36864K, used 22355K [0x00000000eab00000, 0x00000000ef300000, 0x0000000100000000)
  eden space 31744K, 54% used [0x00000000eab00000,0x00000000ebbdaf28,0x00000000eca00000)
  from space 5120K, 99% used [0x00000000eca00000,0x00000000ecefa088,0x00000000ecf00000)
  to   space 5120K, 0% used [0x00000000eee00000,0x00000000eee00000,0x00000000ef300000)
 ParOldGen       total 84992K, used 1357K [0x00000000c0000000, 0x00000000c5300000, 0x00000000eab00000)
  object space 84992K, 1% used [0x00000000c0000000,0x00000000c0153720,0x00000000c5300000)
 Metaspace       used 6231K, capacity 7248K, committed 7424K, reserved 1056768K
  class space    used 610K, capacity 648K, committed 768K, reserved 1048576K

Card table byte_map: [0x0000000011620000,0x0000000011830000] byte_map_base: 0x0000000011020000

Marking Bits: (ParMarkBitMap*) 0x000000005d370600
 Begin Bits: [0x0000000012190000, 0x0000000013190000)
 End Bits:   [0x0000000013190000, 0x0000000014190000)

Polling page: 0x0000000000860000

CodeCache: size=245760Kb used=6317Kb max_used=6328Kb free=239442Kb
 bounds [0x0000000002260000, 0x00000000028a0000, 0x0000000011260000]
 total_blobs=1856 nmethods=1593 adapters=176
 compilation: enabled

Compilation events (10 events):
Event: 1.366 Thread 0x0000000016ca4000 nmethod 1598 0x0000000002880e90 code [0x0000000002880fe0, 0x00000000028810f0]
Event: 1.368 Thread 0x0000000016c9b800 nmethod 1577 0x0000000002892110 code [0x0000000002892280, 0x00000000028927d8]
Event: 1.368 Thread 0x0000000016c9b800 1596       4       com.android.dx.dex.code.OutputFinisher::findOpcodeForInsn (51 bytes)
Event: 1.369 Thread 0x0000000016ca4000 1599       3       com.android.dx.dex.code.form.Form11n::isCompatible (89 bytes)
Event: 1.370 Thread 0x0000000016ca4000 nmethod 1599 0x0000000002890c90 code [0x0000000002890ea0, 0x0000000002891da8]
Event: 1.370 Thread 0x0000000016ca4000 1600       3       com.android.dx.dex.code.InsnFormat::signedFitsInNibble (18 bytes)
Event: 1.370 Thread 0x0000000016ca4000 nmethod 1600 0x000000000288c190 code [0x000000000288c2e0, 0x000000000288c4b0]
Event: 1.370 Thread 0x0000000016c9b800 nmethod 1596 0x000000000288bd10 code [0x000000000288be60, 0x000000000288bfd8]
Event: 1.370 Thread 0x0000000016c9b800 1585       4       com.android.dx.rop.code.SourcePosition::equals (46 bytes)
Event: 1.370 Thread 0x0000000016c9b800 nmethod 1585 0x0000000002892d10 code [0x0000000002892e60, 0x0000000002892f18]

GC Heap History (2 events):
Event: 0.946 GC heap before
{Heap before GC invocations=1 (full 0):
 PSYoungGen      total 36864K, used 31744K [0x00000000eab00000, 0x00000000ed400000, 0x0000000100000000)
  eden space 31744K, 100% used [0x00000000eab00000,0x00000000eca00000,0x00000000eca00000)
  from space 5120K, 0% used [0x00000000ecf00000,0x00000000ecf00000,0x00000000ed400000)
  to   space 5120K, 0% used [0x00000000eca00000,0x00000000eca00000,0x00000000ecf00000)
 ParOldGen       total 84992K, used 0K [0x00000000c0000000, 0x00000000c5300000, 0x00000000eab00000)
  object space 84992K, 0% used [0x00000000c0000000,0x00000000c0000000,0x00000000c5300000)
 Metaspace       used 5848K, capacity 6896K, committed 7040K, reserved 1056768K
  class space    used 590K, capacity 616K, committed 640K, reserved 1048576K
Event: 0.978 GC heap after
Heap after GC invocations=1 (full 0):
 PSYoungGen      total 36864K, used 5096K [0x00000000eab00000, 0x00000000ef300000, 0x0000000100000000)
  eden space 31744K, 0% used [0x00000000eab00000,0x00000000eab00000,0x00000000eca00000)
  from space 5120K, 99% used [0x00000000eca00000,0x00000000ecefa088,0x00000000ecf00000)
  to   space 5120K, 0% used [0x00000000eee00000,0x00000000eee00000,0x00000000ef300000)
 ParOldGen       total 84992K, used 1357K [0x00000000c0000000, 0x00000000c5300000, 0x00000000eab00000)
  object space 84992K, 1% used [0x00000000c0000000,0x00000000c0153720,0x00000000c5300000)
 Metaspace       used 5848K, capacity 6896K, committed 7040K, reserved 1056768K
  class space    used 590K, capacity 616K, committed 640K, reserved 1048576K
}

Deoptimization events (10 events):
Event: 1.259 Thread 0x0000000016d7a800 Uncommon trap: reason=class_check action=maybe_recompile pc=0x00000000025fbbc4 method=java.util.HashMap.putVal(ILjava/lang/Object;Ljava/lang/Object;ZZ)Ljava/lang/Object; @ 203
Event: 1.259 Thread 0x0000000016d7a800 Uncommon trap: reason=class_check action=maybe_recompile pc=0x0000000002600c84 method=java.util.HashMap.putVal(ILjava/lang/Object;Ljava/lang/Object;ZZ)Ljava/lang/Object; @ 203
Event: 1.300 Thread 0x0000000016d7a800 Uncommon trap: reason=speculate_class_check action=maybe_recompile pc=0x000000000257c894 method=com.android.dx.util.FixedSizeList.equals(Ljava/lang/Object;)Z @ 25
Event: 1.300 Thread 0x0000000016d7a800 Uncommon trap: reason=class_check action=maybe_recompile pc=0x000000000257b214 method=java.util.Arrays.equals([Ljava/lang/Object;[Ljava/lang/Object;)Z @ 62
Event: 1.300 Thread 0x0000000016d7a800 Uncommon trap: reason=speculate_class_check action=maybe_recompile pc=0x000000000257c894 method=com.android.dx.util.FixedSizeList.equals(Ljava/lang/Object;)Z @ 25
Event: 1.300 Thread 0x0000000016d7a800 Uncommon trap: reason=class_check action=maybe_recompile pc=0x000000000257b214 method=java.util.Arrays.equals([Ljava/lang/Object;[Ljava/lang/Object;)Z @ 62
Event: 1.301 Thread 0x0000000016d7a800 Uncommon trap: reason=speculate_class_check action=maybe_recompile pc=0x000000000257c894 method=com.android.dx.util.FixedSizeList.equals(Ljava/lang/Object;)Z @ 25
Event: 1.301 Thread 0x0000000016d7a800 Uncommon trap: reason=class_check action=maybe_recompile pc=0x000000000257b214 method=java.util.Arrays.equals([Ljava/lang/Object;[Ljava/lang/Object;)Z @ 62
Event: 1.301 Thread 0x0000000016d7a800 Uncommon trap: reason=speculate_class_check action=maybe_recompile pc=0x000000000257c894 method=com.android.dx.util.FixedSizeList.equals(Ljava/lang/Object;)Z @ 25
Event: 1.301 Thread 0x0000000016d7a800 Uncommon trap: reason=class_check action=maybe_recompile pc=0x000000000257b214 method=java.util.Arrays.equals([Ljava/lang/Object;[Ljava/lang/Object;)Z @ 62

Internal exceptions (5 events):
Event: 0.068 Thread 0x0000000002160800 Exception <a 'java/lang/NoSuchMethodError': Method sun.misc.Unsafe.defineClass(Ljava/lang/String;[BII)Ljava/lang/Class; name or signature does not match> (0x00000000eab07cc0) thrown at [C:\re\workspace\8-2-build-windows-amd64-cygwin\jdk8u74\6087\hotspot\sr”4ôžt~±?
Event: 0.068 Thread 0x0000000002160800 Exception <a 'java/lang/NoSuchMethodError': Method sun.misc.Unsafe.prefetchRead(Ljava/lang/Object;J)V name or signature does not match> (0x00000000eab07fa8) thrown at [C:\re\workspace\8-2-build-windows-amd64-cygwin\jdk8u74\6087\hotspot\src\share\vm\prims\jY5Ób¸^ä?
Event: 0.637 Thread 0x0000000016d8b000 Implicit null exception at 0x000000000252ade4 to 0x000000000252c6bd
Event: 0.637 Thread 0x0000000016d8b000 Implicit null exception at 0x0000000002539091 to 0x000000000253a3b9
Event: 0.993 Thread 0x0000000016d7e000 Implicit null exception at 0x00000000026687a2 to 0x000000000266889a

Events (10 events):
Event: 1.301 Thread 0x0000000016d7a800 DEOPT UNPACKING pc=0x00000000022a582a sp=0x000000001a7fe960 mode 2
Event: 1.301 Thread 0x0000000016d7a800 Uncommon trap: trap_request=0xffffffde fr.pc=0x000000000257b214
Event: 1.301 Thread 0x0000000016d7a800 DEOPT PACKING pc=0x000000000257b214 sp=0x000000001a7fe930
Event: 1.301 Thread 0x0000000016d7a800 DEOPT UNPACKING pc=0x00000000022a582a sp=0x000000001a7fe8d0 mode 2
Event: 1.301 loading class com/android/dx/dex/code/CatchTable$Entry
Event: 1.301 loading class com/android/dx/dex/code/CatchTable$Entry done
Event: 1.301 loading class com/android/dx/util/ByteArrayAnnotatedOutput
Event: 1.301 loading class com/android/dx/util/ByteArrayAnnotatedOutput done
Event: 1.350 loading class com/android/dx/rop/code/RegisterSpecList$Expander
Event: 1.350 loading class com/android/dx/rop/code/RegisterSpecList$Expander done


Dynamic libraries:
0x00007ff670c70000 - 0x00007ff670ca7000 	C:\Program Files\Java\jdk1.8.0_74\bin\java.exe
0x00007ffae5f60000 - 0x00007ffae6131000 	C:\WINDOWS\SYSTEM32\ntdll.dll
0x00007ffae5eb0000 - 0x00007ffae5f5b000 	C:\WINDOWS\System32\KERNEL32.DLL
0x00007ffad3dd0000 - 0x00007ffad3e24000 	C:\Program Files (x86)\AVG\Av\avghooka.dll
0x00007ffae2fd0000 - 0x00007ffae31ed000 	C:\WINDOWS\System32\KERNELBASE.dll
0x00007ffae34d0000 - 0x00007ffae3572000 	C:\WINDOWS\System32\ADVAPI32.dll
0x00007ffae3eb0000 - 0x00007ffae3f4e000 	C:\WINDOWS\System32\msvcrt.dll
0x00007ffae4440000 - 0x00007ffae4499000 	C:\WINDOWS\System32\sechost.dll
0x00007ffae4250000 - 0x00007ffae4371000 	C:\WINDOWS\System32\RPCRT4.dll
0x00007ffae4510000 - 0x00007ffae4675000 	C:\WINDOWS\System32\USER32.dll
0x00007ffae2c70000 - 0x00007ffae2c8e000 	C:\WINDOWS\System32\win32u.dll
0x00007ffae35a0000 - 0x00007ffae35d4000 	C:\WINDOWS\System32\GDI32.dll
0x00007ffae2c90000 - 0x00007ffae2e12000 	C:\WINDOWS\System32\gdi32full.dll
0x00007ffad60f0000 - 0x00007ffad6369000 	C:\WINDOWS\WinSxS\amd64_microsoft.windows.common-controls_6595b64144ccf1df_6.0.14393.447_none_42191651c6827bb3\COMCTL32.dll
0x00007ffae3670000 - 0x00007ffae3937000 	C:\WINDOWS\System32\combase.dll
0x00007ffae2e20000 - 0x00007ffae2f15000 	C:\WINDOWS\System32\ucrtbase.dll
0x00007ffae31f0000 - 0x00007ffae325a000 	C:\WINDOWS\System32\bcryptPrimitives.dll
0x00007ffae35e0000 - 0x00007ffae360e000 	C:\WINDOWS\System32\IMM32.DLL
0x000000005dc10000 - 0x000000005dce2000 	C:\Program Files\Java\jdk1.8.0_74\jre\bin\msvcr100.dll
0x000000005cb60000 - 0x000000005d3f0000 	C:\Program Files\Java\jdk1.8.0_74\jre\bin\server\jvm.dll
0x00007ffae4380000 - 0x00007ffae4388000 	C:\WINDOWS\System32\PSAPI.DLL
0x00007ffad8140000 - 0x00007ffad8149000 	C:\WINDOWS\SYSTEM32\WSOCK32.dll
0x00007ffae3940000 - 0x00007ffae39aa000 	C:\WINDOWS\System32\WS2_32.dll
0x00007ffae0870000 - 0x00007ffae0893000 	C:\WINDOWS\SYSTEM32\WINMM.dll
0x00007ffaddef0000 - 0x00007ffaddefa000 	C:\WINDOWS\SYSTEM32\VERSION.dll
0x00007ffae0840000 - 0x00007ffae086b000 	C:\WINDOWS\SYSTEM32\WINMMBASE.dll
0x00007ffae2c20000 - 0x00007ffae2c62000 	C:\WINDOWS\System32\cfgmgr32.dll
0x000000005f1d0000 - 0x000000005f1df000 	C:\Program Files\Java\jdk1.8.0_74\jre\bin\verify.dll
0x000000005f0b0000 - 0x000000005f0d9000 	C:\Program Files\Java\jdk1.8.0_74\jre\bin\java.dll
0x000000005f090000 - 0x000000005f0a6000 	C:\Program Files\Java\jdk1.8.0_74\jre\bin\zip.dll
0x00007ffae49a0000 - 0x00007ffae5ea9000 	C:\WINDOWS\System32\SHELL32.dll
0x00007ffae2540000 - 0x00007ffae2c1a000 	C:\WINDOWS\System32\windows.storage.dll
0x00007ffae23c0000 - 0x00007ffae240c000 	C:\WINDOWS\System32\powrprof.dll
0x00007ffae4840000 - 0x00007ffae4892000 	C:\WINDOWS\System32\shlwapi.dll
0x00007ffae23b0000 - 0x00007ffae23bf000 	C:\WINDOWS\System32\kernel.appcore.dll
0x00007ffae2430000 - 0x00007ffae24d9000 	C:\WINDOWS\System32\shcore.dll
0x00007ffae2410000 - 0x00007ffae2424000 	C:\WINDOWS\System32\profapi.dll

VM Arguments:
jvm_args: -Djava.awt.headless=true -Xmx1024M -Dfile.encoding=windows-1251 -Duser.country=RU -Duser.language=ru -Duser.variant 
java_command: com.android.dx.command.Main --dex --force-jumbo --num-threads=4 --multi-dex --output D:\Android\WorkSpace\BeerMap\app\build\intermediates\transforms\dex\debug\folders\1000\10\com.android.support-support-core-utils-24.2.1_46931e1ac8dc099c2926f0d6ea651ba7961bbcdf D:\Android\WorkSpace\BeerMap\app\build\intermediates\exploded-aar\com.android.support\support-core-utils\24.2.1\jars\classes.jar
java_class_path (initial): D:\Android\SDK\build-tools\24.0.2\lib\dx.jar
Launcher Type: SUN_STANDARD

Environment Variables:
JAVA_HOME=C:\Program Files\Java\jdk1.8.0_74
PATH=C:\ProgramData\Oracle\Java\javapath;C:\Program Files (x86)\NVIDIA Corporation\PhysX\Common;C:\Program Files (x86)\Intel\iCLS Client\;C:\Program Files\Intel\iCLS Client\;C:\WINDOWS\system32;C:\WINDOWS;C:\WINDOWS\System32\Wbem;C:\WINDOWS\System32\WindowsPowerShell\v1.0\;C:\Program Files (x86)\Intel\OpenCL SDK\3.0\bin\x86;C:\Program Files (x86)\Intel\OpenCL SDK\3.0\bin\x64;C:\Program Files\Intel\Intel(R) Management Engine Components\DAL;C:\Program Files\Intel\Intel(R) Management Engine Components\IPT;C:\Program Files (x86)\Intel\Intel(R) Management Engine Components\DAL;C:\Program Files (x86)\Intel\Intel(R) Management Engine Components\IPT;C:\Program Files\OpenVPN\bin;C:\Program Files (x86)\Skype\Phone\;C:\Users\Admin\AppData\Local\Android\sdk\platform-tools;C:\Users\Admin\AppData\Local\Android\sdk\tools;C:\Users\Admin\AppData\Local\Microsoft\WindowsApps;
USERNAME=Admin
OS=Windows_NT
PROCESSOR_IDENTIFIER=Intel64 Family 6 Model 60 Stepping 3, GenuineIntel



---------------  S Y S T E M  ---------------

OS: Windows 10.0 , 64 bit Build 14393 (10.0.14393.0)

CPU:total 8 (4 cores per cpu, 2 threads per core) family 6 model 60 stepping 3, cmov, cx8, fxsr, mmx, sse, sse2, sse3, ssse3, sse4.1, sse4.2, popcnt, avx, avx2, aes, clmul, erms, lzcnt, ht, tsc, tscinvbit, bmi1, bmi2

Memory: 4k page, physical 8061740k(1989016k free), swap 10621740k(5688k free)

vm_info: Java HotSpot(TM) 64-Bit Server VM (25.74-b02) for windows-amd64 JRE (1.8.0_74-b02), built on Jan 29 2016 17:42:36 by "java_re" with MS VC++ 10.0 (VS2010)

time: Mon Nov 28 22:14:28 2016
elapsed time: 1 seconds (0d 0h 0m 1s)

