#
# There is insufficient memory for the Java Runtime Environment to continue.
# Native memory allocation (malloc) failed to allocate 1462976 bytes for Chunk::new
# Possible reasons:
#   The system is out of physical RAM or swap space
#   In 32 bit mode, the process size limit was hit
# Possible solutions:
#   Reduce memory load on the system
#   Increase physical memory or swap space
#   Check if swap backing store is full
#   Use 64 bit Java on a 64 bit OS
#   Decrease Java heap size (-Xmx/-Xms)
#   Decrease number of Java threads
#   Decrease Java thread stack sizes (-Xss)
#   Set larger code cache with -XX:ReservedCodeCacheSize=
# This output file may be truncated or incomplete.
#
#  Out of Memory Error (allocation.cpp:390), pid=10592, tid=2708
#
# JRE version: Java(TM) SE Runtime Environment (8.0_74-b02) (build 1.8.0_74-b02)
# Java VM: Java HotSpot(TM) 64-Bit Server VM (25.74-b02 mixed mode windows-amd64 compressed oops)
# Failed to write core dump. Minidumps are not enabled by default on client versions of Windows
#

---------------  T H R E A D  ---------------

Current thread (0x0000000017a38800):  JavaThread "C2 CompilerThread0" daemon [_thread_in_native, id=2708, stack(0x0000000018200000,0x0000000018300000)]

Stack: [0x0000000018200000,0x0000000018300000]
[error occurred during error reporting (printing stack bounds), id 0xc0000005]

Native frames: (J=compiled Java code, j=interpreted, Vv=VM code, C=native code)


Current CompileTask:
C2:   3965 1996   !   4       com.android.dx.cf.cst.ConstantPoolParser::parse0 (731 bytes)


---------------  P R O C E S S  ---------------

Java Threads: ( => current thread )
  0x0000000017dcc000 JavaThread "pool-1-thread-4" [_thread_blocked, id=13804, stack(0x0000000019400000,0x0000000019500000)]
  0x0000000017dcb000 JavaThread "pool-1-thread-3" [_thread_blocked, id=5608, stack(0x0000000019300000,0x0000000019400000)]
  0x0000000017dc7000 JavaThread "pool-1-thread-2" [_thread_in_Java, id=15104, stack(0x0000000019200000,0x0000000019300000)]
  0x0000000017cfd800 JavaThread "pool-2-thread-1" [_thread_blocked, id=18180, stack(0x0000000019100000,0x0000000019200000)]
  0x0000000017cfd000 JavaThread "pool-1-thread-1" [_thread_blocked, id=17992, stack(0x0000000019000000,0x0000000019100000)]
  0x0000000017ac8000 JavaThread "Service Thread" daemon [_thread_blocked, id=17432, stack(0x0000000018600000,0x0000000018700000)]
  0x0000000017a8b800 JavaThread "C1 CompilerThread3" daemon [_thread_blocked, id=17984, stack(0x0000000018500000,0x0000000018600000)]
  0x0000000017a6e800 JavaThread "C2 CompilerThread2" daemon [_thread_in_native, id=11800, stack(0x0000000018400000,0x0000000018500000)]
  0x0000000017a3c800 JavaThread "C2 CompilerThread1" daemon [_thread_in_native, id=11640, stack(0x0000000018300000,0x0000000018400000)]
=>0x0000000017a38800 JavaThread "C2 CompilerThread0" daemon [_thread_in_native, id=2708, stack(0x0000000018200000,0x0000000018300000)]
  0x0000000017a37000 JavaThread "Attach Listener" daemon [_thread_blocked, id=6972, stack(0x0000000018100000,0x0000000018200000)]
  0x0000000017a36000 JavaThread "Signal Dispatcher" daemon [_thread_blocked, id=18956, stack(0x0000000018000000,0x0000000018100000)]
  0x0000000017a30800 JavaThread "Finalizer" daemon [_thread_blocked, id=704, stack(0x0000000017e10000,0x0000000017f10000)]
  0x0000000002ff4000 JavaThread "Reference Handler" daemon [_thread_blocked, id=6408, stack(0x0000000017910000,0x0000000017a10000)]
  0x0000000002f00800 JavaThread "main" [_thread_in_Java, id=4520, stack(0x0000000002e00000,0x0000000002f00000)]

Other Threads:
  0x0000000015b18800 VMThread [stack: 0x0000000017810000,0x0000000017910000] [id=15316]
  0x0000000017aca800 WatcherThread [stack: 0x0000000018700000,0x0000000018800000] [id=17064]

VM state:not at safepoint (normal execution)

VM Mutex/Monitor currently owned by a thread: None

Heap:
 PSYoungGen      total 132096K, used 16362K [0x00000000eab00000, 0x00000000f3100000, 0x0000000100000000)
  eden space 126976K, 8% used [0x00000000eab00000,0x00000000eb5fc5e8,0x00000000f2700000)
  from space 5120K, 99% used [0x00000000f2c00000,0x00000000f30fe420,0x00000000f3100000)
  to   space 5120K, 0% used [0x00000000f2700000,0x00000000f2700000,0x00000000f2c00000)
 ParOldGen       total 84992K, used 22767K [0x00000000c0000000, 0x00000000c5300000, 0x00000000eab00000)
  object space 84992K, 26% used [0x00000000c0000000,0x00000000c163bee8,0x00000000c5300000)
 Metaspace       used 6275K, capacity 7216K, committed 7296K, reserved 1056768K
  class space    used 593K, capacity 616K, committed 640K, reserved 1048576K

Card table byte_map: [0x00000000123c0000,0x00000000125d0000] byte_map_base: 0x0000000011dc0000

Marking Bits: (ParMarkBitMap*) 0x000000005d370600
 Begin Bits: [0x0000000012f30000, 0x0000000013f30000)
 End Bits:   [0x0000000013f30000, 0x0000000014f30000)

Polling page: 0x0000000002cf0000

CodeCache: size=245760Kb used=8876Kb max_used=8876Kb free=236883Kb
 bounds [0x0000000003000000, 0x00000000038c0000, 0x0000000012000000]
 total_blobs=2248 nmethods=1984 adapters=176
 compilation: enabled

Compilation events (10 events):
Event: 3.948 Thread 0x0000000017a8b800 nmethod 2058 0x0000000003877790 code [0x0000000003877920, 0x0000000003877d98]
Event: 3.952 Thread 0x0000000017a8b800 2059   !   3       com.android.dx.dex.cf.CfTranslator::processFields (251 bytes)
Event: 3.955 Thread 0x0000000017a8b800 nmethod 2059 0x00000000038991d0 code [0x00000000038996e0, 0x000000000389cae8]
Event: 3.955 Thread 0x0000000017a8b800 2060   !   3       com.android.dx.cf.cst.ConstantPoolParser::determineOffsets (285 bytes)
Event: 3.956 Thread 0x0000000017a8b800 nmethod 2060 0x000000000389f0d0 code [0x000000000389f460, 0x00000000038a0f58]
Event: 3.956 Thread 0x0000000017a8b800 2064       3       com.android.dx.dex.cf.AttributeTranslator::translateInnerClasses (356 bytes)
Event: 3.959 Thread 0x0000000017a8b800 nmethod 2064 0x00000000038a2310 code [0x00000000038a2920, 0x00000000038a6d58]
Event: 3.959 Thread 0x0000000017a8b800 2065       3       com.android.dx.dex.cf.CfTranslator::translate0 (259 bytes)
Event: 3.962 Thread 0x0000000017a8b800 nmethod 2065 0x00000000038a99d0 code [0x00000000038a9e40, 0x00000000038accb8]
Event: 3.962 Thread 0x0000000017a8b800 2061       3       com.android.dx.cf.direct.AnnotationParser::parseAnnotations (143 bytes)

GC Heap History (8 events):
Event: 0.570 GC heap before
{Heap before GC invocations=1 (full 0):
 PSYoungGen      total 36864K, used 31744K [0x00000000eab00000, 0x00000000ed400000, 0x0000000100000000)
  eden space 31744K, 100% used [0x00000000eab00000,0x00000000eca00000,0x00000000eca00000)
  from space 5120K, 0% used [0x00000000ecf00000,0x00000000ecf00000,0x00000000ed400000)
  to   space 5120K, 0% used [0x00000000eca00000,0x00000000eca00000,0x00000000ecf00000)
 ParOldGen       total 84992K, used 0K [0x00000000c0000000, 0x00000000c5300000, 0x00000000eab00000)
  object space 84992K, 0% used [0x00000000c0000000,0x00000000c0000000,0x00000000c5300000)
 Metaspace       used 5795K, capacity 6832K, committed 7040K, reserved 1056768K
  class space    used 592K, capacity 616K, committed 640K, reserved 1048576K
Event: 0.579 GC heap after
Heap after GC invocations=1 (full 0):
 PSYoungGen      total 36864K, used 5105K [0x00000000eab00000, 0x00000000ef300000, 0x0000000100000000)
  eden space 31744K, 0% used [0x00000000eab00000,0x00000000eab00000,0x00000000eca00000)
  from space 5120K, 99% used [0x00000000eca00000,0x00000000ecefc750,0x00000000ecf00000)
  to   space 5120K, 0% used [0x00000000eee00000,0x00000000eee00000,0x00000000ef300000)
 ParOldGen       total 84992K, used 466K [0x00000000c0000000, 0x00000000c5300000, 0x00000000eab00000)
  object space 84992K, 0% used [0x00000000c0000000,0x00000000c0074988,0x00000000c5300000)
 Metaspace       used 5795K, capacity 6832K, committed 7040K, reserved 1056768K
  class space    used 592K, capacity 616K, committed 640K, reserved 1048576K
}
Event: 0.794 GC heap before
{Heap before GC invocations=2 (full 0):
 PSYoungGen      total 36864K, used 36849K [0x00000000eab00000, 0x00000000ef300000, 0x0000000100000000)
  eden space 31744K, 100% used [0x00000000eab00000,0x00000000eca00000,0x00000000eca00000)
  from space 5120K, 99% used [0x00000000eca00000,0x00000000ecefc750,0x00000000ecf00000)
  to   space 5120K, 0% used [0x00000000eee00000,0x00000000eee00000,0x00000000ef300000)
 ParOldGen       total 84992K, used 466K [0x00000000c0000000, 0x00000000c5300000, 0x00000000eab00000)
  object space 84992K, 0% used [0x00000000c0000000,0x00000000c0074988,0x00000000c5300000)
 Metaspace       used 6050K, capacity 7088K, committed 7296K, reserved 1056768K
  class space    used 592K, capacity 616K, committed 640K, reserved 1048576K
Event: 0.874 GC heap after
Heap after GC invocations=2 (full 0):
 PSYoungGen      total 68608K, used 5098K [0x00000000eab00000, 0x00000000ef300000, 0x0000000100000000)
  eden space 63488K, 0% used [0x00000000eab00000,0x00000000eab00000,0x00000000ee900000)
  from space 5120K, 99% used [0x00000000eee00000,0x00000000ef2faab8,0x00000000ef300000)
  to   space 5120K, 0% used [0x00000000ee900000,0x00000000ee900000,0x00000000eee00000)
 ParOldGen       total 84992K, used 3978K [0x00000000c0000000, 0x00000000c5300000, 0x00000000eab00000)
  object space 84992K, 4% used [0x00000000c0000000,0x00000000c03e29d0,0x00000000c5300000)
 Metaspace       used 6050K, capacity 7088K, committed 7296K, reserved 1056768K
  class space    used 592K, capacity 616K, committed 640K, reserved 1048576K
}
Event: 1.834 GC heap before
{Heap before GC invocations=3 (full 0):
 PSYoungGen      total 68608K, used 68586K [0x00000000eab00000, 0x00000000ef300000, 0x0000000100000000)
  eden space 63488K, 100% used [0x00000000eab00000,0x00000000ee900000,0x00000000ee900000)
  from space 5120K, 99% used [0x00000000eee00000,0x00000000ef2faab8,0x00000000ef300000)
  to   space 5120K, 0% used [0x00000000ee900000,0x00000000ee900000,0x00000000eee00000)
 ParOldGen       total 84992K, used 3978K [0x00000000c0000000, 0x00000000c5300000, 0x00000000eab00000)
  object space 84992K, 4% used [0x00000000c0000000,0x00000000c03e29d0,0x00000000c5300000)
 Metaspace       used 6193K, capacity 7152K, committed 7296K, reserved 1056768K
  class space    used 592K, capacity 616K, committed 640K, reserved 1048576K
Event: 1.989 GC heap after
Heap after GC invocations=3 (full 0):
 PSYoungGen      total 68608K, used 5120K [0x00000000eab00000, 0x00000000f3100000, 0x0000000100000000)
  eden space 63488K, 0% used [0x00000000eab00000,0x00000000eab00000,0x00000000ee900000)
  from space 5120K, 100% used [0x00000000ee900000,0x00000000eee00000,0x00000000eee00000)
  to   space 5120K, 0% used [0x00000000f2c00000,0x00000000f2c00000,0x00000000f3100000)
 ParOldGen       total 84992K, used 13359K [0x00000000c0000000, 0x00000000c5300000, 0x00000000eab00000)
  object space 84992K, 15% used [0x00000000c0000000,0x00000000c0d0bcb8,0x00000000c5300000)
 Metaspace       used 6193K, capacity 7152K, committed 7296K, reserved 1056768K
  class space    used 592K, capacity 616K, committed 640K, reserved 1048576K
}
Event: 3.686 GC heap before
{Heap before GC invocations=4 (full 0):
 PSYoungGen      total 68608K, used 68608K [0x00000000eab00000, 0x00000000f3100000, 0x0000000100000000)
  eden space 63488K, 100% used [0x00000000eab00000,0x00000000ee900000,0x00000000ee900000)
  from space 5120K, 100% used [0x00000000ee900000,0x00000000eee00000,0x00000000eee00000)
  to   space 5120K, 0% used [0x00000000f2c00000,0x00000000f2c00000,0x00000000f3100000)
 ParOldGen       total 84992K, used 13359K [0x00000000c0000000, 0x00000000c5300000, 0x00000000eab00000)
  object space 84992K, 15% used [0x00000000c0000000,0x00000000c0d0bcb8,0x00000000c5300000)
 Metaspace       used 6261K, capacity 7216K, committed 7296K, reserved 1056768K
  class space    used 593K, capacity 616K, committed 640K, reserved 1048576K
Event: 3.815 GC heap after
Heap after GC invocations=4 (full 0):
 PSYoungGen      total 132096K, used 5113K [0x00000000eab00000, 0x00000000f3100000, 0x0000000100000000)
  eden space 126976K, 0% used [0x00000000eab00000,0x00000000eab00000,0x00000000f2700000)
  from space 5120K, 99% used [0x00000000f2c00000,0x00000000f30fe420,0x00000000f3100000)
  to   space 5120K, 0% used [0x00000000f2700000,0x00000000f2700000,0x00000000f2c00000)
 ParOldGen       total 84992K, used 22767K [0x00000000c0000000, 0x00000000c5300000, 0x00000000eab00000)
  object space 84992K, 26% used [0x00000000c0000000,0x00000000c163bee8,0x00000000c5300000)
 Metaspace       used 6261K, capacity 7216K, committed 7296K, reserved 1056768K
  class space    used 593K, capacity 616K, committed 640K, reserved 1048576K
}

Deoptimization events (10 events):
Event: 1.677 Thread 0x0000000017cfd000 Uncommon trap: reason=bimorphic action=maybe_recompile pc=0x000000000331fbbc method=java.util.HashMap.putVal(ILjava/lang/Object;Ljava/lang/Object;ZZ)Ljava/lang/Object; @ 91
Event: 1.677 Thread 0x0000000017cfd000 Uncommon trap: reason=bimorphic action=maybe_recompile pc=0x000000000331fbbc method=java.util.HashMap.putVal(ILjava/lang/Object;Ljava/lang/Object;ZZ)Ljava/lang/Object; @ 91
Event: 1.677 Thread 0x0000000017cfd000 Uncommon trap: reason=bimorphic action=maybe_recompile pc=0x000000000331fbbc method=java.util.HashMap.putVal(ILjava/lang/Object;Ljava/lang/Object;ZZ)Ljava/lang/Object; @ 91
Event: 1.677 Thread 0x0000000017cfd000 Uncommon trap: reason=bimorphic action=maybe_recompile pc=0x000000000331fbbc method=java.util.HashMap.putVal(ILjava/lang/Object;Ljava/lang/Object;ZZ)Ljava/lang/Object; @ 91
Event: 1.680 Thread 0x0000000017cfd000 Uncommon trap: reason=bimorphic action=maybe_recompile pc=0x0000000003626da0 method=com.android.dx.ssa.LiteralOpUpgrader.tryReplacingWithConstant(Lcom/android/dx/ssa/NormalSsaInsn;)Z @ 62
Event: 1.771 Thread 0x0000000017dcb000 Uncommon trap: reason=bimorphic action=maybe_recompile pc=0x00000000032c644c method=java.util.HashMap.getNode(ILjava/lang/Object;)Ljava/util/HashMap$Node; @ 126
Event: 1.777 Thread 0x0000000017dcb000 Uncommon trap: reason=bimorphic action=maybe_recompile pc=0x00000000032c644c method=java.util.HashMap.getNode(ILjava/lang/Object;)Ljava/util/HashMap$Node; @ 126
Event: 2.542 Thread 0x0000000002f00800 Uncommon trap: reason=unloaded action=reinterpret pc=0x00000000036fc9ac method=com.android.dx.cf.cst.ConstantPoolParser.parse0(ILjava/util/BitSet;)Lcom/android/dx/rop/cst/Constant; @ 220
Event: 3.178 Thread 0x0000000017dcc000 Uncommon trap: reason=unstable_if action=reinterpret pc=0x00000000032c642c method=java.util.HashMap.getNode(ILjava/lang/Object;)Ljava/util/HashMap$Node; @ 84
Event: 3.209 Thread 0x0000000017dcc000 Uncommon trap: reason=unstable_if action=reinterpret pc=0x00000000037fb29c method=java.util.HashMap.putVal(ILjava/lang/Object;Ljava/lang/Object;ZZ)Ljava/lang/Object; @ 109

Internal exceptions (5 events):
Event: 0.068 Thread 0x0000000002f00800 Exception <a 'java/lang/NoSuchMethodError': Method sun.misc.Unsafe.defineClass(Ljava/lang/String;[BII)Ljava/lang/Class; name or signature does not match> (0x00000000eab07cc0) thrown at [C:\re\workspace\8-2-build-windows-amd64-cygwin\jdk8u74\6087\hotspot\srí!ã†ˆŠ±?
Event: 0.069 Thread 0x0000000002f00800 Exception <a 'java/lang/NoSuchMethodError': Method sun.misc.Unsafe.prefetchRead(Ljava/lang/Object;J)V name or signature does not match> (0x00000000eab07fa8) thrown at [C:\re\workspace\8-2-build-windows-amd64-cygwin\jdk8u74\6087\hotspot\src\share\vm\prims\jËÀ€öƒàä?
Event: 0.652 Thread 0x0000000002f00800 Implicit null exception at 0x000000000332e7e0 to 0x000000000332f945
Event: 0.653 Thread 0x0000000002f00800 Implicit null exception at 0x0000000003306b44 to 0x0000000003307a65
Event: 0.879 Thread 0x0000000017dcc000 Implicit null exception at 0x0000000003281162 to 0x000000000328125a

Events (10 events):
Event: 3.632 loading class com/android/dx/cf/iface/ParseObserver
Event: 3.632 loading class com/android/dx/cf/iface/ParseObserver done
Event: 3.647 Thread 0x0000000017cfd000 DEOPT PACKING pc=0x00000000032b21f8 sp=0x00000000190fe6a0
Event: 3.647 Thread 0x0000000017cfd000 DEOPT UNPACKING pc=0x000000000304787f sp=0x00000000190fe480 mode 0
Event: 3.686 Executing VM operation: ParallelGCFailedAllocation
Event: 3.815 Executing VM operation: ParallelGCFailedAllocation done
Event: 3.953 Thread 0x0000000002f00800 DEOPT PACKING pc=0x00000000035a4121 sp=0x0000000002efe5e0
Event: 3.953 Thread 0x0000000002f00800 DEOPT UNPACKING pc=0x000000000304787f sp=0x0000000002efe3a0 mode 0
Event: 3.957 Thread 0x0000000017dcc000 DEOPT PACKING pc=0x00000000035a9ae9 sp=0x00000000194feec0
Event: 3.957 Thread 0x0000000017dcc000 DEOPT UNPACKING pc=0x000000000304787f sp=0x00000000194fecc8 mode 0


Dynamic libraries:
0x00007ff670c70000 - 0x00007ff670ca7000 	C:\Program Files\Java\jdk1.8.0_74\bin\java.exe
0x00007ffae5f60000 - 0x00007ffae6131000 	C:\WINDOWS\SYSTEM32\ntdll.dll
0x00007ffae5eb0000 - 0x00007ffae5f5b000 	C:\WINDOWS\System32\KERNEL32.DLL
0x00007ffad3dd0000 - 0x00007ffad3e24000 	C:\Program Files (x86)\AVG\Av\avghooka.dll
0x00007ffae2fd0000 - 0x00007ffae31ed000 	C:\WINDOWS\System32\KERNELBASE.dll
0x00007ffae34d0000 - 0x00007ffae3572000 	C:\WINDOWS\System32\ADVAPI32.dll
0x00007ffae3eb0000 - 0x00007ffae3f4e000 	C:\WINDOWS\System32\msvcrt.dll
0x00007ffae4440000 - 0x00007ffae4499000 	C:\WINDOWS\System32\sechost.dll
0x00007ffae4250000 - 0x00007ffae4371000 	C:\WINDOWS\System32\RPCRT4.dll
0x00007ffae4510000 - 0x00007ffae4675000 	C:\WINDOWS\System32\USER32.dll
0x00007ffae2c70000 - 0x00007ffae2c8e000 	C:\WINDOWS\System32\win32u.dll
0x00007ffae35a0000 - 0x00007ffae35d4000 	C:\WINDOWS\System32\GDI32.dll
0x00007ffae2c90000 - 0x00007ffae2e12000 	C:\WINDOWS\System32\gdi32full.dll
0x00007ffad60f0000 - 0x00007ffad6369000 	C:\WINDOWS\WinSxS\amd64_microsoft.windows.common-controls_6595b64144ccf1df_6.0.14393.447_none_42191651c6827bb3\COMCTL32.dll
0x00007ffae3670000 - 0x00007ffae3937000 	C:\WINDOWS\System32\combase.dll
0x00007ffae2e20000 - 0x00007ffae2f15000 	C:\WINDOWS\System32\ucrtbase.dll
0x00007ffae31f0000 - 0x00007ffae325a000 	C:\WINDOWS\System32\bcryptPrimitives.dll
0x00007ffae35e0000 - 0x00007ffae360e000 	C:\WINDOWS\System32\IMM32.DLL
0x000000005dc10000 - 0x000000005dce2000 	C:\Program Files\Java\jdk1.8.0_74\jre\bin\msvcr100.dll
0x000000005cb60000 - 0x000000005d3f0000 	C:\Program Files\Java\jdk1.8.0_74\jre\bin\server\jvm.dll
0x00007ffae4380000 - 0x00007ffae4388000 	C:\WINDOWS\System32\PSAPI.DLL
0x00007ffad8140000 - 0x00007ffad8149000 	C:\WINDOWS\SYSTEM32\WSOCK32.dll
0x00007ffae3940000 - 0x00007ffae39aa000 	C:\WINDOWS\System32\WS2_32.dll
0x00007ffae0870000 - 0x00007ffae0893000 	C:\WINDOWS\SYSTEM32\WINMM.dll
0x00007ffaddef0000 - 0x00007ffaddefa000 	C:\WINDOWS\SYSTEM32\VERSION.dll
0x00007ffae0840000 - 0x00007ffae086b000 	C:\WINDOWS\SYSTEM32\WINMMBASE.dll
0x00007ffae2c20000 - 0x00007ffae2c62000 	C:\WINDOWS\System32\cfgmgr32.dll
0x000000005f1d0000 - 0x000000005f1df000 	C:\Program Files\Java\jdk1.8.0_74\jre\bin\verify.dll
0x000000005f0b0000 - 0x000000005f0d9000 	C:\Program Files\Java\jdk1.8.0_74\jre\bin\java.dll
0x000000005f090000 - 0x000000005f0a6000 	C:\Program Files\Java\jdk1.8.0_74\jre\bin\zip.dll
0x00007ffae49a0000 - 0x00007ffae5ea9000 	C:\WINDOWS\System32\SHELL32.dll
0x00007ffae2540000 - 0x00007ffae2c1a000 	C:\WINDOWS\System32\windows.storage.dll
0x00007ffae23c0000 - 0x00007ffae240c000 	C:\WINDOWS\System32\powrprof.dll
0x00007ffae4840000 - 0x00007ffae4892000 	C:\WINDOWS\System32\shlwapi.dll
0x00007ffae23b0000 - 0x00007ffae23bf000 	C:\WINDOWS\System32\kernel.appcore.dll
0x00007ffae2430000 - 0x00007ffae24d9000 	C:\WINDOWS\System32\shcore.dll
0x00007ffae2410000 - 0x00007ffae2424000 	C:\WINDOWS\System32\profapi.dll

VM Arguments:
jvm_args: -Djava.awt.headless=true -Xmx1024M -Dfile.encoding=windows-1251 -Duser.country=RU -Duser.language=ru -Duser.variant 
java_command: com.android.dx.command.Main --dex --num-threads=4 --output D:\Android\WorkSpace\BeerMap\app\build\intermediates\pre-dexed\debug\com.android.support-support-compat-24.2.1_506227961e281edc9954f54d73be7a1691cae55b.jar D:\Android\WorkSpace\BeerMap\app\build\intermediates\exploded-aar\com.android.support\support-compat\24.2.1\jars\classes.jar
java_class_path (initial): D:\Android\SDK\build-tools\24.0.2\lib\dx.jar
Launcher Type: SUN_STANDARD

Environment Variables:
JAVA_HOME=C:\Program Files\Java\jdk1.8.0_74
PATH=C:\ProgramData\Oracle\Java\javapath;C:\Program Files (x86)\NVIDIA Corporation\PhysX\Common;C:\Program Files (x86)\Intel\iCLS Client\;C:\Program Files\Intel\iCLS Client\;C:\WINDOWS\system32;C:\WINDOWS;C:\WINDOWS\System32\Wbem;C:\WINDOWS\System32\WindowsPowerShell\v1.0\;C:\Program Files (x86)\Intel\OpenCL SDK\3.0\bin\x86;C:\Program Files (x86)\Intel\OpenCL SDK\3.0\bin\x64;C:\Program Files\Intel\Intel(R) Management Engine Components\DAL;C:\Program Files\Intel\Intel(R) Management Engine Components\IPT;C:\Program Files (x86)\Intel\Intel(R) Management Engine Components\DAL;C:\Program Files (x86)\Intel\Intel(R) Management Engine Components\IPT;C:\Program Files\OpenVPN\bin;C:\Program Files (x86)\Skype\Phone\;C:\Users\Admin\AppData\Local\Android\sdk\platform-tools;C:\Users\Admin\AppData\Local\Android\sdk\tools;C:\Users\Admin\AppData\Local\Microsoft\WindowsApps;
USERNAME=Admin
OS=Windows_NT
PROCESSOR_IDENTIFIER=Intel64 Family 6 Model 60 Stepping 3, GenuineIntel



---------------  S Y S T E M  ---------------

OS: Windows 10.0 , 64 bit Build 14393 (10.0.14393.0)

CPU:total 8 (4 cores per cpu, 2 threads per core) family 6 model 60 stepping 3, cmov, cx8, fxsr, mmx, sse, sse2, sse3, ssse3, sse4.1, sse4.2, popcnt, avx, avx2, aes, clmul, erms, lzcnt, ht, tsc, tscinvbit, bmi1, bmi2

Memory: 4k page, physical 8061740k(1490140k free), swap 10621740k(6048k free)

vm_info: Java HotSpot(TM) 64-Bit Server VM (25.74-b02) for windows-amd64 JRE (1.8.0_74-b02), built on Jan 29 2016 17:42:36 by "java_re" with MS VC++ 10.0 (VS2010)

time: Mon Nov 28 23:13:07 2016
elapsed time: 3 seconds (0d 0h 0m 3s)

