#
# There is insufficient memory for the Java Runtime Environment to continue.
# Native memory allocation (malloc) failed to allocate 1133904 bytes for Chunk::new
# Possible reasons:
#   The system is out of physical RAM or swap space
#   In 32 bit mode, the process size limit was hit
# Possible solutions:
#   Reduce memory load on the system
#   Increase physical memory or swap space
#   Check if swap backing store is full
#   Use 64 bit Java on a 64 bit OS
#   Decrease Java heap size (-Xmx/-Xms)
#   Decrease number of Java threads
#   Decrease Java thread stack sizes (-Xss)
#   Set larger code cache with -XX:ReservedCodeCacheSize=
# This output file may be truncated or incomplete.
#
#  Out of Memory Error (allocation.cpp:390), pid=14704, tid=2616
#
# JRE version: Java(TM) SE Runtime Environment (8.0_74-b02) (build 1.8.0_74-b02)
# Java VM: Java HotSpot(TM) 64-Bit Server VM (25.74-b02 mixed mode windows-amd64 compressed oops)
# Failed to write core dump. Minidumps are not enabled by default on client versions of Windows
#

---------------  T H R E A D  ---------------

Current thread (0x0000000016b59000):  JavaThread "C2 CompilerThread0" daemon [_thread_in_native, id=2616, stack(0x0000000017320000,0x0000000017420000)]

Stack: [0x0000000017320000,0x0000000017420000]
[error occurred during error reporting (printing stack bounds), id 0xc0000005]

Native frames: (J=compiled Java code, j=interpreted, Vv=VM code, C=native code)


Current CompileTask:
C2:   5832 1969   !   4       com.android.dx.cf.cst.ConstantPoolParser::parse0 (731 bytes)


---------------  P R O C E S S  ---------------

Java Threads: ( => current thread )
  0x000000001794a000 JavaThread "pool-1-thread-4" [_thread_in_Java, id=16624, stack(0x0000000018520000,0x0000000018620000)]
  0x0000000017983000 JavaThread "pool-1-thread-3" [_thread_blocked, id=16052, stack(0x0000000018420000,0x0000000018520000)]
  0x0000000017982000 JavaThread "pool-1-thread-2" [_thread_blocked, id=6796, stack(0x0000000018320000,0x0000000018420000)]
  0x000000001797d800 JavaThread "pool-2-thread-1" [_thread_blocked, id=2844, stack(0x0000000018220000,0x0000000018320000)]
  0x0000000016f20800 JavaThread "pool-1-thread-1" [_thread_blocked, id=9752, stack(0x0000000018120000,0x0000000018220000)]
  0x0000000016c01000 JavaThread "Service Thread" daemon [_thread_blocked, id=6272, stack(0x0000000017720000,0x0000000017820000)]
  0x0000000014c7e000 JavaThread "C1 CompilerThread3" daemon [_thread_blocked, id=14312, stack(0x0000000017620000,0x0000000017720000)]
  0x0000000016b61800 JavaThread "C2 CompilerThread2" daemon [_thread_in_native, id=16612, stack(0x0000000017520000,0x0000000017620000)]
  0x0000000016b5d000 JavaThread "C2 CompilerThread1" daemon [_thread_in_native, id=5808, stack(0x0000000017420000,0x0000000017520000)]
=>0x0000000016b59000 JavaThread "C2 CompilerThread0" daemon [_thread_in_native, id=2616, stack(0x0000000017320000,0x0000000017420000)]
  0x0000000016b57000 JavaThread "Attach Listener" daemon [_thread_blocked, id=12940, stack(0x0000000017220000,0x0000000017320000)]
  0x0000000016b66000 JavaThread "Signal Dispatcher" daemon [_thread_blocked, id=12296, stack(0x0000000017120000,0x0000000017220000)]
  0x0000000016b50800 JavaThread "Finalizer" daemon [_thread_blocked, id=8836, stack(0x0000000016f30000,0x0000000017030000)]
  0x0000000002144000 JavaThread "Reference Handler" daemon [_thread_blocked, id=19264, stack(0x0000000016a30000,0x0000000016b30000)]
  0x0000000002050800 JavaThread "main" [_thread_in_Java, id=1084, stack(0x0000000001ee0000,0x0000000001fe0000)]

Other Threads:
  0x0000000014c68800 VMThread [stack: 0x0000000016930000,0x0000000016a30000] [id=13208]
  0x0000000016c0a800 WatcherThread [stack: 0x0000000017820000,0x0000000017920000] [id=4528]

VM state:not at safepoint (normal execution)

VM Mutex/Monitor currently owned by a thread: None

Heap:
 PSYoungGen      total 132096K, used 57159K [0x00000000eab00000, 0x00000000f3100000, 0x0000000100000000)
  eden space 126976K, 40% used [0x00000000eab00000,0x00000000eddd51b0,0x00000000f2700000)
  from space 5120K, 99% used [0x00000000f2c00000,0x00000000f30fce28,0x00000000f3100000)
  to   space 5120K, 0% used [0x00000000f2700000,0x00000000f2700000,0x00000000f2c00000)
 ParOldGen       total 84992K, used 22605K [0x00000000c0000000, 0x00000000c5300000, 0x00000000eab00000)
  object space 84992K, 26% used [0x00000000c0000000,0x00000000c1613620,0x00000000c5300000)
 Metaspace       used 6314K, capacity 7160K, committed 7296K, reserved 1056768K
  class space    used 611K, capacity 624K, committed 640K, reserved 1048576K

Card table byte_map: [0x0000000011510000,0x0000000011720000] byte_map_base: 0x0000000010f10000

Marking Bits: (ParMarkBitMap*) 0x000000005d370600
 Begin Bits: [0x0000000012080000, 0x0000000013080000)
 End Bits:   [0x0000000013080000, 0x0000000014080000)

Polling page: 0x0000000000720000

CodeCache: size=245760Kb used=8949Kb max_used=8962Kb free=236810Kb
 bounds [0x0000000002150000, 0x0000000002a20000, 0x0000000011150000]
 total_blobs=2207 nmethods=1943 adapters=176
 compilation: enabled

Compilation events (10 events):
Event: 5.818 Thread 0x0000000014c7e000 2051       2       com.android.dx.dex.code.BlockAddresses::getStart (7 bytes)
Event: 5.818 Thread 0x0000000014c7e000 nmethod 2051 0x0000000002a0e9d0 code [0x0000000002a0eb20, 0x0000000002a0ec90]
Event: 5.818 Thread 0x0000000014c7e000 2052       2       com.android.dx.command.dexer.Main$ClassDefItemConsumer::call (5 bytes)
Event: 5.818 Thread 0x0000000014c7e000 nmethod 2052 0x0000000002a0e650 code [0x0000000002a0e7c0, 0x0000000002a0e928]
Event: 5.818 Thread 0x0000000014c7e000 2053       2       java.util.concurrent.FutureTask::get (23 bytes)
Event: 5.818 Thread 0x0000000014c7e000 nmethod 2053 0x0000000002a0e250 code [0x0000000002a0e3c0, 0x0000000002a0e578]
Event: 5.818 Thread 0x0000000014c7e000 2054       2       java.util.concurrent.FutureTask::report (37 bytes)
Event: 5.819 Thread 0x0000000014c7e000 nmethod 2054 0x0000000002a13310 code [0x0000000002a134a0, 0x0000000002a13758]
Event: 5.819 Thread 0x0000000014c7e000 2055   !   2       com.android.dx.command.dexer.Main::addClassToDex (25 bytes)
Event: 5.819 Thread 0x0000000014c7e000 nmethod 2055 0x0000000002a12cd0 code [0x0000000002a12e40, 0x0000000002a13148]

GC Heap History (8 events):
Event: 1.383 GC heap before
{Heap before GC invocations=1 (full 0):
 PSYoungGen      total 36864K, used 31744K [0x00000000eab00000, 0x00000000ed400000, 0x0000000100000000)
  eden space 31744K, 100% used [0x00000000eab00000,0x00000000eca00000,0x00000000eca00000)
  from space 5120K, 0% used [0x00000000ecf00000,0x00000000ecf00000,0x00000000ed400000)
  to   space 5120K, 0% used [0x00000000eca00000,0x00000000eca00000,0x00000000ecf00000)
 ParOldGen       total 84992K, used 0K [0x00000000c0000000, 0x00000000c5300000, 0x00000000eab00000)
  object space 84992K, 0% used [0x00000000c0000000,0x00000000c0000000,0x00000000c5300000)
 Metaspace       used 5812K, capacity 6832K, committed 7040K, reserved 1056768K
  class space    used 590K, capacity 616K, committed 640K, reserved 1048576K
Event: 1.438 GC heap after
Heap after GC invocations=1 (full 0):
 PSYoungGen      total 36864K, used 5088K [0x00000000eab00000, 0x00000000ef300000, 0x0000000100000000)
  eden space 31744K, 0% used [0x00000000eab00000,0x00000000eab00000,0x00000000eca00000)
  from space 5120K, 99% used [0x00000000eca00000,0x00000000ecef8078,0x00000000ecf00000)
  to   space 5120K, 0% used [0x00000000eee00000,0x00000000eee00000,0x00000000ef300000)
 ParOldGen       total 84992K, used 706K [0x00000000c0000000, 0x00000000c5300000, 0x00000000eab00000)
  object space 84992K, 0% used [0x00000000c0000000,0x00000000c00b0910,0x00000000c5300000)
 Metaspace       used 5812K, capacity 6832K, committed 7040K, reserved 1056768K
  class space    used 590K, capacity 616K, committed 640K, reserved 1048576K
}
Event: 1.947 GC heap before
{Heap before GC invocations=2 (full 0):
 PSYoungGen      total 36864K, used 36832K [0x00000000eab00000, 0x00000000ef300000, 0x0000000100000000)
  eden space 31744K, 100% used [0x00000000eab00000,0x00000000eca00000,0x00000000eca00000)
  from space 5120K, 99% used [0x00000000eca00000,0x00000000ecef8078,0x00000000ecf00000)
  to   space 5120K, 0% used [0x00000000eee00000,0x00000000eee00000,0x00000000ef300000)
 ParOldGen       total 84992K, used 706K [0x00000000c0000000, 0x00000000c5300000, 0x00000000eab00000)
  object space 84992K, 0% used [0x00000000c0000000,0x00000000c00b0910,0x00000000c5300000)
 Metaspace       used 5998K, capacity 7024K, committed 7296K, reserved 1056768K
  class space    used 590K, capacity 616K, committed 640K, reserved 1048576K
Event: 2.061 GC heap after
Heap after GC invocations=2 (full 0):
 PSYoungGen      total 68608K, used 5116K [0x00000000eab00000, 0x00000000ef300000, 0x0000000100000000)
  eden space 63488K, 0% used [0x00000000eab00000,0x00000000eab00000,0x00000000ee900000)
  from space 5120K, 99% used [0x00000000eee00000,0x00000000ef2ff3e0,0x00000000ef300000)
  to   space 5120K, 0% used [0x00000000ee900000,0x00000000ee900000,0x00000000eee00000)
 ParOldGen       total 84992K, used 3929K [0x00000000c0000000, 0x00000000c5300000, 0x00000000eab00000)
  object space 84992K, 4% used [0x00000000c0000000,0x00000000c03d64a8,0x00000000c5300000)
 Metaspace       used 5998K, capacity 7024K, committed 7296K, reserved 1056768K
  class space    used 590K, capacity 616K, committed 640K, reserved 1048576K
}
Event: 3.360 GC heap before
{Heap before GC invocations=3 (full 0):
 PSYoungGen      total 68608K, used 68604K [0x00000000eab00000, 0x00000000ef300000, 0x0000000100000000)
  eden space 63488K, 100% used [0x00000000eab00000,0x00000000ee900000,0x00000000ee900000)
  from space 5120K, 99% used [0x00000000eee00000,0x00000000ef2ff3e0,0x00000000ef300000)
  to   space 5120K, 0% used [0x00000000ee900000,0x00000000ee900000,0x00000000eee00000)
 ParOldGen       total 84992K, used 3929K [0x00000000c0000000, 0x00000000c5300000, 0x00000000eab00000)
  object space 84992K, 4% used [0x00000000c0000000,0x00000000c03d64a8,0x00000000c5300000)
 Metaspace       used 6143K, capacity 7152K, committed 7296K, reserved 1056768K
  class space    used 591K, capacity 616K, committed 640K, reserved 1048576K
Event: 3.537 GC heap after
Heap after GC invocations=3 (full 0):
 PSYoungGen      total 68608K, used 5102K [0x00000000eab00000, 0x00000000f3100000, 0x0000000100000000)
  eden space 63488K, 0% used [0x00000000eab00000,0x00000000eab00000,0x00000000ee900000)
  from space 5120K, 99% used [0x00000000ee900000,0x00000000eedfbb30,0x00000000eee00000)
  to   space 5120K, 0% used [0x00000000f2c00000,0x00000000f2c00000,0x00000000f3100000)
 ParOldGen       total 84992K, used 13696K [0x00000000c0000000, 0x00000000c5300000, 0x00000000eab00000)
  object space 84992K, 16% used [0x00000000c0000000,0x00000000c0d60098,0x00000000c5300000)
 Metaspace       used 6143K, capacity 7152K, committed 7296K, reserved 1056768K
  class space    used 591K, capacity 616K, committed 640K, reserved 1048576K
}
Event: 5.148 GC heap before
{Heap before GC invocations=4 (full 0):
 PSYoungGen      total 68608K, used 68590K [0x00000000eab00000, 0x00000000f3100000, 0x0000000100000000)
  eden space 63488K, 100% used [0x00000000eab00000,0x00000000ee900000,0x00000000ee900000)
  from space 5120K, 99% used [0x00000000ee900000,0x00000000eedfbb30,0x00000000eee00000)
  to   space 5120K, 0% used [0x00000000f2c00000,0x00000000f2c00000,0x00000000f3100000)
 ParOldGen       total 84992K, used 13696K [0x00000000c0000000, 0x00000000c5300000, 0x00000000eab00000)
  object space 84992K, 16% used [0x00000000c0000000,0x00000000c0d60098,0x00000000c5300000)
 Metaspace       used 6274K, capacity 7160K, committed 7296K, reserved 1056768K
  class space    used 611K, capacity 624K, committed 640K, reserved 1048576K
Event: 5.271 GC heap after
Heap after GC invocations=4 (full 0):
 PSYoungGen      total 132096K, used 5107K [0x00000000eab00000, 0x00000000f3100000, 0x0000000100000000)
  eden space 126976K, 0% used [0x00000000eab00000,0x00000000eab00000,0x00000000f2700000)
  from space 5120K, 99% used [0x00000000f2c00000,0x00000000f30fce28,0x00000000f3100000)
  to   space 5120K, 0% used [0x00000000f2700000,0x00000000f2700000,0x00000000f2c00000)
 ParOldGen       total 84992K, used 22605K [0x00000000c0000000, 0x00000000c5300000, 0x00000000eab00000)
  object space 84992K, 26% used [0x00000000c0000000,0x00000000c1613620,0x00000000c5300000)
 Metaspace       used 6274K, capacity 7160K, committed 7296K, reserved 1056768K
  class space    used 611K, capacity 624K, committed 640K, reserved 1048576K
}

Deoptimization events (10 events):
Event: 5.774 Thread 0x0000000017983000 Uncommon trap: reason=bimorphic action=maybe_recompile pc=0x0000000002715c54 method=com.android.dx.ssa.LiteralOpUpgrader.tryReplacingWithConstant(Lcom/android/dx/ssa/NormalSsaInsn;)Z @ 62
Event: 5.783 Thread 0x0000000016f20800 Uncommon trap: reason=unstable_if action=reinterpret pc=0x0000000002989368 method=com.android.dx.cf.code.Simulator$SimVisitor.visitLocal(IIIILcom/android/dx/rop/type/Type;I)V @ 222
Event: 5.786 Thread 0x0000000016f20800 Uncommon trap: reason=bimorphic action=maybe_recompile pc=0x00000000028f75c4 method=com.android.dx.cf.code.BytecodeArray.parseInstruction(ILcom/android/dx/cf/code/BytecodeArray$Visitor;)I @ 971
Event: 5.786 Thread 0x0000000016f20800 Uncommon trap: reason=bimorphic action=maybe_recompile pc=0x00000000028f75c4 method=com.android.dx.cf.code.BytecodeArray.parseInstruction(ILcom/android/dx/cf/code/BytecodeArray$Visitor;)I @ 971
Event: 5.790 Thread 0x0000000016f20800 Uncommon trap: reason=bimorphic action=maybe_recompile pc=0x00000000028f7538 method=com.android.dx.cf.code.BytecodeArray.parseInstruction(ILcom/android/dx/cf/code/BytecodeArray$Visitor;)I @ 955
Event: 5.790 Thread 0x0000000016f20800 Uncommon trap: reason=bimorphic action=maybe_recompile pc=0x00000000028f7a20 method=com.android.dx.cf.code.BytecodeArray.parseInstruction(ILcom/android/dx/cf/code/BytecodeArray$Visitor;)I @ 1130
Event: 5.790 Thread 0x0000000016f20800 Uncommon trap: reason=bimorphic action=maybe_recompile pc=0x00000000028f7a20 method=com.android.dx.cf.code.BytecodeArray.parseInstruction(ILcom/android/dx/cf/code/BytecodeArray$Visitor;)I @ 1130
Event: 5.794 Thread 0x000000001794a000 Uncommon trap: reason=unstable_if action=reinterpret pc=0x00000000026f39cc method=com.android.dx.ssa.MoveParamCombiner$1.visitNonMoveInsn(Lcom/android/dx/ssa/NormalSsaInsn;)V @ 27
Event: 5.794 Thread 0x0000000017982000 Uncommon trap: reason=unstable_if action=reinterpret pc=0x00000000028b2118 method=com.android.dx.cf.code.RopperMachine.run(Lcom/android/dx/cf/code/Frame;II)V @ 1500
Event: 5.809 Thread 0x0000000017983000 Uncommon trap: reason=unstable_if action=reinterpret pc=0x00000000027dc294 method=java.util.HashMap.resize()[Ljava/util/HashMap$Node; @ 206

Internal exceptions (6 events):
Event: 0.034 Thread 0x0000000002050800 Exception <a 'java/lang/NoSuchMethodError': Method sun.misc.Unsafe.defineClass(Ljava/lang/String;[BII)Ljava/lang/Class; name or signature does not match> (0x00000000eab07cc0) thrown at [C:\re\workspace\8-2-build-windows-amd64-cygwin\jdk8u74\6087\hotspot\sr=Ú“n²”¡?
Event: 0.034 Thread 0x0000000002050800 Exception <a 'java/lang/NoSuchMethodError': Method sun.misc.Unsafe.prefetchRead(Ljava/lang/Object;J)V name or signature does not match> (0x00000000eab07fa8) thrown at [C:\re\workspace\8-2-build-windows-amd64-cygwin\jdk8u74\6087\hotspot\src\share\vm\prims\j;Po}@
Event: 5.013 Thread 0x0000000017982000 Exception <a 'java/lang/ArrayIndexOutOfBoundsException': 18> (0x00000000ee04d6f0) thrown at [C:\re\workspace\8-2-build-windows-amd64-cygwin\jdk8u74\6087\hotspot\src\share\vm\interpreter\interpreterRuntime.cpp, line 366]
Event: 5.014 Thread 0x0000000017982000 Exception <a 'java/lang/ArrayIndexOutOfBoundsException'> (0x00000000ee04f270) thrown at [C:\re\workspace\8-2-build-windows-amd64-cygwin\jdk8u74\6087\hotspot\src\share\vm\runtime\sharedRuntime.cpp, line 605]
Event: 5.015 Thread 0x0000000017982000 Exception <a 'java/lang/ArrayIndexOutOfBoundsException'> (0x00000000ee050558) thrown at [C:\re\workspace\8-2-build-windows-amd64-cygwin\jdk8u74\6087\hotspot\src\share\vm\runtime\sharedRuntime.cpp, line 605]
Event: 5.783 Thread 0x0000000016f20800 Implicit null exception at 0x0000000002987a37 to 0x000000000298933d

Events (10 events):
Event: 5.794 Thread 0x000000001794a000 DEOPT PACKING pc=0x00000000026f39cc sp=0x000000001861e550
Event: 5.794 Thread 0x000000001794a000 DEOPT UNPACKING pc=0x000000000219582a sp=0x000000001861e4a8 mode 2
Event: 5.794 Thread 0x0000000017982000 Uncommon trap: trap_request=0xffffff65 fr.pc=0x00000000028b2118
Event: 5.794 Thread 0x0000000017982000 DEOPT PACKING pc=0x00000000028b2118 sp=0x000000001841dfc0
Event: 5.794 Thread 0x0000000017982000 DEOPT UNPACKING pc=0x000000000219582a sp=0x000000001841df88 mode 2
Event: 5.804 Thread 0x000000001794a000 DEOPT PACKING pc=0x000000000254305d sp=0x000000001861e4e0
Event: 5.804 Thread 0x000000001794a000 DEOPT UNPACKING pc=0x000000000219787f sp=0x000000001861e320 mode 0
Event: 5.809 Thread 0x0000000017983000 Uncommon trap: trap_request=0xffffff65 fr.pc=0x00000000027dc294
Event: 5.809 Thread 0x0000000017983000 DEOPT PACKING pc=0x00000000027dc294 sp=0x000000001851e630
Event: 5.809 Thread 0x0000000017983000 DEOPT UNPACKING pc=0x000000000219582a sp=0x000000001851e598 mode 2


Dynamic libraries:
0x00007ff670c70000 - 0x00007ff670ca7000 	C:\Program Files\Java\jdk1.8.0_74\bin\java.exe
0x00007ffae5f60000 - 0x00007ffae6131000 	C:\WINDOWS\SYSTEM32\ntdll.dll
0x00007ffae5eb0000 - 0x00007ffae5f5b000 	C:\WINDOWS\System32\KERNEL32.DLL
0x00007ffad3dd0000 - 0x00007ffad3e24000 	C:\Program Files (x86)\AVG\Av\avghooka.dll
0x00007ffae2fd0000 - 0x00007ffae31ed000 	C:\WINDOWS\System32\KERNELBASE.dll
0x00007ffae34d0000 - 0x00007ffae3572000 	C:\WINDOWS\System32\ADVAPI32.dll
0x00007ffae3eb0000 - 0x00007ffae3f4e000 	C:\WINDOWS\System32\msvcrt.dll
0x00007ffae4440000 - 0x00007ffae4499000 	C:\WINDOWS\System32\sechost.dll
0x00007ffae4250000 - 0x00007ffae4371000 	C:\WINDOWS\System32\RPCRT4.dll
0x00007ffae4510000 - 0x00007ffae4675000 	C:\WINDOWS\System32\USER32.dll
0x00007ffae2c70000 - 0x00007ffae2c8e000 	C:\WINDOWS\System32\win32u.dll
0x00007ffae35a0000 - 0x00007ffae35d4000 	C:\WINDOWS\System32\GDI32.dll
0x00007ffae2c90000 - 0x00007ffae2e12000 	C:\WINDOWS\System32\gdi32full.dll
0x00007ffad60f0000 - 0x00007ffad6369000 	C:\WINDOWS\WinSxS\amd64_microsoft.windows.common-controls_6595b64144ccf1df_6.0.14393.447_none_42191651c6827bb3\COMCTL32.dll
0x00007ffae3670000 - 0x00007ffae3937000 	C:\WINDOWS\System32\combase.dll
0x00007ffae2e20000 - 0x00007ffae2f15000 	C:\WINDOWS\System32\ucrtbase.dll
0x00007ffae31f0000 - 0x00007ffae325a000 	C:\WINDOWS\System32\bcryptPrimitives.dll
0x00007ffae35e0000 - 0x00007ffae360e000 	C:\WINDOWS\System32\IMM32.DLL
0x000000005dc10000 - 0x000000005dce2000 	C:\Program Files\Java\jdk1.8.0_74\jre\bin\msvcr100.dll
0x000000005cb60000 - 0x000000005d3f0000 	C:\Program Files\Java\jdk1.8.0_74\jre\bin\server\jvm.dll
0x00007ffae4380000 - 0x00007ffae4388000 	C:\WINDOWS\System32\PSAPI.DLL
0x00007ffad8140000 - 0x00007ffad8149000 	C:\WINDOWS\SYSTEM32\WSOCK32.dll
0x00007ffae3940000 - 0x00007ffae39aa000 	C:\WINDOWS\System32\WS2_32.dll
0x00007ffae0870000 - 0x00007ffae0893000 	C:\WINDOWS\SYSTEM32\WINMM.dll
0x00007ffaddef0000 - 0x00007ffaddefa000 	C:\WINDOWS\SYSTEM32\VERSION.dll
0x00007ffae0840000 - 0x00007ffae086b000 	C:\WINDOWS\SYSTEM32\WINMMBASE.dll
0x00007ffae2c20000 - 0x00007ffae2c62000 	C:\WINDOWS\System32\cfgmgr32.dll
0x000000005f1d0000 - 0x000000005f1df000 	C:\Program Files\Java\jdk1.8.0_74\jre\bin\verify.dll
0x000000005f0b0000 - 0x000000005f0d9000 	C:\Program Files\Java\jdk1.8.0_74\jre\bin\java.dll
0x000000005f090000 - 0x000000005f0a6000 	C:\Program Files\Java\jdk1.8.0_74\jre\bin\zip.dll
0x00007ffae49a0000 - 0x00007ffae5ea9000 	C:\WINDOWS\System32\SHELL32.dll
0x00007ffae2540000 - 0x00007ffae2c1a000 	C:\WINDOWS\System32\windows.storage.dll
0x00007ffae23c0000 - 0x00007ffae240c000 	C:\WINDOWS\System32\powrprof.dll
0x00007ffae4840000 - 0x00007ffae4892000 	C:\WINDOWS\System32\shlwapi.dll
0x00007ffae23b0000 - 0x00007ffae23bf000 	C:\WINDOWS\System32\kernel.appcore.dll
0x00007ffae2430000 - 0x00007ffae24d9000 	C:\WINDOWS\System32\shcore.dll
0x00007ffae2410000 - 0x00007ffae2424000 	C:\WINDOWS\System32\profapi.dll

VM Arguments:
jvm_args: -Djava.awt.headless=true -Xmx1024M -Dfile.encoding=windows-1251 -Duser.country=RU -Duser.language=ru -Duser.variant 
java_command: com.android.dx.command.Main --dex --num-threads=4 --output D:\Android\WorkSpace\BeerMap\app\build\intermediates\pre-dexed\debug\com.android.support-appcompat-v7-24.2.1_68c2998f9615cb48153443f71ab9bc7326f081fc.jar D:\Android\WorkSpace\BeerMap\app\build\intermediates\exploded-aar\com.android.support\appcompat-v7\24.2.1\jars\classes.jar
java_class_path (initial): D:\Android\SDK\build-tools\24.0.2\lib\dx.jar
Launcher Type: SUN_STANDARD

Environment Variables:
JAVA_HOME=C:\Program Files\Java\jdk1.8.0_74
PATH=C:\ProgramData\Oracle\Java\javapath;C:\Program Files (x86)\NVIDIA Corporation\PhysX\Common;C:\Program Files (x86)\Intel\iCLS Client\;C:\Program Files\Intel\iCLS Client\;C:\WINDOWS\system32;C:\WINDOWS;C:\WINDOWS\System32\Wbem;C:\WINDOWS\System32\WindowsPowerShell\v1.0\;C:\Program Files (x86)\Intel\OpenCL SDK\3.0\bin\x86;C:\Program Files (x86)\Intel\OpenCL SDK\3.0\bin\x64;C:\Program Files\Intel\Intel(R) Management Engine Components\DAL;C:\Program Files\Intel\Intel(R) Management Engine Components\IPT;C:\Program Files (x86)\Intel\Intel(R) Management Engine Components\DAL;C:\Program Files (x86)\Intel\Intel(R) Management Engine Components\IPT;C:\Program Files\OpenVPN\bin;C:\Program Files (x86)\Skype\Phone\;C:\Users\Admin\AppData\Local\Android\sdk\platform-tools;C:\Users\Admin\AppData\Local\Android\sdk\tools;C:\Users\Admin\AppData\Local\Microsoft\WindowsApps;
USERNAME=Admin
OS=Windows_NT
PROCESSOR_IDENTIFIER=Intel64 Family 6 Model 60 Stepping 3, GenuineIntel



---------------  S Y S T E M  ---------------

OS: Windows 10.0 , 64 bit Build 14393 (10.0.14393.0)

CPU:total 8 (4 cores per cpu, 2 threads per core) family 6 model 60 stepping 3, cmov, cx8, fxsr, mmx, sse, sse2, sse3, ssse3, sse4.1, sse4.2, popcnt, avx, avx2, aes, clmul, erms, lzcnt, ht, tsc, tscinvbit, bmi1, bmi2

Memory: 4k page, physical 8061740k(1550896k free), swap 10621740k(5392k free)

vm_info: Java HotSpot(TM) 64-Bit Server VM (25.74-b02) for windows-amd64 JRE (1.8.0_74-b02), built on Jan 29 2016 17:42:36 by "java_re" with MS VC++ 10.0 (VS2010)

time: Mon Nov 28 23:11:14 2016
elapsed time: 5 seconds (0d 0h 0m 5s)

