#
# There is insufficient memory for the Java Runtime Environment to continue.
# Native memory allocation (malloc) failed to allocate 2100496 bytes for Chunk::new
# Possible reasons:
#   The system is out of physical RAM or swap space
#   In 32 bit mode, the process size limit was hit
# Possible solutions:
#   Reduce memory load on the system
#   Increase physical memory or swap space
#   Check if swap backing store is full
#   Use 64 bit Java on a 64 bit OS
#   Decrease Java heap size (-Xmx/-Xms)
#   Decrease number of Java threads
#   Decrease Java thread stack sizes (-Xss)
#   Set larger code cache with -XX:ReservedCodeCacheSize=
# This output file may be truncated or incomplete.
#
#  Out of Memory Error (allocation.cpp:390), pid=17312, tid=13852
#
# JRE version: Java(TM) SE Runtime Environment (8.0_74-b02) (build 1.8.0_74-b02)
# Java VM: Java HotSpot(TM) 64-Bit Server VM (25.74-b02 mixed mode windows-amd64 compressed oops)
# Failed to write core dump. Minidumps are not enabled by default on client versions of Windows
#

---------------  T H R E A D  ---------------

Current thread (0x0000000016e20800):  JavaThread "C2 CompilerThread1" daemon [_thread_in_native, id=13852, stack(0x0000000017690000,0x0000000017790000)]

Stack: [0x0000000017690000,0x0000000017790000]
[error occurred during error reporting (printing stack bounds), id 0xc0000005]

Native frames: (J=compiled Java code, j=interpreted, Vv=VM code, C=native code)


Current CompileTask:
C2:   1896 1862   !   4       com.android.dx.cf.cst.ConstantPoolParser::parse0 (731 bytes)


---------------  P R O C E S S  ---------------

Java Threads: ( => current thread )
  0x0000000017108000 JavaThread "pool-2-thread-4" [_thread_blocked, id=15300, stack(0x0000000018790000,0x0000000018890000)]
  0x0000000017105000 JavaThread "pool-2-thread-3" [_thread_blocked, id=5372, stack(0x0000000018690000,0x0000000018790000)]
  0x0000000017104800 JavaThread "pool-2-thread-2" [_thread_blocked, id=8936, stack(0x0000000018590000,0x0000000018690000)]
  0x00000000170fb800 JavaThread "pool-3-thread-1" [_thread_blocked, id=7564, stack(0x0000000018490000,0x0000000018590000)]
  0x00000000170f8000 JavaThread "pool-2-thread-1" [_thread_blocked, id=17596, stack(0x0000000018390000,0x0000000018490000)]
  0x0000000016e4a800 JavaThread "Service Thread" daemon [_thread_blocked, id=10512, stack(0x0000000017990000,0x0000000017a90000)]
  0x0000000016e25000 JavaThread "C1 CompilerThread3" daemon [_thread_blocked, id=10392, stack(0x0000000017890000,0x0000000017990000)]
  0x0000000016e22000 JavaThread "C2 CompilerThread2" daemon [_thread_in_native, id=4500, stack(0x0000000017790000,0x0000000017890000)]
=>0x0000000016e20800 JavaThread "C2 CompilerThread1" daemon [_thread_in_native, id=13852, stack(0x0000000017690000,0x0000000017790000)]
  0x0000000016dc9800 JavaThread "C2 CompilerThread0" daemon [_thread_in_native, id=13392, stack(0x0000000017590000,0x0000000017690000)]
  0x0000000016dc7800 JavaThread "Attach Listener" daemon [_thread_blocked, id=6124, stack(0x0000000017490000,0x0000000017590000)]
  0x00000000023ae800 JavaThread "Signal Dispatcher" daemon [_thread_blocked, id=10112, stack(0x0000000017390000,0x0000000017490000)]
  0x0000000016dc0800 JavaThread "Finalizer" daemon [_thread_blocked, id=7156, stack(0x00000000171a0000,0x00000000172a0000)]
  0x00000000023a4000 JavaThread "Reference Handler" daemon [_thread_blocked, id=5744, stack(0x0000000016ca0000,0x0000000016da0000)]
  0x00000000022b0800 JavaThread "main" [_thread_in_Java, id=17572, stack(0x00000000021b0000,0x00000000022b0000)]

Other Threads:
  0x0000000014ec9800 VMThread [stack: 0x0000000016ba0000,0x0000000016ca0000] [id=5180]
  0x0000000016e4b800 WatcherThread [stack: 0x0000000017a90000,0x0000000017b90000] [id=11592]

VM state:not at safepoint (normal execution)

VM Mutex/Monitor currently owned by a thread: None

Heap:
 PSYoungGen      total 132096K, used 28357K [0x00000000eab00000, 0x00000000fd300000, 0x0000000100000000)
  eden space 126976K, 18% used [0x00000000eab00000,0x00000000ec1b5c30,0x00000000f2700000)
  from space 5120K, 99% used [0x00000000f2700000,0x00000000f2bfb8e8,0x00000000f2c00000)
  to   space 24576K, 0% used [0x00000000fbb00000,0x00000000fbb00000,0x00000000fd300000)
 ParOldGen       total 84992K, used 40625K [0x00000000c0000000, 0x00000000c5300000, 0x00000000eab00000)
  object space 84992K, 47% used [0x00000000c0000000,0x00000000c27ac7c0,0x00000000c5300000)
 Metaspace       used 6323K, capacity 7224K, committed 7296K, reserved 1056768K
  class space    used 610K, capacity 624K, committed 640K, reserved 1048576K

Card table byte_map: [0x0000000011770000,0x0000000011980000] byte_map_base: 0x0000000011170000

Marking Bits: (ParMarkBitMap*) 0x000000005d370600
 Begin Bits: [0x00000000122e0000, 0x00000000132e0000)
 End Bits:   [0x00000000132e0000, 0x00000000142e0000)

Polling page: 0x00000000008f0000

CodeCache: size=245760Kb used=7667Kb max_used=7667Kb free=238092Kb
 bounds [0x00000000023b0000, 0x0000000002b40000, 0x00000000113b0000]
 total_blobs=2119 nmethods=1855 adapters=176
 compilation: enabled

Compilation events (10 events):
Event: 1.849 Thread 0x0000000016e25000 1925       2       java.util.concurrent.locks.ReentrantLock$Sync::nonfairTryAcquire (67 bytes)
Event: 1.850 Thread 0x0000000016e25000 nmethod 1925 0x0000000002b2c110 code [0x0000000002b2c280, 0x0000000002b2c508]
Event: 1.856 Thread 0x0000000016e25000 1927       1       com.android.dx.ssa.LiteralOpUpgrader$1::visitPhiInsn (1 bytes)
Event: 1.856 Thread 0x0000000016e25000 nmethod 1927 0x0000000002b2c610 code [0x0000000002b2c760, 0x0000000002b2c870]
Event: 1.857 Thread 0x0000000016e25000 1928 %     3       com.android.dx.ssa.back.FirstFitLocalCombiningAllocator::getLocalItemForReg @ 48 (97 bytes)
Event: 1.858 Thread 0x0000000016e25000 nmethod 1928% 0x0000000002b2c8d0 code [0x0000000002b2cb20, 0x0000000002b2db78]
Event: 1.858 Thread 0x0000000016e25000 1929       2       com.android.dx.ssa.back.FirstFitLocalCombiningAllocator::ssaSetToSpecs (57 bytes)
Event: 1.859 Thread 0x0000000016e25000 nmethod 1929 0x0000000002b2e150 code [0x0000000002b2e360, 0x0000000002b2eb58]
Event: 1.870 Thread 0x0000000016e25000 1930       3       com.android.dx.cf.code.Merger::mergeLocals (122 bytes)
Event: 1.871 Thread 0x0000000016e25000 nmethod 1930 0x0000000002b2f550 code [0x0000000002b2f7c0, 0x0000000002b308c8]

GC Heap History (10 events):
Event: 0.703 GC heap before
{Heap before GC invocations=1 (full 0):
 PSYoungGen      total 36864K, used 31744K [0x00000000eab00000, 0x00000000ed400000, 0x0000000100000000)
  eden space 31744K, 100% used [0x00000000eab00000,0x00000000eca00000,0x00000000eca00000)
  from space 5120K, 0% used [0x00000000ecf00000,0x00000000ecf00000,0x00000000ed400000)
  to   space 5120K, 0% used [0x00000000eca00000,0x00000000eca00000,0x00000000ecf00000)
 ParOldGen       total 84992K, used 0K [0x00000000c0000000, 0x00000000c5300000, 0x00000000eab00000)
  object space 84992K, 0% used [0x00000000c0000000,0x00000000c0000000,0x00000000c5300000)
 Metaspace       used 5815K, capacity 6896K, committed 7040K, reserved 1056768K
  class space    used 589K, capacity 616K, committed 640K, reserved 1048576K
Event: 0.731 GC heap after
Heap after GC invocations=1 (full 0):
 PSYoungGen      total 36864K, used 5092K [0x00000000eab00000, 0x00000000ef300000, 0x0000000100000000)
  eden space 31744K, 0% used [0x00000000eab00000,0x00000000eab00000,0x00000000eca00000)
  from space 5120K, 99% used [0x00000000eca00000,0x00000000ecef9290,0x00000000ecf00000)
  to   space 5120K, 0% used [0x00000000eee00000,0x00000000eee00000,0x00000000ef300000)
 ParOldGen       total 84992K, used 769K [0x00000000c0000000, 0x00000000c5300000, 0x00000000eab00000)
  object space 84992K, 0% used [0x00000000c0000000,0x00000000c00c04f0,0x00000000c5300000)
 Metaspace       used 5815K, capacity 6896K, committed 7040K, reserved 1056768K
  class space    used 589K, capacity 616K, committed 640K, reserved 1048576K
}
Event: 1.126 GC heap before
{Heap before GC invocations=2 (full 0):
 PSYoungGen      total 36864K, used 36836K [0x00000000eab00000, 0x00000000ef300000, 0x0000000100000000)
  eden space 31744K, 100% used [0x00000000eab00000,0x00000000eca00000,0x00000000eca00000)
  from space 5120K, 99% used [0x00000000eca00000,0x00000000ecef9290,0x00000000ecf00000)
  to   space 5120K, 0% used [0x00000000eee00000,0x00000000eee00000,0x00000000ef300000)
 ParOldGen       total 84992K, used 769K [0x00000000c0000000, 0x00000000c5300000, 0x00000000eab00000)
  object space 84992K, 0% used [0x00000000c0000000,0x00000000c00c04f0,0x00000000c5300000)
 Metaspace       used 6011K, capacity 7024K, committed 7296K, reserved 1056768K
  class space    used 590K, capacity 616K, committed 640K, reserved 1048576K
Event: 1.141 GC heap after
Heap after GC invocations=2 (full 0):
 PSYoungGen      total 68608K, used 5104K [0x00000000eab00000, 0x00000000ef300000, 0x0000000100000000)
  eden space 63488K, 0% used [0x00000000eab00000,0x00000000eab00000,0x00000000ee900000)
  from space 5120K, 99% used [0x00000000eee00000,0x00000000ef2fc1d8,0x00000000ef300000)
  to   space 5120K, 0% used [0x00000000ee900000,0x00000000ee900000,0x00000000eee00000)
 ParOldGen       total 84992K, used 4940K [0x00000000c0000000, 0x00000000c5300000, 0x00000000eab00000)
  object space 84992K, 5% used [0x00000000c0000000,0x00000000c04d3360,0x00000000c5300000)
 Metaspace       used 6011K, capacity 7024K, committed 7296K, reserved 1056768K
  class space    used 590K, capacity 616K, committed 640K, reserved 1048576K
}
Event: 1.343 GC heap before
{Heap before GC invocations=3 (full 0):
 PSYoungGen      total 68608K, used 68592K [0x00000000eab00000, 0x00000000ef300000, 0x0000000100000000)
  eden space 63488K, 100% used [0x00000000eab00000,0x00000000ee900000,0x00000000ee900000)
  from space 5120K, 99% used [0x00000000eee00000,0x00000000ef2fc1d8,0x00000000ef300000)
  to   space 5120K, 0% used [0x00000000ee900000,0x00000000ee900000,0x00000000eee00000)
 ParOldGen       total 84992K, used 4940K [0x00000000c0000000, 0x00000000c5300000, 0x00000000eab00000)
  object space 84992K, 5% used [0x00000000c0000000,0x00000000c04d3360,0x00000000c5300000)
 Metaspace       used 6128K, capacity 7152K, committed 7296K, reserved 1056768K
  class space    used 590K, capacity 616K, committed 640K, reserved 1048576K
Event: 1.372 GC heap after
Heap after GC invocations=3 (full 0):
 PSYoungGen      total 68608K, used 5092K [0x00000000eab00000, 0x00000000f3100000, 0x0000000100000000)
  eden space 63488K, 0% used [0x00000000eab00000,0x00000000eab00000,0x00000000ee900000)
  from space 5120K, 99% used [0x00000000ee900000,0x00000000eedf91e8,0x00000000eee00000)
  to   space 5120K, 0% used [0x00000000f2c00000,0x00000000f2c00000,0x00000000f3100000)
 ParOldGen       total 84992K, used 13992K [0x00000000c0000000, 0x00000000c5300000, 0x00000000eab00000)
  object space 84992K, 16% used [0x00000000c0000000,0x00000000c0daa090,0x00000000c5300000)
 Metaspace       used 6128K, capacity 7152K, committed 7296K, reserved 1056768K
  class space    used 590K, capacity 616K, committed 640K, reserved 1048576K
}
Event: 1.534 GC heap before
{Heap before GC invocations=4 (full 0):
 PSYoungGen      total 68608K, used 68580K [0x00000000eab00000, 0x00000000f3100000, 0x0000000100000000)
  eden space 63488K, 100% used [0x00000000eab00000,0x00000000ee900000,0x00000000ee900000)
  from space 5120K, 99% used [0x00000000ee900000,0x00000000eedf91e8,0x00000000eee00000)
  to   space 5120K, 0% used [0x00000000f2c00000,0x00000000f2c00000,0x00000000f3100000)
 ParOldGen       total 84992K, used 13992K [0x00000000c0000000, 0x00000000c5300000, 0x00000000eab00000)
  object space 84992K, 16% used [0x00000000c0000000,0x00000000c0daa090,0x00000000c5300000)
 Metaspace       used 6251K, capacity 7160K, committed 7296K, reserved 1056768K
  class space    used 610K, capacity 624K, committed 640K, reserved 1048576K
Event: 1.557 GC heap after
Heap after GC invocations=4 (full 0):
 PSYoungGen      total 132096K, used 5092K [0x00000000eab00000, 0x00000000f3100000, 0x0000000100000000)
  eden space 126976K, 0% used [0x00000000eab00000,0x00000000eab00000,0x00000000f2700000)
  from space 5120K, 99% used [0x00000000f2c00000,0x00000000f30f9170,0x00000000f3100000)
  to   space 5120K, 0% used [0x00000000f2700000,0x00000000f2700000,0x00000000f2c00000)
 ParOldGen       total 84992K, used 22747K [0x00000000c0000000, 0x00000000c5300000, 0x00000000eab00000)
  object space 84992K, 26% used [0x00000000c0000000,0x00000000c1636e80,0x00000000c5300000)
 Metaspace       used 6251K, capacity 7160K, committed 7296K, reserved 1056768K
  class space    used 610K, capacity 624K, committed 640K, reserved 1048576K
}
Event: 1.792 GC heap before
{Heap before GC invocations=5 (full 0):
 PSYoungGen      total 132096K, used 132068K [0x00000000eab00000, 0x00000000f3100000, 0x0000000100000000)
  eden space 126976K, 100% used [0x00000000eab00000,0x00000000f2700000,0x00000000f2700000)
  from space 5120K, 99% used [0x00000000f2c00000,0x00000000f30f9170,0x00000000f3100000)
  to   space 5120K, 0% used [0x00000000f2700000,0x00000000f2700000,0x00000000f2c00000)
 ParOldGen       total 84992K, used 22747K [0x00000000c0000000, 0x00000000c5300000, 0x00000000eab00000)
  object space 84992K, 26% used [0x00000000c0000000,0x00000000c1636e80,0x00000000c5300000)
 Metaspace       used 6322K, capacity 7224K, committed 7296K, reserved 1056768K
  class space    used 610K, capacity 624K, committed 640K, reserved 1048576K
Event: 1.824 GC heap after
Heap after GC invocations=5 (full 0):
 PSYoungGen      total 132096K, used 5102K [0x00000000eab00000, 0x00000000fd300000, 0x0000000100000000)
  eden space 126976K, 0% used [0x00000000eab00000,0x00000000eab00000,0x00000000f2700000)
  from space 5120K, 99% used [0x00000000f2700000,0x00000000f2bfb8e8,0x00000000f2c00000)
  to   space 24576K, 0% used [0x00000000fbb00000,0x00000000fbb00000,0x00000000fd300000)
 ParOldGen       total 84992K, used 40625K [0x00000000c0000000, 0x00000000c5300000, 0x00000000eab00000)
  object space 84992K, 47% used [0x00000000c0000000,0x00000000c27ac7c0,0x00000000c5300000)
 Metaspace       used 6322K, capacity 7224K, committed 7296K, reserved 1056768K
  class space    used 610K, capacity 624K, committed 640K, reserved 1048576K
}

Deoptimization events (10 events):
Event: 1.246 Thread 0x00000000022b0800 Uncommon trap: reason=unstable_if action=reinterpret pc=0x0000000002797a5c method=com.android.dx.ssa.SsaMethod.updateOneDefinition(Lcom/android/dx/ssa/SsaInsn;Lcom/android/dx/rop/code/RegisterSpec;)V @ 4
Event: 1.449 Thread 0x0000000017104800 Uncommon trap: reason=unstable_if action=reinterpret pc=0x0000000002a00628 method=com.android.dx.ssa.LocalVariableExtractor.processBlock(I)V @ 251
Event: 1.467 Thread 0x00000000022b0800 Uncommon trap: reason=bimorphic action=maybe_recompile pc=0x00000000027c3c94 method=java.util.HashMap.putVal(ILjava/lang/Object;Ljava/lang/Object;ZZ)Ljava/lang/Object; @ 203
Event: 1.467 Thread 0x00000000022b0800 Uncommon trap: reason=bimorphic action=maybe_recompile pc=0x00000000027c3c94 method=java.util.HashMap.putVal(ILjava/lang/Object;Ljava/lang/Object;ZZ)Ljava/lang/Object; @ 203
Event: 1.474 Thread 0x00000000022b0800 Uncommon trap: reason=unstable_if action=reinterpret pc=0x0000000002762e64 method=java.util.HashMap.putVal(ILjava/lang/Object;Ljava/lang/Object;ZZ)Ljava/lang/Object; @ 162
Event: 1.486 Thread 0x00000000022b0800 Uncommon trap: reason=unstable_if action=reinterpret pc=0x00000000029c6590 method=java.util.HashMap.getNode(ILjava/lang/Object;)Ljava/util/HashMap$Node; @ 84
Event: 1.568 Thread 0x0000000017104800 Uncommon trap: reason=unstable_if action=reinterpret pc=0x00000000027c37c8 method=java.util.HashMap.putVal(ILjava/lang/Object;Ljava/lang/Object;ZZ)Ljava/lang/Object; @ 162
Event: 1.626 Thread 0x0000000017105000 Uncommon trap: reason=unstable_if action=reinterpret pc=0x0000000002939294 method=com.android.dx.ssa.MoveParamCombiner$1.visitNonMoveInsn(Lcom/android/dx/ssa/NormalSsaInsn;)V @ 27
Event: 1.694 Thread 0x00000000170f8000 Uncommon trap: reason=unstable_if action=reinterpret pc=0x0000000002729330 method=com.android.dx.dex.code.OutputFinisher.hasLocalInfo(Lcom/android/dx/dex/code/DalvInsn;)Z @ 24
Event: 1.766 Thread 0x0000000017105000 Uncommon trap: reason=unstable_if action=reinterpret pc=0x0000000002a82710 method=com.android.dx.ssa.SCCP.simulateBranch(Lcom/android/dx/ssa/SsaInsn;)V @ 548

Internal exceptions (5 events):
Event: 0.046 Thread 0x00000000022b0800 Exception <a 'java/lang/NoSuchMethodError': Method sun.misc.Unsafe.defineClass(Ljava/lang/String;[BII)Ljava/lang/Class; name or signature does not match> (0x00000000eab07cc0) thrown at [C:\re\workspace\8-2-build-windows-amd64-cygwin\jdk8u74\6087\hotspot\srâÖ›³§?
Event: 0.046 Thread 0x00000000022b0800 Exception <a 'java/lang/NoSuchMethodError': Method sun.misc.Unsafe.prefetchRead(Ljava/lang/Object;J)V name or signature does not match> (0x00000000eab07fa8) thrown at [C:\re\workspace\8-2-build-windows-amd64-cygwin\jdk8u74\6087\hotspot\src\share\vm\prims\jÇ³ïjfŸ÷?
Event: 1.476 Thread 0x00000000022b0800 Exception <a 'java/lang/ArrayIndexOutOfBoundsException': 18> (0x00000000ed49e190) thrown at [C:\re\workspace\8-2-build-windows-amd64-cygwin\jdk8u74\6087\hotspot\src\share\vm\interpreter\interpreterRuntime.cpp, line 366]
Event: 1.477 Thread 0x00000000022b0800 Exception <a 'java/lang/ArrayIndexOutOfBoundsException': 145> (0x00000000ed49fd10) thrown at [C:\re\workspace\8-2-build-windows-amd64-cygwin\jdk8u74\6087\hotspot\src\share\vm\interpreter\interpreterRuntime.cpp, line 366]
Event: 1.477 Thread 0x00000000022b0800 Exception <a 'java/lang/ArrayIndexOutOfBoundsException'> (0x00000000ed4a0ff8) thrown at [C:\re\workspace\8-2-build-windows-amd64-cygwin\jdk8u74\6087\hotspot\src\share\vm\runtime\sharedRuntime.cpp, line 605]

Events (10 events):
Event: 1.694 Thread 0x00000000170f8000 Uncommon trap: trap_request=0xffffff65 fr.pc=0x0000000002729330
Event: 1.694 Thread 0x00000000170f8000 DEOPT PACKING pc=0x0000000002729330 sp=0x000000001848e940
Event: 1.694 Thread 0x00000000170f8000 DEOPT UNPACKING pc=0x00000000023f582a sp=0x000000001848e858 mode 2
Event: 1.757 Thread 0x00000000022b0800 DEOPT PACKING pc=0x0000000002a17192 sp=0x00000000022ae730
Event: 1.757 Thread 0x00000000022b0800 DEOPT UNPACKING pc=0x00000000023f787f sp=0x00000000022ae540 mode 0
Event: 1.766 Thread 0x0000000017105000 Uncommon trap: trap_request=0xffffff65 fr.pc=0x0000000002a82710
Event: 1.766 Thread 0x0000000017105000 DEOPT PACKING pc=0x0000000002a82710 sp=0x000000001878e720
Event: 1.766 Thread 0x0000000017105000 DEOPT UNPACKING pc=0x00000000023f582a sp=0x000000001878e6f8 mode 2
Event: 1.792 Executing VM operation: ParallelGCFailedAllocation
Event: 1.824 Executing VM operation: ParallelGCFailedAllocation done


Dynamic libraries:
0x00007ff670c70000 - 0x00007ff670ca7000 	C:\Program Files\Java\jdk1.8.0_74\bin\java.exe
0x00007ffae5f60000 - 0x00007ffae6131000 	C:\WINDOWS\SYSTEM32\ntdll.dll
0x00007ffae5eb0000 - 0x00007ffae5f5b000 	C:\WINDOWS\System32\KERNEL32.DLL
0x00007ffad3dd0000 - 0x00007ffad3e24000 	C:\Program Files (x86)\AVG\Av\avghooka.dll
0x00007ffae2fd0000 - 0x00007ffae31ed000 	C:\WINDOWS\System32\KERNELBASE.dll
0x00007ffae34d0000 - 0x00007ffae3572000 	C:\WINDOWS\System32\ADVAPI32.dll
0x00007ffae3eb0000 - 0x00007ffae3f4e000 	C:\WINDOWS\System32\msvcrt.dll
0x00007ffae4440000 - 0x00007ffae4499000 	C:\WINDOWS\System32\sechost.dll
0x00007ffae4250000 - 0x00007ffae4371000 	C:\WINDOWS\System32\RPCRT4.dll
0x00007ffae4510000 - 0x00007ffae4675000 	C:\WINDOWS\System32\USER32.dll
0x00007ffae2c70000 - 0x00007ffae2c8e000 	C:\WINDOWS\System32\win32u.dll
0x00007ffae35a0000 - 0x00007ffae35d4000 	C:\WINDOWS\System32\GDI32.dll
0x00007ffae2c90000 - 0x00007ffae2e12000 	C:\WINDOWS\System32\gdi32full.dll
0x00007ffad60f0000 - 0x00007ffad6369000 	C:\WINDOWS\WinSxS\amd64_microsoft.windows.common-controls_6595b64144ccf1df_6.0.14393.447_none_42191651c6827bb3\COMCTL32.dll
0x00007ffae3670000 - 0x00007ffae3937000 	C:\WINDOWS\System32\combase.dll
0x00007ffae2e20000 - 0x00007ffae2f15000 	C:\WINDOWS\System32\ucrtbase.dll
0x00007ffae31f0000 - 0x00007ffae325a000 	C:\WINDOWS\System32\bcryptPrimitives.dll
0x00007ffae35e0000 - 0x00007ffae360e000 	C:\WINDOWS\System32\IMM32.DLL
0x000000005dc10000 - 0x000000005dce2000 	C:\Program Files\Java\jdk1.8.0_74\jre\bin\msvcr100.dll
0x000000005cb60000 - 0x000000005d3f0000 	C:\Program Files\Java\jdk1.8.0_74\jre\bin\server\jvm.dll
0x00007ffae4380000 - 0x00007ffae4388000 	C:\WINDOWS\System32\PSAPI.DLL
0x00007ffad8140000 - 0x00007ffad8149000 	C:\WINDOWS\SYSTEM32\WSOCK32.dll
0x00007ffae3940000 - 0x00007ffae39aa000 	C:\WINDOWS\System32\WS2_32.dll
0x00007ffae0870000 - 0x00007ffae0893000 	C:\WINDOWS\SYSTEM32\WINMM.dll
0x00007ffaddef0000 - 0x00007ffaddefa000 	C:\WINDOWS\SYSTEM32\VERSION.dll
0x00007ffae0840000 - 0x00007ffae086b000 	C:\WINDOWS\SYSTEM32\WINMMBASE.dll
0x00007ffae2c20000 - 0x00007ffae2c62000 	C:\WINDOWS\System32\cfgmgr32.dll
0x000000005f1d0000 - 0x000000005f1df000 	C:\Program Files\Java\jdk1.8.0_74\jre\bin\verify.dll
0x000000005f0b0000 - 0x000000005f0d9000 	C:\Program Files\Java\jdk1.8.0_74\jre\bin\java.dll
0x000000005f090000 - 0x000000005f0a6000 	C:\Program Files\Java\jdk1.8.0_74\jre\bin\zip.dll
0x00007ffae49a0000 - 0x00007ffae5ea9000 	C:\WINDOWS\System32\SHELL32.dll
0x00007ffae2540000 - 0x00007ffae2c1a000 	C:\WINDOWS\System32\windows.storage.dll
0x00007ffae23c0000 - 0x00007ffae240c000 	C:\WINDOWS\System32\powrprof.dll
0x00007ffae4840000 - 0x00007ffae4892000 	C:\WINDOWS\System32\shlwapi.dll
0x00007ffae23b0000 - 0x00007ffae23bf000 	C:\WINDOWS\System32\kernel.appcore.dll
0x00007ffae2430000 - 0x00007ffae24d9000 	C:\WINDOWS\System32\shcore.dll
0x00007ffae2410000 - 0x00007ffae2424000 	C:\WINDOWS\System32\profapi.dll

VM Arguments:
jvm_args: -Djava.awt.headless=true -Xmx1024M -Dfile.encoding=windows-1251 -Duser.country=RU -Duser.language=ru -Duser.variant 
java_command: com.android.dx.command.Main --dex --force-jumbo --num-threads=4 --multi-dex --output D:\Android\WorkSpace\BeerMap\app\build\intermediates\transforms\dex\debug\folders\1000\10\com.android.support-appcompat-v7-24.2.1_68c2998f9615cb48153443f71ab9bc7326f081fc D:\Android\WorkSpace\BeerMap\app\build\intermediates\exploded-aar\com.android.support\appcompat-v7\24.2.1\jars\classes.jar
java_class_path (initial): D:\Android\SDK\build-tools\24.0.2\lib\dx.jar
Launcher Type: SUN_STANDARD

Environment Variables:
JAVA_HOME=C:\Program Files\Java\jdk1.8.0_74
PATH=C:\ProgramData\Oracle\Java\javapath;C:\Program Files (x86)\NVIDIA Corporation\PhysX\Common;C:\Program Files (x86)\Intel\iCLS Client\;C:\Program Files\Intel\iCLS Client\;C:\WINDOWS\system32;C:\WINDOWS;C:\WINDOWS\System32\Wbem;C:\WINDOWS\System32\WindowsPowerShell\v1.0\;C:\Program Files (x86)\Intel\OpenCL SDK\3.0\bin\x86;C:\Program Files (x86)\Intel\OpenCL SDK\3.0\bin\x64;C:\Program Files\Intel\Intel(R) Management Engine Components\DAL;C:\Program Files\Intel\Intel(R) Management Engine Components\IPT;C:\Program Files (x86)\Intel\Intel(R) Management Engine Components\DAL;C:\Program Files (x86)\Intel\Intel(R) Management Engine Components\IPT;C:\Program Files\OpenVPN\bin;C:\Program Files (x86)\Skype\Phone\;C:\Users\Admin\AppData\Local\Android\sdk\platform-tools;C:\Users\Admin\AppData\Local\Android\sdk\tools;C:\Users\Admin\AppData\Local\Microsoft\WindowsApps;
USERNAME=Admin
OS=Windows_NT
PROCESSOR_IDENTIFIER=Intel64 Family 6 Model 60 Stepping 3, GenuineIntel



---------------  S Y S T E M  ---------------

OS: Windows 10.0 , 64 bit Build 14393 (10.0.14393.0)

CPU:total 8 (4 cores per cpu, 2 threads per core) family 6 model 60 stepping 3, cmov, cx8, fxsr, mmx, sse, sse2, sse3, ssse3, sse4.1, sse4.2, popcnt, avx, avx2, aes, clmul, erms, lzcnt, ht, tsc, tscinvbit, bmi1, bmi2

Memory: 4k page, physical 8061740k(2059680k free), swap 10621740k(6140k free)

vm_info: Java HotSpot(TM) 64-Bit Server VM (25.74-b02) for windows-amd64 JRE (1.8.0_74-b02), built on Jan 29 2016 17:42:36 by "java_re" with MS VC++ 10.0 (VS2010)

time: Mon Nov 28 22:14:27 2016
elapsed time: 1 seconds (0d 0h 0m 1s)

