#
# There is insufficient memory for the Java Runtime Environment to continue.
# Native memory allocation (malloc) failed to allocate 1469376 bytes for Chunk::new
# Possible reasons:
#   The system is out of physical RAM or swap space
#   In 32 bit mode, the process size limit was hit
# Possible solutions:
#   Reduce memory load on the system
#   Increase physical memory or swap space
#   Check if swap backing store is full
#   Use 64 bit Java on a 64 bit OS
#   Decrease Java heap size (-Xmx/-Xms)
#   Decrease number of Java threads
#   Decrease Java thread stack sizes (-Xss)
#   Set larger code cache with -XX:ReservedCodeCacheSize=
# This output file may be truncated or incomplete.
#
#  Out of Memory Error (allocation.cpp:390), pid=7076, tid=468
#
# JRE version: Java(TM) SE Runtime Environment (8.0_74-b02) (build 1.8.0_74-b02)
# Java VM: Java HotSpot(TM) 64-Bit Server VM (25.74-b02 mixed mode windows-amd64 compressed oops)
# Failed to write core dump. Minidumps are not enabled by default on client versions of Windows
#

---------------  T H R E A D  ---------------

Current thread (0x0000000016c0a000):  JavaThread "C2 CompilerThread0" daemon [_thread_in_native, id=468, stack(0x00000000173d0000,0x00000000174d0000)]

Stack: [0x00000000173d0000,0x00000000174d0000]
[error occurred during error reporting (printing stack bounds), id 0xc0000005]

Native frames: (J=compiled Java code, j=interpreted, Vv=VM code, C=native code)


Current CompileTask:
C2:   1729 1184   !   4       com.android.dx.cf.code.BytecodeArray::parseInstruction (2764 bytes)


---------------  P R O C E S S  ---------------

Java Threads: ( => current thread )
  0x0000000016f84800 JavaThread "pool-1-thread-4" [_thread_blocked, id=12720, stack(0x00000000185d0000,0x00000000186d0000)]
  0x0000000016f80800 JavaThread "pool-1-thread-3" [_thread_blocked, id=15052, stack(0x00000000184d0000,0x00000000185d0000)]
  0x0000000017a38800 JavaThread "pool-1-thread-2" [_thread_in_Java, id=10152, stack(0x00000000183d0000,0x00000000184d0000)]
  0x0000000017a36000 JavaThread "pool-2-thread-1" [_thread_blocked, id=8280, stack(0x00000000182d0000,0x00000000183d0000)]
  0x0000000017a32800 JavaThread "pool-1-thread-1" [_thread_blocked, id=11948, stack(0x00000000181d0000,0x00000000182d0000)]
  0x0000000016c25800 JavaThread "Service Thread" daemon [_thread_blocked, id=4220, stack(0x00000000177d0000,0x00000000178d0000)]
  0x0000000016c13000 JavaThread "C1 CompilerThread3" daemon [_thread_blocked, id=12336, stack(0x00000000176d0000,0x00000000177d0000)]
  0x0000000016c10000 JavaThread "C2 CompilerThread2" daemon [_thread_in_native, id=8168, stack(0x00000000175d0000,0x00000000176d0000)]
  0x0000000016c0d000 JavaThread "C2 CompilerThread1" daemon [_thread_in_native, id=15268, stack(0x00000000174d0000,0x00000000175d0000)]
=>0x0000000016c0a000 JavaThread "C2 CompilerThread0" daemon [_thread_in_native, id=468, stack(0x00000000173d0000,0x00000000174d0000)]
  0x0000000016c08800 JavaThread "Attach Listener" daemon [_thread_blocked, id=12488, stack(0x00000000172d0000,0x00000000173d0000)]
  0x0000000014d1e000 JavaThread "Signal Dispatcher" daemon [_thread_blocked, id=11068, stack(0x00000000171d0000,0x00000000172d0000)]
  0x0000000016c00800 JavaThread "Finalizer" daemon [_thread_blocked, id=11460, stack(0x0000000016fe0000,0x00000000170e0000)]
  0x00000000021e7000 JavaThread "Reference Handler" daemon [_thread_blocked, id=10420, stack(0x0000000016ae0000,0x0000000016be0000)]
  0x00000000020f0800 JavaThread "main" [_thread_in_vm, id=7812, stack(0x0000000001ff0000,0x00000000020f0000)]

Other Threads:
  0x0000000014d09800 VMThread [stack: 0x00000000169e0000,0x0000000016ae0000] [id=11196]
  0x0000000016ccd000 WatcherThread [stack: 0x00000000178d0000,0x00000000179d0000] [id=10376]

VM state:not at safepoint (normal execution)

VM Mutex/Monitor currently owned by a thread: None

Heap:
 PSYoungGen      total 36864K, used 20942K [0x00000000eab00000, 0x00000000ed400000, 0x0000000100000000)
  eden space 31744K, 49% used [0x00000000eab00000,0x00000000eba76e88,0x00000000eca00000)
  from space 5120K, 99% used [0x00000000eca00000,0x00000000ecefcb70,0x00000000ecf00000)
  to   space 5120K, 0% used [0x00000000ecf00000,0x00000000ecf00000,0x00000000ed400000)
 ParOldGen       total 84992K, used 1152K [0x00000000c0000000, 0x00000000c5300000, 0x00000000eab00000)
  object space 84992K, 1% used [0x00000000c0000000,0x00000000c0120168,0x00000000c5300000)
 Metaspace       used 6063K, capacity 6962K, committed 7040K, reserved 1056768K
  class space    used 604K, capacity 618K, committed 640K, reserved 1048576K

Card table byte_map: [0x00000000115b0000,0x00000000117c0000] byte_map_base: 0x0000000010fb0000

Marking Bits: (ParMarkBitMap*) 0x0000000069ad0600
 Begin Bits: [0x0000000012120000, 0x0000000013120000)
 End Bits:   [0x0000000013120000, 0x0000000014120000)

Polling page: 0x00000000007e0000

CodeCache: size=245760Kb used=5066Kb max_used=5066Kb free=240693Kb
 bounds [0x00000000021f0000, 0x00000000026f0000, 0x00000000111f0000]
 total_blobs=1547 nmethods=1278 adapters=182
 compilation: enabled

Compilation events (10 events):
Event: 1.712 Thread 0x0000000016c13000 1289       3       com.android.dx.rop.code.InsnList::contentEquals (54 bytes)
Event: 1.713 Thread 0x0000000016c13000 nmethod 1289 0x00000000026d1ad0 code [0x00000000026d1ca0, 0x00000000026d2748]
Event: 1.713 Thread 0x0000000016c13000 1286       3       com.android.dx.dex.file.ClassDataItem::addVirtualMethod (24 bytes)
Event: 1.713 Thread 0x0000000016c13000 nmethod 1286 0x00000000026d75d0 code [0x00000000026d7780, 0x00000000026d7df8]
Event: 1.713 Thread 0x0000000016c13000 1290       3       com.android.dx.ssa.ConstCollector$2::map (28 bytes)
Event: 1.713 Thread 0x0000000016c13000 nmethod 1290 0x00000000026d1410 code [0x00000000026d1580, 0x00000000026d19a8]
Event: 1.714 Thread 0x0000000016c13000 1291       3       java.util.TreeMap$EntryIterator::next (5 bytes)
Event: 1.714 Thread 0x0000000016c13000 nmethod 1291 0x00000000026e6490 code [0x00000000026e6600, 0x00000000026e68e8]
Event: 1.714 Thread 0x0000000016c13000 1292       3       java.util.TreeMap$EntryIterator::next (5 bytes)
Event: 1.714 Thread 0x0000000016c13000 nmethod 1292 0x00000000026bcc50 code [0x00000000026bcdc0, 0x00000000026bcfc8]

GC Heap History (2 events):
Event: 1.365 GC heap before
{Heap before GC invocations=1 (full 0):
 PSYoungGen      total 36864K, used 31744K [0x00000000eab00000, 0x00000000ed400000, 0x0000000100000000)
  eden space 31744K, 100% used [0x00000000eab00000,0x00000000eca00000,0x00000000eca00000)
  from space 5120K, 0% used [0x00000000ecf00000,0x00000000ecf00000,0x00000000ed400000)
  to   space 5120K, 0% used [0x00000000eca00000,0x00000000eca00000,0x00000000ecf00000)
 ParOldGen       total 84992K, used 0K [0x00000000c0000000, 0x00000000c5300000, 0x00000000eab00000)
  object space 84992K, 0% used [0x00000000c0000000,0x00000000c0000000,0x00000000c5300000)
 Metaspace       used 5946K, capacity 6834K, committed 7040K, reserved 1056768K
  class space    used 604K, capacity 618K, committed 640K, reserved 1048576K
Event: 1.541 GC heap after
Heap after GC invocations=1 (full 0):
 PSYoungGen      total 36864K, used 5106K [0x00000000eab00000, 0x00000000ed400000, 0x0000000100000000)
  eden space 31744K, 0% used [0x00000000eab00000,0x00000000eab00000,0x00000000eca00000)
  from space 5120K, 99% used [0x00000000eca00000,0x00000000ecefcb70,0x00000000ecf00000)
  to   space 5120K, 0% used [0x00000000ecf00000,0x00000000ecf00000,0x00000000ed400000)
 ParOldGen       total 84992K, used 1152K [0x00000000c0000000, 0x00000000c5300000, 0x00000000eab00000)
  object space 84992K, 1% used [0x00000000c0000000,0x00000000c0120168,0x00000000c5300000)
 Metaspace       used 5946K, capacity 6834K, committed 7040K, reserved 1056768K
  class space    used 604K, capacity 618K, committed 640K, reserved 1048576K
}

Deoptimization events (6 events):
Event: 0.398 Thread 0x00000000020f0800 Uncommon trap: reason=unstable_if action=reinterpret pc=0x0000000002342394 method=java.lang.String.compareTo(Ljava/lang/String;)I @ 38
Event: 0.847 Thread 0x0000000016f80800 Uncommon trap: reason=unstable_if action=reinterpret pc=0x0000000002401444 method=java.util.HashMap.getNode(ILjava/lang/Object;)Ljava/util/HashMap$Node; @ 62
Event: 1.282 Thread 0x0000000016f80800 Uncommon trap: reason=unstable_if action=reinterpret pc=0x0000000002570e2c method=com.android.dx.rop.code.RegisterSpecSet.put(Lcom/android/dx/rop/code/RegisterSpec;)V @ 77
Event: 1.598 Thread 0x0000000017a38800 Uncommon trap: reason=unstable_if action=reinterpret pc=0x00000000024e2444 method=com.android.dx.rop.code.RegisterSpec.equals(ILcom/android/dx/rop/type/TypeBearer;Lcom/android/dx/rop/code/LocalItem;)Z @ 42
Event: 1.635 Thread 0x00000000020f0800 Uncommon trap: reason=unstable_if action=reinterpret pc=0x0000000002402e30 method=java.util.HashMap.getNode(ILjava/lang/Object;)Ljava/util/HashMap$Node; @ 62
Event: 1.635 Thread 0x00000000020f0800 Uncommon trap: reason=unstable_if action=reinterpret pc=0x000000000249619c method=com.android.dx.rop.cst.Constant.compareTo(Lcom/android/dx/rop/cst/Constant;)I @ 12

Internal exceptions (2 events):
Event: 0.028 Thread 0x00000000020f0800 Exception <a 'java/lang/NoSuchMethodError': Method sun.misc.Unsafe.defineClass(Ljava/lang/String;[BII)Ljava/lang/Class; name or signature does not match> (0x00000000eab07cc0) thrown at [C:\re\workspace\8-2-build-windows-amd64-cygwin\jdk8u74\6087\hotspot\srâc`ÀEBù?
Event: 0.029 Thread 0x00000000020f0800 Exception <a 'java/lang/NoSuchMethodError': Method sun.misc.Unsafe.prefetchRead(Ljava/lang/Object;J)V name or signature does not match> (0x00000000eab07fa8) thrown at [C:\re\workspace\8-2-build-windows-amd64-cygwin\jdk8u74\6087\hotspot\src\share\vm\prims\j

Events (10 events):
Event: 1.541 Executing VM operation: ParallelGCFailedAllocation done
Event: 1.598 Thread 0x0000000017a38800 Uncommon trap: trap_request=0xffffff65 fr.pc=0x00000000024e2444
Event: 1.598 Thread 0x0000000017a38800 DEOPT PACKING pc=0x00000000024e2444 sp=0x00000000184cef30
Event: 1.598 Thread 0x0000000017a38800 DEOPT UNPACKING pc=0x000000000223582a sp=0x00000000184ceeb8 mode 2
Event: 1.635 Thread 0x00000000020f0800 Uncommon trap: trap_request=0xffffff65 fr.pc=0x0000000002402e30
Event: 1.635 Thread 0x00000000020f0800 DEOPT PACKING pc=0x0000000002402e30 sp=0x00000000020ee510
Event: 1.635 Thread 0x00000000020f0800 DEOPT UNPACKING pc=0x000000000223582a sp=0x00000000020ee430 mode 2
Event: 1.635 Thread 0x00000000020f0800 Uncommon trap: trap_request=0xffffff65 fr.pc=0x000000000249619c
Event: 1.635 Thread 0x00000000020f0800 DEOPT PACKING pc=0x000000000249619c sp=0x00000000020ee1b0
Event: 1.635 Thread 0x00000000020f0800 DEOPT UNPACKING pc=0x000000000223582a sp=0x00000000020ee150 mode 2


Dynamic libraries:
0x00007ff6a1e90000 - 0x00007ff6a1ec7000 	C:\Program Files\Java\jdk1.8.0_74\bin\java.exe
0x00007ff898370000 - 0x00007ff898541000 	C:\WINDOWS\SYSTEM32\ntdll.dll
0x00007ff895a80000 - 0x00007ff895b2b000 	C:\WINDOWS\System32\KERNEL32.DLL
0x00007ff87c8f0000 - 0x00007ff87c923000 	C:\Program Files (x86)\AVG\Av\avghooka.dll
0x00007ff894ab0000 - 0x00007ff894ccd000 	C:\WINDOWS\System32\KERNELBASE.dll
0x00007ff897620000 - 0x00007ff8976c2000 	C:\WINDOWS\System32\ADVAPI32.dll
0x00007ff898000000 - 0x00007ff89809e000 	C:\WINDOWS\System32\msvcrt.dll
0x00007ff8979a0000 - 0x00007ff8979f9000 	C:\WINDOWS\System32\sechost.dll
0x00007ff897870000 - 0x00007ff897991000 	C:\WINDOWS\System32\RPCRT4.dll
0x00007ff8976d0000 - 0x00007ff897835000 	C:\WINDOWS\System32\USER32.dll
0x00007ff895650000 - 0x00007ff89566e000 	C:\WINDOWS\System32\win32u.dll
0x00007ff897fc0000 - 0x00007ff897ff4000 	C:\WINDOWS\System32\GDI32.dll
0x00007ff894d80000 - 0x00007ff894f02000 	C:\WINDOWS\System32\gdi32full.dll
0x00007ff8831d0000 - 0x00007ff883449000 	C:\WINDOWS\WinSxS\amd64_microsoft.windows.common-controls_6595b64144ccf1df_6.0.14393.0_none_2d0f50fcbdb171b8\COMCTL32.dll
0x00007ff895b40000 - 0x00007ff895e07000 	C:\WINDOWS\System32\combase.dll
0x00007ff894840000 - 0x00007ff894935000 	C:\WINDOWS\System32\ucrtbase.dll
0x00007ff894a40000 - 0x00007ff894aaa000 	C:\WINDOWS\System32\bcryptPrimitives.dll
0x00007ff897840000 - 0x00007ff89786e000 	C:\WINDOWS\System32\IMM32.DLL
0x000000006a9c0000 - 0x000000006aa92000 	C:\Program Files\Java\jdk1.8.0_74\jre\bin\msvcr100.dll
0x00000000692c0000 - 0x0000000069b50000 	C:\Program Files\Java\jdk1.8.0_74\jre\bin\server\jvm.dll
0x00007ff897eb0000 - 0x00007ff897eb8000 	C:\WINDOWS\System32\PSAPI.DLL
0x00007ff889110000 - 0x00007ff889119000 	C:\WINDOWS\SYSTEM32\WSOCK32.dll
0x00007ff897e30000 - 0x00007ff897e9a000 	C:\WINDOWS\System32\WS2_32.dll
0x00007ff8921b0000 - 0x00007ff8921d3000 	C:\WINDOWS\SYSTEM32\WINMM.dll
0x00007ff892cf0000 - 0x00007ff892cfa000 	C:\WINDOWS\SYSTEM32\VERSION.dll
0x00007ff892150000 - 0x00007ff89217b000 	C:\WINDOWS\SYSTEM32\WINMMBASE.dll
0x00007ff8949f0000 - 0x00007ff894a32000 	C:\WINDOWS\System32\cfgmgr32.dll
0x000000006ad30000 - 0x000000006ad3f000 	C:\Program Files\Java\jdk1.8.0_74\jre\bin\verify.dll
0x000000006ad00000 - 0x000000006ad29000 	C:\Program Files\Java\jdk1.8.0_74\jre\bin\java.dll
0x000000006ace0000 - 0x000000006acf6000 	C:\Program Files\Java\jdk1.8.0_74\jre\bin\zip.dll
0x00007ff896110000 - 0x00007ff897618000 	C:\WINDOWS\System32\SHELL32.dll
0x00007ff894f10000 - 0x00007ff8955ea000 	C:\WINDOWS\System32\windows.storage.dll
0x00007ff8947c0000 - 0x00007ff89480c000 	C:\WINDOWS\System32\powrprof.dll
0x00007ff8980a0000 - 0x00007ff8980f2000 	C:\WINDOWS\System32\shlwapi.dll
0x00007ff894810000 - 0x00007ff89481f000 	C:\WINDOWS\System32\kernel.appcore.dll
0x00007ff894940000 - 0x00007ff8949e9000 	C:\WINDOWS\System32\shcore.dll
0x00007ff894820000 - 0x00007ff894834000 	C:\WINDOWS\System32\profapi.dll

VM Arguments:
jvm_args: -Djava.awt.headless=true -Xmx1024M -Dfile.encoding=windows-1251 -Duser.country=RU -Duser.language=ru -Duser.variant 
java_command: com.android.dx.command.Main --dex --force-jumbo --num-threads=4 --output D:\Android\WorkSpace\BeerMap\app\build\intermediates\pre-dexed\debug\com.android.support-appcompat-v7-24.0.0_f7bd25a7c7ab512dc00ef0418752449e668a2bc6.jar D:\Android\WorkSpace\BeerMap\app\build\intermediates\exploded-aar\com.android.support\appcompat-v7\24.0.0\jars\classes.jar
java_class_path (initial): D:\Android\SDK\build-tools\24.0.2\lib\dx.jar
Launcher Type: SUN_STANDARD

Environment Variables:
JAVA_HOME=C:\Program Files\Java\jdk1.8.0_74
PATH=C:\ProgramData\Oracle\Java\javapath;C:\Program Files (x86)\NVIDIA Corporation\PhysX\Common;C:\Program Files (x86)\Intel\iCLS Client\;C:\Program Files\Intel\iCLS Client\;C:\WINDOWS\system32;C:\WINDOWS;C:\WINDOWS\System32\Wbem;C:\WINDOWS\System32\WindowsPowerShell\v1.0\;C:\Program Files (x86)\Intel\OpenCL SDK\3.0\bin\x86;C:\Program Files (x86)\Intel\OpenCL SDK\3.0\bin\x64;C:\Program Files\Intel\Intel(R) Management Engine Components\DAL;C:\Program Files\Intel\Intel(R) Management Engine Components\IPT;C:\Program Files (x86)\Intel\Intel(R) Management Engine Components\DAL;C:\Program Files (x86)\Intel\Intel(R) Management Engine Components\IPT;C:\Program Files\OpenVPN\bin;C:\Program Files (x86)\Skype\Phone\;C:\Users\Admin\AppData\Local\Android\sdk\platform-tools;C:\Users\Admin\AppData\Local\Android\sdk\tools;C:\Users\Admin\AppData\Local\Microsoft\WindowsApps;
USERNAME=Admin
OS=Windows_NT
PROCESSOR_IDENTIFIER=Intel64 Family 6 Model 60 Stepping 3, GenuineIntel



---------------  S Y S T E M  ---------------

OS: Windows 10.0 , 64 bit Build 14393 (10.0.14393.0)

CPU:total 8 (4 cores per cpu, 2 threads per core) family 6 model 60 stepping 3, cmov, cx8, fxsr, mmx, sse, sse2, sse3, ssse3, sse4.1, sse4.2, popcnt, avx, avx2, aes, clmul, erms, lzcnt, ht, tsc, tscinvbit, bmi1, bmi2

Memory: 4k page, physical 8061740k(1364768k free), swap 10621740k(5420k free)

vm_info: Java HotSpot(TM) 64-Bit Server VM (25.74-b02) for windows-amd64 JRE (1.8.0_74-b02), built on Jan 29 2016 17:42:36 by "java_re" with MS VC++ 10.0 (VS2010)

time: Fri Sep 30 12:21:18 2016
elapsed time: 1 seconds (0d 0h 0m 1s)

