#
# There is insufficient memory for the Java Runtime Environment to continue.
# Native memory allocation (malloc) failed to allocate 262160 bytes for Chunk::new
# Possible reasons:
#   The system is out of physical RAM or swap space
#   In 32 bit mode, the process size limit was hit
# Possible solutions:
#   Reduce memory load on the system
#   Increase physical memory or swap space
#   Check if swap backing store is full
#   Use 64 bit Java on a 64 bit OS
#   Decrease Java heap size (-Xmx/-Xms)
#   Decrease number of Java threads
#   Decrease Java thread stack sizes (-Xss)
#   Set larger code cache with -XX:ReservedCodeCacheSize=
# This output file may be truncated or incomplete.
#
#  Out of Memory Error (allocation.cpp:390), pid=5080, tid=10120
#
# JRE version: Java(TM) SE Runtime Environment (8.0_74-b02) (build 1.8.0_74-b02)
# Java VM: Java HotSpot(TM) 64-Bit Server VM (25.74-b02 mixed mode windows-amd64 compressed oops)
# Failed to write core dump. Minidumps are not enabled by default on client versions of Windows
#

---------------  T H R E A D  ---------------

Current thread (0x0000000017202000):  JavaThread "C2 CompilerThread1" daemon [_thread_in_native, id=10120, stack(0x0000000017ad0000,0x0000000017bd0000)]

Stack: [0x0000000017ad0000,0x0000000017bd0000]
[error occurred during error reporting (printing stack bounds), id 0xc0000005]

Native frames: (J=compiled Java code, j=interpreted, Vv=VM code, C=native code)


Current CompileTask:
C2:   2013 1716   !   4       com.android.dx.cf.code.BytecodeArray::parseInstruction (2764 bytes)


---------------  P R O C E S S  ---------------

Java Threads: ( => current thread )
  0x000000001753b000 JavaThread "pool-2-thread-4" [_thread_blocked, id=7276, stack(0x00000000183d0000,0x00000000184d0000)]
  0x0000000017538000 JavaThread "pool-2-thread-3" [_thread_in_Java, id=2312, stack(0x00000000182d0000,0x00000000183d0000)]
  0x00000000174c2800 JavaThread "pool-2-thread-2" [_thread_blocked, id=9404, stack(0x00000000181d0000,0x00000000182d0000)]
  0x00000000174e8000 JavaThread "pool-3-thread-1" [_thread_blocked, id=8008, stack(0x00000000180d0000,0x00000000181d0000)]
  0x00000000174e7800 JavaThread "pool-2-thread-1" [_thread_blocked, id=10084, stack(0x0000000017fd0000,0x00000000180d0000)]
  0x00000000172a5800 JavaThread "Service Thread" daemon [_thread_blocked, id=7420, stack(0x0000000017dd0000,0x0000000017ed0000)]
  0x000000001720e800 JavaThread "C1 CompilerThread3" daemon [_thread_blocked, id=9376, stack(0x0000000017cd0000,0x0000000017dd0000)]
  0x0000000017204800 JavaThread "C2 CompilerThread2" daemon [_thread_in_native, id=7960, stack(0x0000000017bd0000,0x0000000017cd0000)]
=>0x0000000017202000 JavaThread "C2 CompilerThread1" daemon [_thread_in_native, id=10120, stack(0x0000000017ad0000,0x0000000017bd0000)]
  0x00000000171ff000 JavaThread "C2 CompilerThread0" daemon [_thread_in_native, id=8984, stack(0x00000000179d0000,0x0000000017ad0000)]
  0x00000000171fd800 JavaThread "Attach Listener" daemon [_thread_blocked, id=9040, stack(0x00000000178d0000,0x00000000179d0000)]
  0x00000000171fa000 JavaThread "Signal Dispatcher" daemon [_thread_blocked, id=10036, stack(0x00000000177d0000,0x00000000178d0000)]
  0x00000000171f0800 JavaThread "Finalizer" daemon [_thread_blocked, id=10164, stack(0x00000000175d0000,0x00000000176d0000)]
  0x00000000027a4000 JavaThread "Reference Handler" daemon [_thread_blocked, id=100, stack(0x00000000170d0000,0x00000000171d0000)]
  0x00000000026b0800 JavaThread "main" [_thread_in_Java, id=2900, stack(0x0000000002580000,0x0000000002680000)]

Other Threads:
  0x00000000152f9800 VMThread [stack: 0x0000000016fd0000,0x00000000170d0000] [id=7708]
  0x00000000172b7000 WatcherThread [stack: 0x0000000017ed0000,0x0000000017fd0000] [id=1100]

VM state:not at safepoint (normal execution)

VM Mutex/Monitor currently owned by a thread: None

Heap:
 PSYoungGen      total 68608K, used 30695K [0x00000000eab00000, 0x00000000ef300000, 0x0000000100000000)
  eden space 63488K, 40% used [0x00000000eab00000,0x00000000ec400bb0,0x00000000ee900000)
  from space 5120K, 99% used [0x00000000ee900000,0x00000000eedf9308,0x00000000eee00000)
  to   space 5120K, 0% used [0x00000000eee00000,0x00000000eee00000,0x00000000ef300000)
 ParOldGen       total 84992K, used 14429K [0x00000000c0000000, 0x00000000c5300000, 0x00000000eab00000)
  object space 84992K, 16% used [0x00000000c0000000,0x00000000c0e177d8,0x00000000c5300000)
 Metaspace       used 6228K, capacity 7160K, committed 7296K, reserved 1056768K
  class space    used 611K, capacity 624K, committed 640K, reserved 1048576K

Card table byte_map: [0x0000000011b80000,0x0000000011d90000] byte_map_base: 0x0000000011580000

Marking Bits: (ParMarkBitMap*) 0x0000000068000600
 Begin Bits: [0x00000000126f0000, 0x00000000136f0000)
 End Bits:   [0x00000000136f0000, 0x00000000146f0000)

Polling page: 0x0000000002680000

CodeCache: size=245760Kb used=6725Kb max_used=6737Kb free=239034Kb
 bounds [0x00000000027c0000, 0x0000000002e60000, 0x00000000117c0000]
 total_blobs=1936 nmethods=1673 adapters=176
 compilation: enabled

Compilation events (10 events):
Event: 1.959 Thread 0x0000000017204800 nmethod 1464 0x0000000002e28410 code [0x0000000002e28580, 0x0000000002e28998]
Event: 1.959 Thread 0x0000000017204800 1713       4       com.android.dx.ssa.SCCP::simulateBlock (54 bytes)
Event: 1.983 Thread 0x000000001720e800 1718       2       com.android.dx.dex.code.FixedSizeInsn::<init> (8 bytes)
Event: 1.983 Thread 0x000000001720e800 nmethod 1718 0x0000000002e2e390 code [0x0000000002e2e500, 0x0000000002e2e668]
Event: 1.988 Thread 0x0000000017202000 nmethod 1704 0x0000000002e440d0 code [0x0000000002e442e0, 0x0000000002e450a0]
Event: 1.988 Thread 0x0000000017202000 1716   !   4       com.android.dx.cf.code.BytecodeArray::parseInstruction (2764 bytes)
Event: 2.010 Thread 0x000000001720e800 1722       2       java.util.Vector::grow (57 bytes)
Event: 2.010 Thread 0x000000001720e800 nmethod 1722 0x0000000002e27e50 code [0x0000000002e27fc0, 0x0000000002e28258]
Event: 2.011 Thread 0x000000001720e800 1723       2       com.android.dx.rop.cst.CstLiteral32::getLongBits (6 bytes)
Event: 2.011 Thread 0x000000001720e800 nmethod 1723 0x0000000002e27a50 code [0x0000000002e27ba0, 0x0000000002e27cf0]

GC Heap History (6 events):
Event: 0.914 GC heap before
{Heap before GC invocations=1 (full 0):
 PSYoungGen      total 36864K, used 31744K [0x00000000eab00000, 0x00000000ed400000, 0x0000000100000000)
  eden space 31744K, 100% used [0x00000000eab00000,0x00000000eca00000,0x00000000eca00000)
  from space 5120K, 0% used [0x00000000ecf00000,0x00000000ecf00000,0x00000000ed400000)
  to   space 5120K, 0% used [0x00000000eca00000,0x00000000eca00000,0x00000000ecf00000)
 ParOldGen       total 84992K, used 0K [0x00000000c0000000, 0x00000000c5300000, 0x00000000eab00000)
  object space 84992K, 0% used [0x00000000c0000000,0x00000000c0000000,0x00000000c5300000)
 Metaspace       used 5854K, capacity 6896K, committed 7040K, reserved 1056768K
  class space    used 591K, capacity 616K, committed 640K, reserved 1048576K
Event: 0.951 GC heap after
Heap after GC invocations=1 (full 0):
 PSYoungGen      total 36864K, used 5108K [0x00000000eab00000, 0x00000000ef300000, 0x0000000100000000)
  eden space 31744K, 0% used [0x00000000eab00000,0x00000000eab00000,0x00000000eca00000)
  from space 5120K, 99% used [0x00000000eca00000,0x00000000ecefd2c0,0x00000000ecf00000)
  to   space 5120K, 0% used [0x00000000eee00000,0x00000000eee00000,0x00000000ef300000)
 ParOldGen       total 84992K, used 1784K [0x00000000c0000000, 0x00000000c5300000, 0x00000000eab00000)
  object space 84992K, 2% used [0x00000000c0000000,0x00000000c01be0a0,0x00000000c5300000)
 Metaspace       used 5854K, capacity 6896K, committed 7040K, reserved 1056768K
  class space    used 591K, capacity 616K, committed 640K, reserved 1048576K
}
Event: 1.349 GC heap before
{Heap before GC invocations=2 (full 0):
 PSYoungGen      total 36864K, used 36852K [0x00000000eab00000, 0x00000000ef300000, 0x0000000100000000)
  eden space 31744K, 100% used [0x00000000eab00000,0x00000000eca00000,0x00000000eca00000)
  from space 5120K, 99% used [0x00000000eca00000,0x00000000ecefd2c0,0x00000000ecf00000)
  to   space 5120K, 0% used [0x00000000eee00000,0x00000000eee00000,0x00000000ef300000)
 ParOldGen       total 84992K, used 1784K [0x00000000c0000000, 0x00000000c5300000, 0x00000000eab00000)
  object space 84992K, 2% used [0x00000000c0000000,0x00000000c01be0a0,0x00000000c5300000)
 Metaspace       used 6097K, capacity 7032K, committed 7296K, reserved 1056768K
  class space    used 610K, capacity 624K, committed 640K, reserved 1048576K
Event: 1.407 GC heap after
Heap after GC invocations=2 (full 0):
 PSYoungGen      total 68608K, used 5106K [0x00000000eab00000, 0x00000000ef300000, 0x0000000100000000)
  eden space 63488K, 0% used [0x00000000eab00000,0x00000000eab00000,0x00000000ee900000)
  from space 5120K, 99% used [0x00000000eee00000,0x00000000ef2fca48,0x00000000ef300000)
  to   space 5120K, 0% used [0x00000000ee900000,0x00000000ee900000,0x00000000eee00000)
 ParOldGen       total 84992K, used 5745K [0x00000000c0000000, 0x00000000c5300000, 0x00000000eab00000)
  object space 84992K, 6% used [0x00000000c0000000,0x00000000c059c4f0,0x00000000c5300000)
 Metaspace       used 6097K, capacity 7032K, committed 7296K, reserved 1056768K
  class space    used 610K, capacity 624K, committed 640K, reserved 1048576K
}
Event: 1.864 GC heap before
{Heap before GC invocations=3 (full 0):
 PSYoungGen      total 68608K, used 68594K [0x00000000eab00000, 0x00000000ef300000, 0x0000000100000000)
  eden space 63488K, 100% used [0x00000000eab00000,0x00000000ee900000,0x00000000ee900000)
  from space 5120K, 99% used [0x00000000eee00000,0x00000000ef2fca48,0x00000000ef300000)
  to   space 5120K, 0% used [0x00000000ee900000,0x00000000ee900000,0x00000000eee00000)
 ParOldGen       total 84992K, used 5745K [0x00000000c0000000, 0x00000000c5300000, 0x00000000eab00000)
  object space 84992K, 6% used [0x00000000c0000000,0x00000000c059c4f0,0x00000000c5300000)
 Metaspace       used 6219K, capacity 7160K, committed 7296K, reserved 1056768K
  class space    used 610K, capacity 624K, committed 640K, reserved 1048576K
Event: 1.899 GC heap after
Heap after GC invocations=3 (full 0):
 PSYoungGen      total 68608K, used 5092K [0x00000000eab00000, 0x00000000ef300000, 0x0000000100000000)
  eden space 63488K, 0% used [0x00000000eab00000,0x00000000eab00000,0x00000000ee900000)
  from space 5120K, 99% used [0x00000000ee900000,0x00000000eedf9308,0x00000000eee00000)
  to   space 5120K, 0% used [0x00000000eee00000,0x00000000eee00000,0x00000000ef300000)
 ParOldGen       total 84992K, used 14429K [0x00000000c0000000, 0x00000000c5300000, 0x00000000eab00000)
  object space 84992K, 16% used [0x00000000c0000000,0x00000000c0e177d8,0x00000000c5300000)
 Metaspace       used 6219K, capacity 7160K, committed 7296K, reserved 1056768K
  class space    used 610K, capacity 624K, committed 640K, reserved 1048576K
}

Deoptimization events (10 events):
Event: 1.273 Thread 0x00000000174e7800 Uncommon trap: reason=bimorphic action=maybe_recompile pc=0x0000000002c8e770 method=com.android.dx.cf.code.BytecodeArray.parseInstruction(ILcom/android/dx/cf/code/BytecodeArray$Visitor;)I @ 907
Event: 1.410 Thread 0x00000000026b0800 Uncommon trap: reason=unloaded action=reinterpret pc=0x0000000002c3b108 method=com.android.dx.cf.cst.ConstantPoolParser.parse0(ILjava/util/BitSet;)Lcom/android/dx/rop/cst/Constant; @ 198
Event: 1.477 Thread 0x00000000174c2800 Uncommon trap: reason=null_check action=make_not_entrant pc=0x0000000002c01ee8 method=com.android.dx.rop.type.Type.equals(Ljava/lang/Object;)Z @ 8
Event: 1.530 Thread 0x000000001753b000 Uncommon trap: reason=class_check action=maybe_recompile pc=0x0000000002d92ee4 method=com.android.dx.rop.code.RegisterSpec.withSimpleType()Lcom/android/dx/rop/code/RegisterSpec; @ 21
Event: 1.536 Thread 0x000000001753b000 Uncommon trap: reason=unstable_if action=reinterpret pc=0x0000000002d919d8 method=com.android.dx.rop.code.RegisterSpec.equals(ILcom/android/dx/rop/type/TypeBearer;Lcom/android/dx/rop/code/LocalItem;)Z @ 42
Event: 1.599 Thread 0x00000000026b0800 Uncommon trap: reason=unstable_if action=reinterpret pc=0x0000000002ca6074 method=com.android.dx.ssa.SCCP.simulateStmt(Lcom/android/dx/ssa/SsaInsn;)V @ 59
Event: 1.951 Thread 0x00000000174e7800 Uncommon trap: reason=unstable_if action=reinterpret pc=0x0000000002d1f0d0 method=com.android.dx.ssa.LiteralOpUpgrader$1.visitNonMoveInsn(Lcom/android/dx/ssa/NormalSsaInsn;)V @ 55
Event: 1.953 Thread 0x00000000174e7800 Uncommon trap: reason=unstable_if action=reinterpret pc=0x0000000002b5cedc method=com.android.dx.ssa.SsaMethod.updateOneDefinition(Lcom/android/dx/ssa/SsaInsn;Lcom/android/dx/rop/code/RegisterSpec;)V @ 4
Event: 1.963 Thread 0x00000000026b0800 Uncommon trap: reason=bimorphic action=maybe_recompile pc=0x0000000002e4dbf0 method=com.android.dx.cf.code.BytecodeArray.parseInstruction(ILcom/android/dx/cf/code/BytecodeArray$Visitor;)I @ 2135
Event: 1.963 Thread 0x00000000026b0800 Uncommon trap: reason=bimorphic action=maybe_recompile pc=0x0000000002e4dbf0 method=com.android.dx.cf.code.BytecodeArray.parseInstruction(ILcom/android/dx/cf/code/BytecodeArray$Visitor;)I @ 2135

Internal exceptions (7 events):
Event: 0.026 Thread 0x00000000026b0800 Exception <a 'java/lang/NoSuchMethodError': Method sun.misc.Unsafe.defineClass(Ljava/lang/String;[BII)Ljava/lang/Class; name or signature does not match> (0x00000000eab07cc0) thrown at [C:\re\workspace\8-2-build-windows-amd64-cygwin\jdk8u74\6087\hotspot\srò;¦B–š?
Event: 0.026 Thread 0x00000000026b0800 Exception <a 'java/lang/NoSuchMethodError': Method sun.misc.Unsafe.prefetchRead(Ljava/lang/Object;J)V name or signature does not match> (0x00000000eab07fa8) thrown at [C:\re\workspace\8-2-build-windows-amd64-cygwin\jdk8u74\6087\hotspot\src\share\vm\prims\j1lY.øï?
Event: 0.999 Thread 0x00000000026b0800 Exception <a 'java/lang/ArrayIndexOutOfBoundsException': 18> (0x00000000eaeb3f08) thrown at [C:\re\workspace\8-2-build-windows-amd64-cygwin\jdk8u74\6087\hotspot\src\share\vm\interpreter\interpreterRuntime.cpp, line 366]
Event: 0.999 Thread 0x00000000026b0800 Exception <a 'java/lang/ArrayIndexOutOfBoundsException': 145> (0x00000000eaeb5a88) thrown at [C:\re\workspace\8-2-build-windows-amd64-cygwin\jdk8u74\6087\hotspot\src\share\vm\interpreter\interpreterRuntime.cpp, line 366]
Event: 1.011 Thread 0x00000000026b0800 Exception <a 'java/lang/ArrayIndexOutOfBoundsException'> (0x00000000eaeb6d70) thrown at [C:\re\workspace\8-2-build-windows-amd64-cygwin\jdk8u74\6087\hotspot\src\share\vm\runtime\sharedRuntime.cpp, line 605]
Event: 1.099 Thread 0x00000000174e7800 Implicit null exception at 0x0000000002a694f4 to 0x0000000002a6ac91
Event: 1.477 Thread 0x00000000174c2800 Implicit null exception at 0x0000000002c01de2 to 0x0000000002c01eda

Events (10 events):
Event: 1.952 loading class com/android/dx/rop/code/RegOps done
Event: 1.953 Thread 0x00000000174e7800 Uncommon trap: trap_request=0xffffff65 fr.pc=0x0000000002b5cedc
Event: 1.953 Thread 0x00000000174e7800 DEOPT PACKING pc=0x0000000002b5cedc sp=0x00000000180ce810
Event: 1.953 Thread 0x00000000174e7800 DEOPT UNPACKING pc=0x000000000280582a sp=0x00000000180ce7b8 mode 2
Event: 1.963 Thread 0x00000000026b0800 Uncommon trap: trap_request=0xffffffc6 fr.pc=0x0000000002e4dbf0
Event: 1.963 Thread 0x00000000026b0800 DEOPT PACKING pc=0x0000000002e4dbf0 sp=0x000000000267df70
Event: 1.963 Thread 0x00000000026b0800 DEOPT UNPACKING pc=0x000000000280582a sp=0x000000000267df20 mode 2
Event: 1.963 Thread 0x00000000026b0800 Uncommon trap: trap_request=0xffffffc6 fr.pc=0x0000000002e4dbf0
Event: 1.963 Thread 0x00000000026b0800 DEOPT PACKING pc=0x0000000002e4dbf0 sp=0x000000000267df70
Event: 1.963 Thread 0x00000000026b0800 DEOPT UNPACKING pc=0x000000000280582a sp=0x000000000267df20 mode 2


Dynamic libraries:
0x00007ff68c1f0000 - 0x00007ff68c227000 	C:\Program Files\Java\jdk1.8.0_74\bin\java.exe
0x00007ffd60290000 - 0x00007ffd60461000 	C:\WINDOWS\SYSTEM32\ntdll.dll
0x00007ffd5e010000 - 0x00007ffd5e0bb000 	C:\WINDOWS\System32\KERNEL32.DLL
0x00007ffd42060000 - 0x00007ffd42093000 	C:\Program Files (x86)\AVG\Av\avghooka.dll
0x00007ffd5d330000 - 0x00007ffd5d54d000 	C:\WINDOWS\System32\KERNELBASE.dll
0x00007ffd601d0000 - 0x00007ffd60272000 	C:\WINDOWS\System32\ADVAPI32.dll
0x00007ffd5eaf0000 - 0x00007ffd5eb8e000 	C:\WINDOWS\System32\msvcrt.dll
0x00007ffd5ea90000 - 0x00007ffd5eae9000 	C:\WINDOWS\System32\sechost.dll
0x00007ffd5dc90000 - 0x00007ffd5ddb1000 	C:\WINDOWS\System32\RPCRT4.dll
0x00007ffd5dea0000 - 0x00007ffd5e005000 	C:\WINDOWS\System32\USER32.dll
0x00007ffd5d550000 - 0x00007ffd5d56e000 	C:\WINDOWS\System32\win32u.dll
0x00007ffd5ea30000 - 0x00007ffd5ea64000 	C:\WINDOWS\System32\GDI32.dll
0x00007ffd5d620000 - 0x00007ffd5d7a2000 	C:\WINDOWS\System32\gdi32full.dll
0x00007ffd52d60000 - 0x00007ffd52fd9000 	C:\WINDOWS\WinSxS\amd64_microsoft.windows.common-controls_6595b64144ccf1df_6.0.14393.0_none_2d0f50fcbdb171b8\COMCTL32.dll
0x00007ffd5e120000 - 0x00007ffd5e3e7000 	C:\WINDOWS\System32\combase.dll
0x00007ffd5ca40000 - 0x00007ffd5cb35000 	C:\WINDOWS\System32\ucrtbase.dll
0x00007ffd5c800000 - 0x00007ffd5c86a000 	C:\WINDOWS\System32\bcryptPrimitives.dll
0x00007ffd5eb90000 - 0x00007ffd5ebbe000 	C:\WINDOWS\System32\IMM32.DLL
0x0000000069190000 - 0x0000000069262000 	C:\Program Files\Java\jdk1.8.0_74\jre\bin\msvcr100.dll
0x00000000677f0000 - 0x0000000068080000 	C:\Program Files\Java\jdk1.8.0_74\jre\bin\server\jvm.dll
0x00007ffd5ddd0000 - 0x00007ffd5ddd8000 	C:\WINDOWS\System32\PSAPI.DLL
0x00007ffd4cad0000 - 0x00007ffd4cad9000 	C:\WINDOWS\SYSTEM32\WSOCK32.dll
0x00007ffd5e3f0000 - 0x00007ffd5e45a000 	C:\WINDOWS\System32\WS2_32.dll
0x00007ffd5aac0000 - 0x00007ffd5aae3000 	C:\WINDOWS\SYSTEM32\WINMM.dll
0x00007ffd58140000 - 0x00007ffd5814a000 	C:\WINDOWS\SYSTEM32\VERSION.dll
0x00007ffd5a450000 - 0x00007ffd5a47b000 	C:\WINDOWS\SYSTEM32\WINMMBASE.dll
0x00007ffd5d7b0000 - 0x00007ffd5d7f2000 	C:\WINDOWS\System32\cfgmgr32.dll
0x0000000069180000 - 0x000000006918f000 	C:\Program Files\Java\jdk1.8.0_74\jre\bin\verify.dll
0x0000000069150000 - 0x0000000069179000 	C:\Program Files\Java\jdk1.8.0_74\jre\bin\java.dll
0x0000000069130000 - 0x0000000069146000 	C:\Program Files\Java\jdk1.8.0_74\jre\bin\zip.dll
0x00007ffd5ebc0000 - 0x00007ffd600c8000 	C:\WINDOWS\System32\SHELL32.dll
0x00007ffd5cb40000 - 0x00007ffd5d21a000 	C:\WINDOWS\System32\windows.storage.dll
0x00007ffd5c710000 - 0x00007ffd5c75c000 	C:\WINDOWS\System32\powrprof.dll
0x00007ffd5e0c0000 - 0x00007ffd5e112000 	C:\WINDOWS\System32\shlwapi.dll
0x00007ffd5c700000 - 0x00007ffd5c70f000 	C:\WINDOWS\System32\kernel.appcore.dll
0x00007ffd5d570000 - 0x00007ffd5d619000 	C:\WINDOWS\System32\shcore.dll
0x00007ffd5c6d0000 - 0x00007ffd5c6e4000 	C:\WINDOWS\System32\profapi.dll

VM Arguments:
jvm_args: -Djava.awt.headless=true -Xmx1024M -Dfile.encoding=windows-1251 -Duser.country=RU -Duser.language=ru -Duser.variant 
java_command: com.android.dx.command.Main --dex --force-jumbo --num-threads=4 --multi-dex --output D:\Android\WorkSpace\BeerMap\app\build\intermediates\transforms\dex\debug\folders\1000\10\com.android.support-support-core-ui-24.2.1_718c615656f930069bc8dc62ad7a6ac4e30daa7f D:\Android\WorkSpace\BeerMap\app\build\intermediates\exploded-aar\com.android.support\support-core-ui\24.2.1\jars\classes.jar
java_class_path (initial): D:\Android\SDK\build-tools\24.0.2\lib\dx.jar
Launcher Type: SUN_STANDARD

Environment Variables:
JAVA_HOME=C:\Program Files\Java\jdk1.8.0_74
PATH=C:\ProgramData\Oracle\Java\javapath;C:\Program Files (x86)\NVIDIA Corporation\PhysX\Common;C:\Program Files (x86)\Intel\iCLS Client\;C:\Program Files\Intel\iCLS Client\;C:\WINDOWS\system32;C:\WINDOWS;C:\WINDOWS\System32\Wbem;C:\WINDOWS\System32\WindowsPowerShell\v1.0\;C:\Program Files (x86)\Intel\OpenCL SDK\3.0\bin\x86;C:\Program Files (x86)\Intel\OpenCL SDK\3.0\bin\x64;C:\Program Files\Intel\Intel(R) Management Engine Components\DAL;C:\Program Files\Intel\Intel(R) Management Engine Components\IPT;C:\Program Files (x86)\Intel\Intel(R) Management Engine Components\DAL;C:\Program Files (x86)\Intel\Intel(R) Management Engine Components\IPT;C:\Program Files\OpenVPN\bin;C:\Program Files (x86)\Skype\Phone\;C:\Users\Admin\AppData\Local\Android\sdk\platform-tools;C:\Users\Admin\AppData\Local\Android\sdk\tools;C:\Users\Admin\AppData\Local\Microsoft\WindowsApps;
USERNAME=Admin
OS=Windows_NT
PROCESSOR_IDENTIFIER=Intel64 Family 6 Model 60 Stepping 3, GenuineIntel



---------------  S Y S T E M  ---------------

OS: Windows 10.0 , 64 bit Build 14393 (10.0.14393.0)

CPU:total 8 (4 cores per cpu, 2 threads per core) family 6 model 60 stepping 3, cmov, cx8, fxsr, mmx, sse, sse2, sse3, ssse3, sse4.1, sse4.2, popcnt, avx, avx2, aes, clmul, erms, lzcnt, ht, tsc, tscinvbit, bmi1, bmi2

Memory: 4k page, physical 8061740k(1329020k free), swap 10621740k(4656k free)

vm_info: Java HotSpot(TM) 64-Bit Server VM (25.74-b02) for windows-amd64 JRE (1.8.0_74-b02), built on Jan 29 2016 17:42:36 by "java_re" with MS VC++ 10.0 (VS2010)

time: Sun Oct 02 16:03:54 2016
elapsed time: 2 seconds (0d 0h 0m 2s)

