#
# There is insufficient memory for the Java Runtime Environment to continue.
# Native memory allocation (malloc) failed to allocate 1387856 bytes for Chunk::new
# Possible reasons:
#   The system is out of physical RAM or swap space
#   In 32 bit mode, the process size limit was hit
# Possible solutions:
#   Reduce memory load on the system
#   Increase physical memory or swap space
#   Check if swap backing store is full
#   Use 64 bit Java on a 64 bit OS
#   Decrease Java heap size (-Xmx/-Xms)
#   Decrease number of Java threads
#   Decrease Java thread stack sizes (-Xss)
#   Set larger code cache with -XX:ReservedCodeCacheSize=
# This output file may be truncated or incomplete.
#
#  Out of Memory Error (allocation.cpp:390), pid=5928, tid=13548
#
# JRE version: Java(TM) SE Runtime Environment (8.0_74-b02) (build 1.8.0_74-b02)
# Java VM: Java HotSpot(TM) 64-Bit Server VM (25.74-b02 mixed mode windows-amd64 compressed oops)
# Failed to write core dump. Minidumps are not enabled by default on client versions of Windows
#

---------------  T H R E A D  ---------------

Current thread (0x0000000016ffe800):  JavaThread "C2 CompilerThread0" daemon [_thread_in_native, id=13548, stack(0x00000000177d0000,0x00000000178d0000)]

Stack: [0x00000000177d0000,0x00000000178d0000]
[error occurred during error reporting (printing stack bounds), id 0xc0000005]

Native frames: (J=compiled Java code, j=interpreted, Vv=VM code, C=native code)


Current CompileTask:
C2:   1770 1196       4       com.android.dx.rop.code.Rops::ropFor (771 bytes)


---------------  P R O C E S S  ---------------

Java Threads: ( => current thread )
  0x00000000172ae800 JavaThread "pool-1-thread-4" [_thread_in_Java, id=13324, stack(0x00000000181d0000,0x00000000182d0000)]
  0x00000000172ad800 JavaThread "pool-1-thread-3" [_thread_in_Java, id=9632, stack(0x00000000180d0000,0x00000000181d0000)]
  0x00000000172a3800 JavaThread "pool-1-thread-2" [_thread_in_Java, id=14280, stack(0x0000000017fd0000,0x00000000180d0000)]
  0x000000001718d800 JavaThread "pool-2-thread-1" [_thread_blocked, id=12296, stack(0x0000000017ed0000,0x0000000017fd0000)]
  0x000000001718c000 JavaThread "pool-1-thread-1" [_thread_in_Java, id=14912, stack(0x0000000017dd0000,0x0000000017ed0000)]
  0x0000000017061800 JavaThread "Service Thread" daemon [_thread_blocked, id=14540, stack(0x0000000017bd0000,0x0000000017cd0000)]
  0x000000001705c000 JavaThread "C1 CompilerThread3" daemon [_thread_blocked, id=8476, stack(0x0000000017ad0000,0x0000000017bd0000)]
  0x0000000017059000 JavaThread "C2 CompilerThread2" daemon [_thread_in_native, id=12804, stack(0x00000000179d0000,0x0000000017ad0000)]
  0x0000000017057000 JavaThread "C2 CompilerThread1" daemon [_thread_in_native, id=8604, stack(0x00000000178d0000,0x00000000179d0000)]
=>0x0000000016ffe800 JavaThread "C2 CompilerThread0" daemon [_thread_in_native, id=13548, stack(0x00000000177d0000,0x00000000178d0000)]
  0x0000000016ff9000 JavaThread "Attach Listener" daemon [_thread_blocked, id=14192, stack(0x00000000176d0000,0x00000000177d0000)]
  0x0000000017005800 JavaThread "Signal Dispatcher" daemon [_thread_blocked, id=14740, stack(0x00000000175d0000,0x00000000176d0000)]
  0x000000000258e000 JavaThread "Finalizer" daemon [_thread_blocked, id=9780, stack(0x00000000173d0000,0x00000000174d0000)]
  0x0000000002585000 JavaThread "Reference Handler" daemon [_thread_blocked, id=14388, stack(0x0000000016ed0000,0x0000000016fd0000)]
  0x0000000002490800 JavaThread "main" [_thread_blocked, id=3088, stack(0x0000000002370000,0x0000000002470000)]

Other Threads:
  0x00000000150c9800 VMThread [stack: 0x0000000016dd0000,0x0000000016ed0000] [id=13928]
  0x0000000017079800 WatcherThread [stack: 0x0000000017cd0000,0x0000000017dd0000] [id=11204]

VM state:not at safepoint (normal execution)

VM Mutex/Monitor currently owned by a thread: None

Heap:
 PSYoungGen      total 36864K, used 30028K [0x00000000eab00000, 0x00000000ed400000, 0x0000000100000000)
  eden space 31744K, 78% used [0x00000000eab00000,0x00000000ec358460,0x00000000eca00000)
  from space 5120K, 99% used [0x00000000eca00000,0x00000000ecefaf98,0x00000000ecf00000)
  to   space 5120K, 0% used [0x00000000ecf00000,0x00000000ecf00000,0x00000000ed400000)
 ParOldGen       total 84992K, used 3290K [0x00000000c0000000, 0x00000000c5300000, 0x00000000eab00000)
  object space 84992K, 3% used [0x00000000c0000000,0x00000000c0336a28,0x00000000c5300000)
 Metaspace       used 5719K, capacity 6832K, committed 7040K, reserved 1056768K
  class space    used 578K, capacity 616K, committed 640K, reserved 1048576K

Card table byte_map: [0x0000000011950000,0x0000000011b60000] byte_map_base: 0x0000000011350000

Marking Bits: (ParMarkBitMap*) 0x0000000069ad0600
 Begin Bits: [0x00000000124c0000, 0x00000000134c0000)
 End Bits:   [0x00000000134c0000, 0x00000000144c0000)

Polling page: 0x0000000000c10000

CodeCache: size=245760Kb used=4849Kb max_used=4868Kb free=240910Kb
 bounds [0x0000000002590000, 0x0000000002a60000, 0x0000000011590000]
 total_blobs=1473 nmethods=1212 adapters=174
 compilation: enabled

Compilation events (10 events):
Event: 1.730 Thread 0x0000000017057000 1220       4       com.android.dx.cf.code.RopperMachine::getSources (264 bytes)
Event: 1.730 Thread 0x000000001705c000 nmethod 1221 0x0000000002a4b110 code [0x0000000002a4b460, 0x0000000002a4d098]
Event: 1.743 Thread 0x0000000017057000 nmethod 1220 0x0000000002a4ff10 code [0x0000000002a50100, 0x0000000002a50b98]
Event: 1.743 Thread 0x0000000017057000 1219       4       com.android.dx.cf.code.BaseMachine::storeResults (90 bytes)
Event: 1.752 Thread 0x000000001705c000 1227       2       com.android.dx.ssa.SsaConverter::nodeNeedsUniquePredecessor (32 bytes)
Event: 1.752 Thread 0x000000001705c000 nmethod 1227 0x0000000002a3a910 code [0x0000000002a3aa80, 0x0000000002a3ac38]
Event: 1.754 Thread 0x0000000017057000 nmethod 1219 0x0000000002a4e410 code [0x0000000002a4e5e0, 0x0000000002a4f0c8]
Event: 1.755 Thread 0x0000000017057000 1222   !   4       com.android.dx.cf.code.RopperMachine::run (1550 bytes)
Event: 1.763 Thread 0x0000000017059000 nmethod 1206 0x0000000002a57410 code [0x0000000002a576c0, 0x0000000002a595e0]
Event: 1.763 Thread 0x0000000017059000 1229   !   4       com.android.dx.cf.code.Ropper::processBlock (1101 bytes)

GC Heap History (2 events):
Event: 1.459 GC heap before
{Heap before GC invocations=1 (full 0):
 PSYoungGen      total 36864K, used 31744K [0x00000000eab00000, 0x00000000ed400000, 0x0000000100000000)
  eden space 31744K, 100% used [0x00000000eab00000,0x00000000eca00000,0x00000000eca00000)
  from space 5120K, 0% used [0x00000000ecf00000,0x00000000ecf00000,0x00000000ed400000)
  to   space 5120K, 0% used [0x00000000eca00000,0x00000000eca00000,0x00000000ecf00000)
 ParOldGen       total 84992K, used 0K [0x00000000c0000000, 0x00000000c5300000, 0x00000000eab00000)
  object space 84992K, 0% used [0x00000000c0000000,0x00000000c0000000,0x00000000c5300000)
 Metaspace       used 5703K, capacity 6832K, committed 7040K, reserved 1056768K
  class space    used 577K, capacity 616K, committed 640K, reserved 1048576K
Event: 1.554 GC heap after
Heap after GC invocations=1 (full 0):
 PSYoungGen      total 36864K, used 5099K [0x00000000eab00000, 0x00000000ed400000, 0x0000000100000000)
  eden space 31744K, 0% used [0x00000000eab00000,0x00000000eab00000,0x00000000eca00000)
  from space 5120K, 99% used [0x00000000eca00000,0x00000000ecefaf98,0x00000000ecf00000)
  to   space 5120K, 0% used [0x00000000ecf00000,0x00000000ecf00000,0x00000000ed400000)
 ParOldGen       total 84992K, used 3290K [0x00000000c0000000, 0x00000000c5300000, 0x00000000eab00000)
  object space 84992K, 3% used [0x00000000c0000000,0x00000000c0336a28,0x00000000c5300000)
 Metaspace       used 5703K, capacity 6832K, committed 7040K, reserved 1056768K
  class space    used 577K, capacity 616K, committed 640K, reserved 1048576K
}

Deoptimization events (10 events):
Event: 1.256 Thread 0x00000000172a3800 Uncommon trap: reason=unloaded action=reinterpret pc=0x000000000281ec2c method=com.android.dx.ssa.SsaRenamer$BlockRenamer.visitMoveInsn(Lcom/android/dx/ssa/NormalSsaInsn;)V @ 208
Event: 1.256 Thread 0x00000000172a3800 Uncommon trap: reason=unstable_if action=reinterpret pc=0x000000000290314c method=com.android.dx.ssa.NormalSsaInsn.getLocalAssignment()Lcom/android/dx/rop/code/RegisterSpec; @ 12
Event: 1.256 Thread 0x00000000172a3800 Uncommon trap: reason=unstable_if action=reinterpret pc=0x00000000028f3b30 method=com.android.dx.ssa.NormalSsaInsn.getLocalAssignment()Lcom/android/dx/rop/code/RegisterSpec; @ 12
Event: 1.281 Thread 0x0000000002490800 Uncommon trap: reason=unstable_if action=reinterpret pc=0x000000000271a9d0 method=java.lang.String.<init>([CII)V @ 18
Event: 1.358 Thread 0x00000000172ad800 Uncommon trap: reason=class_check action=maybe_recompile pc=0x000000000288a128 method=com.android.dx.rop.type.Type.equals(Ljava/lang/Object;)Z @ 8
Event: 1.358 Thread 0x00000000172ad800 Uncommon trap: reason=unstable_if action=reinterpret pc=0x0000000002858c7c method=com.android.dx.rop.code.RegisterSpec.equals(ILcom/android/dx/rop/type/TypeBearer;Lcom/android/dx/rop/code/LocalItem;)Z @ 16
Event: 1.358 Thread 0x00000000172ad800 Uncommon trap: reason=class_check action=maybe_recompile pc=0x000000000288a128 method=com.android.dx.rop.type.Type.equals(Ljava/lang/Object;)Z @ 8
Event: 1.385 Thread 0x00000000172ae800 Uncommon trap: reason=unstable_if action=reinterpret pc=0x000000000299cd20 method=com.android.dx.cf.code.BasicBlocker.addWorkIfNecessary(IZ)V @ 8
Event: 1.700 Thread 0x00000000172ae800 Uncommon trap: reason=class_check action=maybe_recompile pc=0x000000000288a128 method=com.android.dx.rop.type.Type.equals(Ljava/lang/Object;)Z @ 8
Event: 1.700 Thread 0x00000000172ae800 Uncommon trap: reason=class_check action=maybe_recompile pc=0x000000000288a128 method=com.android.dx.rop.type.Type.equals(Ljava/lang/Object;)Z @ 8

Internal exceptions (2 events):
Event: 0.032 Thread 0x0000000002490800 Exception <a 'java/lang/NoSuchMethodError': Method sun.misc.Unsafe.defineClass(Ljava/lang/String;[BII)Ljava/lang/Class; name or signature does not match> (0x00000000eab07cc0) thrown at [C:\re\workspace\8-2-build-windows-amd64-cygwin\jdk8u74\6087\hotspot\srlB>“F ?
Event: 0.032 Thread 0x0000000002490800 Exception <a 'java/lang/NoSuchMethodError': Method sun.misc.Unsafe.prefetchRead(Ljava/lang/Object;J)V name or signature does not match> (0x00000000eab07fa8) thrown at [C:\re\workspace\8-2-build-windows-amd64-cygwin\jdk8u74\6087\hotspot\src\share\vm\prims\j

Events (10 events):
Event: 1.700 Thread 0x00000000172ae800 DEOPT UNPACKING pc=0x00000000025d582a sp=0x00000000182cde38 mode 2
Event: 1.700 Thread 0x00000000172ae800 Uncommon trap: trap_request=0xffffffde fr.pc=0x000000000288a128
Event: 1.700 Thread 0x00000000172ae800 DEOPT PACKING pc=0x000000000288a128 sp=0x00000000182cdd00
Event: 1.700 Thread 0x00000000172ae800 DEOPT UNPACKING pc=0x00000000025d582a sp=0x00000000182cdc98 mode 2
Event: 1.716 loading class java/util/HashMap$KeySet
Event: 1.716 loading class java/util/HashMap$KeySet done
Event: 1.716 loading class java/util/HashMap$KeyIterator
Event: 1.716 loading class java/util/HashMap$KeyIterator done
Event: 1.752 Thread 0x000000001718c000 DEOPT PACKING pc=0x00000000028c1929 sp=0x0000000017eceb30
Event: 1.752 Thread 0x000000001718c000 DEOPT UNPACKING pc=0x00000000025d787f sp=0x0000000017ece828 mode 0


Dynamic libraries:
0x00007ff6a1e90000 - 0x00007ff6a1ec7000 	C:\Program Files\Java\jdk1.8.0_74\bin\java.exe
0x00007ff898370000 - 0x00007ff898541000 	C:\WINDOWS\SYSTEM32\ntdll.dll
0x00007ff895a80000 - 0x00007ff895b2b000 	C:\WINDOWS\System32\KERNEL32.DLL
0x00007ff87c8f0000 - 0x00007ff87c923000 	C:\Program Files (x86)\AVG\Av\avghooka.dll
0x00007ff894ab0000 - 0x00007ff894ccd000 	C:\WINDOWS\System32\KERNELBASE.dll
0x00007ff897620000 - 0x00007ff8976c2000 	C:\WINDOWS\System32\ADVAPI32.dll
0x00007ff898000000 - 0x00007ff89809e000 	C:\WINDOWS\System32\msvcrt.dll
0x00007ff8979a0000 - 0x00007ff8979f9000 	C:\WINDOWS\System32\sechost.dll
0x00007ff897870000 - 0x00007ff897991000 	C:\WINDOWS\System32\RPCRT4.dll
0x00007ff8976d0000 - 0x00007ff897835000 	C:\WINDOWS\System32\USER32.dll
0x00007ff895650000 - 0x00007ff89566e000 	C:\WINDOWS\System32\win32u.dll
0x00007ff897fc0000 - 0x00007ff897ff4000 	C:\WINDOWS\System32\GDI32.dll
0x00007ff894d80000 - 0x00007ff894f02000 	C:\WINDOWS\System32\gdi32full.dll
0x00007ff8831d0000 - 0x00007ff883449000 	C:\WINDOWS\WinSxS\amd64_microsoft.windows.common-controls_6595b64144ccf1df_6.0.14393.0_none_2d0f50fcbdb171b8\COMCTL32.dll
0x00007ff895b40000 - 0x00007ff895e07000 	C:\WINDOWS\System32\combase.dll
0x00007ff894840000 - 0x00007ff894935000 	C:\WINDOWS\System32\ucrtbase.dll
0x00007ff894a40000 - 0x00007ff894aaa000 	C:\WINDOWS\System32\bcryptPrimitives.dll
0x00007ff897840000 - 0x00007ff89786e000 	C:\WINDOWS\System32\IMM32.DLL
0x000000006a9c0000 - 0x000000006aa92000 	C:\Program Files\Java\jdk1.8.0_74\jre\bin\msvcr100.dll
0x00000000692c0000 - 0x0000000069b50000 	C:\Program Files\Java\jdk1.8.0_74\jre\bin\server\jvm.dll
0x00007ff897eb0000 - 0x00007ff897eb8000 	C:\WINDOWS\System32\PSAPI.DLL
0x00007ff889110000 - 0x00007ff889119000 	C:\WINDOWS\SYSTEM32\WSOCK32.dll
0x00007ff897e30000 - 0x00007ff897e9a000 	C:\WINDOWS\System32\WS2_32.dll
0x00007ff8921b0000 - 0x00007ff8921d3000 	C:\WINDOWS\SYSTEM32\WINMM.dll
0x00007ff892cf0000 - 0x00007ff892cfa000 	C:\WINDOWS\SYSTEM32\VERSION.dll
0x00007ff892150000 - 0x00007ff89217b000 	C:\WINDOWS\SYSTEM32\WINMMBASE.dll
0x00007ff8949f0000 - 0x00007ff894a32000 	C:\WINDOWS\System32\cfgmgr32.dll
0x000000006ad30000 - 0x000000006ad3f000 	C:\Program Files\Java\jdk1.8.0_74\jre\bin\verify.dll
0x000000006ad00000 - 0x000000006ad29000 	C:\Program Files\Java\jdk1.8.0_74\jre\bin\java.dll
0x000000006ace0000 - 0x000000006acf6000 	C:\Program Files\Java\jdk1.8.0_74\jre\bin\zip.dll
0x00007ff896110000 - 0x00007ff897618000 	C:\WINDOWS\System32\SHELL32.dll
0x00007ff894f10000 - 0x00007ff8955ea000 	C:\WINDOWS\System32\windows.storage.dll
0x00007ff8947c0000 - 0x00007ff89480c000 	C:\WINDOWS\System32\powrprof.dll
0x00007ff8980a0000 - 0x00007ff8980f2000 	C:\WINDOWS\System32\shlwapi.dll
0x00007ff894810000 - 0x00007ff89481f000 	C:\WINDOWS\System32\kernel.appcore.dll
0x00007ff894940000 - 0x00007ff8949e9000 	C:\WINDOWS\System32\shcore.dll
0x00007ff894820000 - 0x00007ff894834000 	C:\WINDOWS\System32\profapi.dll

VM Arguments:
jvm_args: -Djava.awt.headless=true -Xmx1024M -Dfile.encoding=windows-1251 -Duser.country=RU -Duser.language=ru -Duser.variant 
java_command: com.android.dx.command.Main --dex --force-jumbo --num-threads=4 --output D:\Android\WorkSpace\BeerMap\app\build\intermediates\pre-dexed\debug\main_089fed34cbedfbc8f7cb225449a59f469b12247e.jar D:\Android\WorkSpace\BeerMap\app\build\intermediates\transforms\instantRun\debug\folders\1\5\main
java_class_path (initial): D:\Android\SDK\build-tools\24.0.2\lib\dx.jar
Launcher Type: SUN_STANDARD

Environment Variables:
JAVA_HOME=C:\Program Files\Java\jdk1.8.0_74
PATH=C:\ProgramData\Oracle\Java\javapath;C:\Program Files (x86)\NVIDIA Corporation\PhysX\Common;C:\Program Files (x86)\Intel\iCLS Client\;C:\Program Files\Intel\iCLS Client\;C:\WINDOWS\system32;C:\WINDOWS;C:\WINDOWS\System32\Wbem;C:\WINDOWS\System32\WindowsPowerShell\v1.0\;C:\Program Files (x86)\Intel\OpenCL SDK\3.0\bin\x86;C:\Program Files (x86)\Intel\OpenCL SDK\3.0\bin\x64;C:\Program Files\Intel\Intel(R) Management Engine Components\DAL;C:\Program Files\Intel\Intel(R) Management Engine Components\IPT;C:\Program Files (x86)\Intel\Intel(R) Management Engine Components\DAL;C:\Program Files (x86)\Intel\Intel(R) Management Engine Components\IPT;C:\Program Files\OpenVPN\bin;C:\Program Files (x86)\Skype\Phone\;C:\Users\Admin\AppData\Local\Android\sdk\platform-tools;C:\Users\Admin\AppData\Local\Android\sdk\tools;C:\Users\Admin\AppData\Local\Microsoft\WindowsApps;
USERNAME=Admin
OS=Windows_NT
PROCESSOR_IDENTIFIER=Intel64 Family 6 Model 60 Stepping 3, GenuineIntel



---------------  S Y S T E M  ---------------

OS: Windows 10.0 , 64 bit Build 14393 (10.0.14393.0)

CPU:total 8 (4 cores per cpu, 2 threads per core) family 6 model 60 stepping 3, cmov, cx8, fxsr, mmx, sse, sse2, sse3, ssse3, sse4.1, sse4.2, popcnt, avx, avx2, aes, clmul, erms, lzcnt, ht, tsc, tscinvbit, bmi1, bmi2

Memory: 4k page, physical 8061740k(1360996k free), swap 10621740k(5828k free)

vm_info: Java HotSpot(TM) 64-Bit Server VM (25.74-b02) for windows-amd64 JRE (1.8.0_74-b02), built on Jan 29 2016 17:42:36 by "java_re" with MS VC++ 10.0 (VS2010)

time: Fri Sep 30 12:21:18 2016
elapsed time: 1 seconds (0d 0h 0m 1s)

