#
# There is insufficient memory for the Java Runtime Environment to continue.
# Native memory allocation (malloc) failed to allocate 65680 bytes for Chunk::new
# Possible reasons:
#   The system is out of physical RAM or swap space
#   In 32 bit mode, the process size limit was hit
# Possible solutions:
#   Reduce memory load on the system
#   Increase physical memory or swap space
#   Check if swap backing store is full
#   Use 64 bit Java on a 64 bit OS
#   Decrease Java heap size (-Xmx/-Xms)
#   Decrease number of Java threads
#   Decrease Java thread stack sizes (-Xss)
#   Set larger code cache with -XX:ReservedCodeCacheSize=
# This output file may be truncated or incomplete.
#
#  Out of Memory Error (allocation.cpp:390), pid=14332, tid=13972
#
# JRE version: Java(TM) SE Runtime Environment (8.0_74-b02) (build 1.8.0_74-b02)
# Java VM: Java HotSpot(TM) 64-Bit Server VM (25.74-b02 mixed mode windows-amd64 compressed oops)
# Failed to write core dump. Minidumps are not enabled by default on client versions of Windows
#

---------------  T H R E A D  ---------------

Current thread (0x00000000176d9800):  JavaThread "C2 CompilerThread0" daemon [_thread_in_native, id=13972, stack(0x0000000017ea0000,0x0000000017fa0000)]

Stack: [0x0000000017ea0000,0x0000000017fa0000]
[error occurred during error reporting (printing stack bounds), id 0xc0000005]

Native frames: (J=compiled Java code, j=interpreted, Vv=VM code, C=native code)


Current CompileTask:
C2:   2215 1431       4       com.android.dx.ssa.LocalVariableExtractor::processBlock (383 bytes)


---------------  P R O C E S S  ---------------

Java Threads: ( => current thread )
  0x00000000179f9000 JavaThread "pool-2-thread-4" [_thread_blocked, id=6232, stack(0x00000000190a0000,0x00000000191a0000)]
  0x0000000017a91800 JavaThread "pool-2-thread-3" [_thread_blocked, id=14760, stack(0x0000000018fa0000,0x00000000190a0000)]
  0x0000000017a8f000 JavaThread "pool-2-thread-2" [_thread_in_Java, id=9672, stack(0x0000000018ea0000,0x0000000018fa0000)]
  0x0000000017a6b000 JavaThread "pool-3-thread-1" [_thread_blocked, id=12552, stack(0x0000000018da0000,0x0000000018ea0000)]
  0x0000000017a64000 JavaThread "pool-2-thread-1" [_thread_in_vm, id=6812, stack(0x0000000018ca0000,0x0000000018da0000)]
  0x0000000017781800 JavaThread "Service Thread" daemon [_thread_blocked, id=8844, stack(0x00000000182a0000,0x00000000183a0000)]
  0x00000000176e5000 JavaThread "C1 CompilerThread3" daemon [_thread_in_vm, id=14456, stack(0x00000000181a0000,0x00000000182a0000)]
  0x00000000176df800 JavaThread "C2 CompilerThread2" daemon [_thread_in_native, id=3464, stack(0x00000000180a0000,0x00000000181a0000)]
  0x00000000176dc800 JavaThread "C2 CompilerThread1" daemon [_thread_in_native, id=14684, stack(0x0000000017fa0000,0x00000000180a0000)]
=>0x00000000176d9800 JavaThread "C2 CompilerThread0" daemon [_thread_in_native, id=13972, stack(0x0000000017ea0000,0x0000000017fa0000)]
  0x00000000176d8000 JavaThread "Attach Listener" daemon [_thread_blocked, id=7584, stack(0x0000000017da0000,0x0000000017ea0000)]
  0x00000000176d7000 JavaThread "Signal Dispatcher" daemon [_thread_blocked, id=12152, stack(0x0000000017ca0000,0x0000000017da0000)]
  0x0000000002cb9000 JavaThread "Finalizer" daemon [_thread_blocked, id=9080, stack(0x0000000017ab0000,0x0000000017bb0000)]
  0x0000000002cb4000 JavaThread "Reference Handler" daemon [_thread_blocked, id=14180, stack(0x00000000175b0000,0x00000000176b0000)]
  0x0000000002bc0800 JavaThread "main" [_thread_blocked, id=15336, stack(0x0000000002ac0000,0x0000000002bc0000)]

Other Threads:
  0x00000000157d9800 VMThread [stack: 0x00000000174b0000,0x00000000175b0000] [id=13784]
  0x0000000017783800 WatcherThread [stack: 0x00000000183a0000,0x00000000184a0000] [id=9832]

VM state:not at safepoint (normal execution)

VM Mutex/Monitor currently owned by a thread:  ([mutex/lock_event])
[0x0000000002a2bb30] CodeCache_lock - owner thread: 0x00000000176e5000
[0x0000000002a2d410] CompiledIC_lock - owner thread: 0x0000000017a8f000

Heap:
 PSYoungGen      total 36864K, used 13366K [0x00000000eab00000, 0x00000000ed400000, 0x0000000100000000)
  eden space 31744K, 26% used [0x00000000eab00000,0x00000000eb315808,0x00000000eca00000)
  from space 5120K, 99% used [0x00000000ecf00000,0x00000000ed3f81a0,0x00000000ed400000)
  to   space 5120K, 0% used [0x00000000eca00000,0x00000000eca00000,0x00000000ecf00000)
 ParOldGen       total 84992K, used 2954K [0x00000000c0000000, 0x00000000c5300000, 0x00000000eab00000)
  object space 84992K, 3% used [0x00000000c0000000,0x00000000c02e2a48,0x00000000c5300000)
 Metaspace       used 6150K, capacity 7026K, committed 7296K, reserved 1056768K
  class space    used 603K, capacity 618K, committed 640K, reserved 1048576K

Card table byte_map: [0x0000000012080000,0x0000000012290000] byte_map_base: 0x0000000011a80000

Marking Bits: (ParMarkBitMap*) 0x0000000069ad0600
 Begin Bits: [0x0000000012bf0000, 0x0000000013bf0000)
 End Bits:   [0x0000000013bf0000, 0x0000000014bf0000)

Polling page: 0x00000000010b0000

CodeCache: size=245760Kb used=6060Kb max_used=6060Kb free=239699Kb
 bounds [0x0000000002cc0000, 0x00000000032c0000, 0x0000000011cc0000]
 total_blobs=1758 nmethods=1489 adapters=182
 compilation: enabled

Compilation events (10 events):
Event: 2.210 Thread 0x00000000176e5000 1500       3       com.android.dx.rop.type.StdTypeList::getWordCount (33 bytes)
Event: 2.211 Thread 0x00000000176e5000 nmethod 1500 0x00000000032a5e90 code [0x00000000032a6020, 0x00000000032a6678]
Event: 2.211 Thread 0x00000000176e5000 1501       3       com.android.dx.ssa.back.SsaToRop::moveParametersToHighRegisters (88 bytes)
Event: 2.211 Thread 0x00000000176e5000 nmethod 1501 0x00000000032a9cd0 code [0x00000000032a9ea0, 0x00000000032aa778]
Event: 2.211 Thread 0x00000000176e5000 1503       3       com.android.dx.dex.file.AnnotationSetItem::<init> (83 bytes)
Event: 2.212 Thread 0x00000000176e5000 nmethod 1503 0x00000000032aaad0 code [0x00000000032aad80, 0x00000000032ac1e8]
Event: 2.212 Thread 0x00000000176e5000 1502       3       com.android.dx.rop.type.Prototype::compareTo (120 bytes)
Event: 2.213 Thread 0x00000000176e5000 nmethod 1502 0x00000000032acdd0 code [0x00000000032acfe0, 0x00000000032ade78]
Event: 2.213 Thread 0x00000000176e5000 1504       3       com.android.dx.cf.code.LocalVariableList$Item::matchesAllButType (53 bytes)
Event: 2.213 Thread 0x00000000176e5000 nmethod 1504 0x00000000032a5610 code [0x00000000032a57a0, 0x00000000032a5d08]

GC Heap History (4 events):
Event: 1.654 GC heap before
{Heap before GC invocations=1 (full 0):
 PSYoungGen      total 36864K, used 31744K [0x00000000eab00000, 0x00000000ed400000, 0x0000000100000000)
  eden space 31744K, 100% used [0x00000000eab00000,0x00000000eca00000,0x00000000eca00000)
  from space 5120K, 0% used [0x00000000ecf00000,0x00000000ecf00000,0x00000000ed400000)
  to   space 5120K, 0% used [0x00000000eca00000,0x00000000eca00000,0x00000000ecf00000)
 ParOldGen       total 84992K, used 0K [0x00000000c0000000, 0x00000000c5300000, 0x00000000eab00000)
  object space 84992K, 0% used [0x00000000c0000000,0x00000000c0000000,0x00000000c5300000)
 Metaspace       used 5833K, capacity 6768K, committed 7040K, reserved 1056768K
  class space    used 601K, capacity 616K, committed 640K, reserved 1048576K
Event: 1.660 GC heap after
Heap after GC invocations=1 (full 0):
 PSYoungGen      total 36864K, used 4845K [0x00000000eab00000, 0x00000000ed400000, 0x0000000100000000)
  eden space 31744K, 0% used [0x00000000eab00000,0x00000000eab00000,0x00000000eca00000)
  from space 5120K, 94% used [0x00000000eca00000,0x00000000ecebb410,0x00000000ecf00000)
  to   space 5120K, 0% used [0x00000000ecf00000,0x00000000ecf00000,0x00000000ed400000)
 ParOldGen       total 84992K, used 8K [0x00000000c0000000, 0x00000000c5300000, 0x00000000eab00000)
  object space 84992K, 0% used [0x00000000c0000000,0x00000000c0002000,0x00000000c5300000)
 Metaspace       used 5833K, capacity 6768K, committed 7040K, reserved 1056768K
  class space    used 601K, capacity 616K, committed 640K, reserved 1048576K
}
Event: 2.114 GC heap before
{Heap before GC invocations=2 (full 0):
 PSYoungGen      total 36864K, used 36589K [0x00000000eab00000, 0x00000000ed400000, 0x0000000100000000)
  eden space 31744K, 100% used [0x00000000eab00000,0x00000000eca00000,0x00000000eca00000)
  from space 5120K, 94% used [0x00000000eca00000,0x00000000ecebb410,0x00000000ecf00000)
  to   space 5120K, 0% used [0x00000000ecf00000,0x00000000ecf00000,0x00000000ed400000)
 ParOldGen       total 84992K, used 8K [0x00000000c0000000, 0x00000000c5300000, 0x00000000eab00000)
  object space 84992K, 0% used [0x00000000c0000000,0x00000000c0002000,0x00000000c5300000)
 Metaspace       used 6108K, capacity 6962K, committed 7040K, reserved 1056768K
  class space    used 603K, capacity 618K, committed 640K, reserved 1048576K
Event: 2.166 GC heap after
Heap after GC invocations=2 (full 0):
 PSYoungGen      total 36864K, used 5088K [0x00000000eab00000, 0x00000000ed400000, 0x0000000100000000)
  eden space 31744K, 0% used [0x00000000eab00000,0x00000000eab00000,0x00000000eca00000)
  from space 5120K, 99% used [0x00000000ecf00000,0x00000000ed3f81a0,0x00000000ed400000)
  to   space 5120K, 0% used [0x00000000eca00000,0x00000000eca00000,0x00000000ecf00000)
 ParOldGen       total 84992K, used 2954K [0x00000000c0000000, 0x00000000c5300000, 0x00000000eab00000)
  object space 84992K, 3% used [0x00000000c0000000,0x00000000c02e2a48,0x00000000c5300000)
 Metaspace       used 6108K, capacity 6962K, committed 7040K, reserved 1056768K
  class space    used 603K, capacity 618K, committed 640K, reserved 1048576K
}

Deoptimization events (10 events):
Event: 2.044 Thread 0x0000000017a8f000 Uncommon trap: reason=bimorphic action=maybe_recompile pc=0x00000000031e60e0 method=com.android.dx.cf.code.BytecodeArray.parseInstruction(ILcom/android/dx/cf/code/BytecodeArray$Visitor;)I @ 2484
Event: 2.046 Thread 0x0000000017a8f000 Uncommon trap: reason=bimorphic action=maybe_recompile pc=0x00000000031e60e0 method=com.android.dx.cf.code.BytecodeArray.parseInstruction(ILcom/android/dx/cf/code/BytecodeArray$Visitor;)I @ 2484
Event: 2.173 Thread 0x0000000002bc0800 Uncommon trap: reason=bimorphic action=maybe_recompile pc=0x00000000031e6ed4 method=com.android.dx.cf.code.BytecodeArray.parseInstruction(ILcom/android/dx/cf/code/BytecodeArray$Visitor;)I @ 955
Event: 2.173 Thread 0x0000000002bc0800 Uncommon trap: reason=bimorphic action=maybe_recompile pc=0x00000000031e6d4c method=com.android.dx.cf.code.BytecodeArray.parseInstruction(ILcom/android/dx/cf/code/BytecodeArray$Visitor;)I @ 907
Event: 2.173 Thread 0x0000000002bc0800 Uncommon trap: reason=bimorphic action=maybe_recompile pc=0x00000000031e746c method=com.android.dx.cf.code.BytecodeArray.parseInstruction(ILcom/android/dx/cf/code/BytecodeArray$Visitor;)I @ 1224
Event: 2.173 Thread 0x0000000002bc0800 Uncommon trap: reason=bimorphic action=maybe_recompile pc=0x00000000031e6dcc method=com.android.dx.cf.code.BytecodeArray.parseInstruction(ILcom/android/dx/cf/code/BytecodeArray$Visitor;)I @ 923
Event: 2.173 Thread 0x0000000002bc0800 Uncommon trap: reason=bimorphic action=maybe_recompile pc=0x00000000031e746c method=com.android.dx.cf.code.BytecodeArray.parseInstruction(ILcom/android/dx/cf/code/BytecodeArray$Visitor;)I @ 1224
Event: 2.180 Thread 0x0000000002bc0800 Uncommon trap: reason=unstable_if action=reinterpret pc=0x0000000002ff7b6c method=com.android.dx.rop.code.RegisterSpecSet.put(Lcom/android/dx/rop/code/RegisterSpec;)V @ 77
Event: 2.180 Thread 0x0000000002bc0800 Uncommon trap: reason=unstable_if action=reinterpret pc=0x0000000003066cec method=com.android.dx.rop.code.RegisterSpecSet.put(Lcom/android/dx/rop/code/RegisterSpec;)V @ 77
Event: 2.207 Thread 0x0000000017a8f000 Uncommon trap: reason=unstable_if action=reinterpret pc=0x000000000316d160 method=com.android.dx.ssa.SCCP.simulateStmt(Lcom/android/dx/ssa/SsaInsn;)V @ 59

Internal exceptions (2 events):
Event: 0.043 Thread 0x0000000002bc0800 Exception <a 'java/lang/NoSuchMethodError': Method sun.misc.Unsafe.defineClass(Ljava/lang/String;[BII)Ljava/lang/Class; name or signature does not match> (0x00000000eab07cc0) thrown at [C:\re\workspace\8-2-build-windows-amd64-cygwin\jdk8u74\6087\hotspot\srÿ≈^≠0¶?
Event: 0.043 Thread 0x0000000002bc0800 Exception <a 'java/lang/NoSuchMethodError': Method sun.misc.Unsafe.prefetchRead(Ljava/lang/Object;J)V name or signature does not match> (0x00000000eab07fa8) thrown at [C:\re\workspace\8-2-build-windows-amd64-cygwin\jdk8u74\6087\hotspot\src\share\vm\prims\j

Events (10 events):
Event: 2.180 Thread 0x0000000002bc0800 Uncommon trap: trap_request=0xffffff65 fr.pc=0x0000000003066cec
Event: 2.180 Thread 0x0000000002bc0800 DEOPT PACKING pc=0x0000000003066cec sp=0x0000000002bbe260
Event: 2.180 Thread 0x0000000002bc0800 DEOPT UNPACKING pc=0x0000000002d0582a sp=0x0000000002bbe180 mode 2
Event: 2.190 Thread 0x0000000017a8f000 DEOPT PACKING pc=0x00000000031a5d82 sp=0x0000000018f9ec40
Event: 2.190 Thread 0x0000000017a8f000 DEOPT UNPACKING pc=0x0000000002d0787f sp=0x0000000018f9e9a8 mode 0
Event: 2.192 Thread 0x0000000017a8f000 DEOPT PACKING pc=0x00000000031a5d82 sp=0x0000000018f9ec40
Event: 2.192 Thread 0x0000000017a8f000 DEOPT UNPACKING pc=0x0000000002d0787f sp=0x0000000018f9e9a8 mode 0
Event: 2.207 Thread 0x0000000017a8f000 Uncommon trap: trap_request=0xffffff65 fr.pc=0x000000000316d160
Event: 2.207 Thread 0x0000000017a8f000 DEOPT PACKING pc=0x000000000316d160 sp=0x0000000018f9ee20
Event: 2.207 Thread 0x0000000017a8f000 DEOPT UNPACKING pc=0x0000000002d0582a sp=0x0000000018f9ede8 mode 2


Dynamic libraries:
0x00007ff78c6d0000 - 0x00007ff78c707000 	C:\Program Files\Java\jdk1.8.0_74\bin\java.exe
0x00007ff898370000 - 0x00007ff898541000 	C:\WINDOWS\SYSTEM32\ntdll.dll
0x00007ff895a80000 - 0x00007ff895b2b000 	C:\WINDOWS\System32\KERNEL32.DLL
0x00007ff87c8f0000 - 0x00007ff87c923000 	C:\Program Files (x86)\AVG\Av\avghooka.dll
0x00007ff894ab0000 - 0x00007ff894ccd000 	C:\WINDOWS\System32\KERNELBASE.dll
0x00007ff897620000 - 0x00007ff8976c2000 	C:\WINDOWS\System32\ADVAPI32.dll
0x00007ff898000000 - 0x00007ff89809e000 	C:\WINDOWS\System32\msvcrt.dll
0x00007ff8979a0000 - 0x00007ff8979f9000 	C:\WINDOWS\System32\sechost.dll
0x00007ff897870000 - 0x00007ff897991000 	C:\WINDOWS\System32\RPCRT4.dll
0x00007ff8976d0000 - 0x00007ff897835000 	C:\WINDOWS\System32\USER32.dll
0x00007ff895650000 - 0x00007ff89566e000 	C:\WINDOWS\System32\win32u.dll
0x00007ff897fc0000 - 0x00007ff897ff4000 	C:\WINDOWS\System32\GDI32.dll
0x00007ff894d80000 - 0x00007ff894f02000 	C:\WINDOWS\System32\gdi32full.dll
0x00007ff8831d0000 - 0x00007ff883449000 	C:\WINDOWS\WinSxS\amd64_microsoft.windows.common-controls_6595b64144ccf1df_6.0.14393.0_none_2d0f50fcbdb171b8\COMCTL32.dll
0x00007ff895b40000 - 0x00007ff895e07000 	C:\WINDOWS\System32\combase.dll
0x00007ff894840000 - 0x00007ff894935000 	C:\WINDOWS\System32\ucrtbase.dll
0x00007ff894a40000 - 0x00007ff894aaa000 	C:\WINDOWS\System32\bcryptPrimitives.dll
0x00007ff897840000 - 0x00007ff89786e000 	C:\WINDOWS\System32\IMM32.DLL
0x000000006a9c0000 - 0x000000006aa92000 	C:\Program Files\Java\jdk1.8.0_74\jre\bin\msvcr100.dll
0x00000000692c0000 - 0x0000000069b50000 	C:\Program Files\Java\jdk1.8.0_74\jre\bin\server\jvm.dll
0x00007ff897eb0000 - 0x00007ff897eb8000 	C:\WINDOWS\System32\PSAPI.DLL
0x00007ff889110000 - 0x00007ff889119000 	C:\WINDOWS\SYSTEM32\WSOCK32.dll
0x00007ff897e30000 - 0x00007ff897e9a000 	C:\WINDOWS\System32\WS2_32.dll
0x00007ff8921b0000 - 0x00007ff8921d3000 	C:\WINDOWS\SYSTEM32\WINMM.dll
0x00007ff892cf0000 - 0x00007ff892cfa000 	C:\WINDOWS\SYSTEM32\VERSION.dll
0x00007ff892150000 - 0x00007ff89217b000 	C:\WINDOWS\SYSTEM32\WINMMBASE.dll
0x00007ff8949f0000 - 0x00007ff894a32000 	C:\WINDOWS\System32\cfgmgr32.dll
0x000000006ad30000 - 0x000000006ad3f000 	C:\Program Files\Java\jdk1.8.0_74\jre\bin\verify.dll
0x000000006ad00000 - 0x000000006ad29000 	C:\Program Files\Java\jdk1.8.0_74\jre\bin\java.dll
0x000000006ace0000 - 0x000000006acf6000 	C:\Program Files\Java\jdk1.8.0_74\jre\bin\zip.dll
0x00007ff896110000 - 0x00007ff897618000 	C:\WINDOWS\System32\SHELL32.dll
0x00007ff894f10000 - 0x00007ff8955ea000 	C:\WINDOWS\System32\windows.storage.dll
0x00007ff8947c0000 - 0x00007ff89480c000 	C:\WINDOWS\System32\powrprof.dll
0x00007ff8980a0000 - 0x00007ff8980f2000 	C:\WINDOWS\System32\shlwapi.dll
0x00007ff894810000 - 0x00007ff89481f000 	C:\WINDOWS\System32\kernel.appcore.dll
0x00007ff894940000 - 0x00007ff8949e9000 	C:\WINDOWS\System32\shcore.dll
0x00007ff894820000 - 0x00007ff894834000 	C:\WINDOWS\System32\profapi.dll

VM Arguments:
jvm_args: -Djava.awt.headless=true -Xmx1024M -Dfile.encoding=windows-1251 -Duser.country=RU -Duser.language=ru -Duser.variant 
java_command: com.android.dx.command.Main --dex --force-jumbo --num-threads=4 --multi-dex --output D:\Android\WorkSpace\BeerMap\app\build\intermediates\transforms\dex\debug\folders\1000\10\com.android.support-support-v4-24.0.0_80186d3a78ea7c97cfdb54e2f2c933c1f59b3cc6 D:\Android\WorkSpace\BeerMap\app\build\intermediates\exploded-aar\com.android.support\support-v4\24.0.0\jars\classes.jar
java_class_path (initial): D:\Android\SDK\build-tools\24.0.0\lib\dx.jar
Launcher Type: SUN_STANDARD

Environment Variables:
JAVA_HOME=C:\Program Files\Java\jdk1.8.0_74
PATH=C:\ProgramData\Oracle\Java\javapath;C:\Program Files (x86)\NVIDIA Corporation\PhysX\Common;C:\Program Files (x86)\Intel\iCLS Client\;C:\Program Files\Intel\iCLS Client\;C:\WINDOWS\system32;C:\WINDOWS;C:\WINDOWS\System32\Wbem;C:\WINDOWS\System32\WindowsPowerShell\v1.0\;C:\Program Files (x86)\Intel\OpenCL SDK\3.0\bin\x86;C:\Program Files (x86)\Intel\OpenCL SDK\3.0\bin\x64;C:\Program Files\Intel\Intel(R) Management Engine Components\DAL;C:\Program Files\Intel\Intel(R) Management Engine Components\IPT;C:\Program Files (x86)\Intel\Intel(R) Management Engine Components\DAL;C:\Program Files (x86)\Intel\Intel(R) Management Engine Components\IPT;C:\Program Files\OpenVPN\bin;C:\Program Files (x86)\Skype\Phone\;C:\Users\Admin\AppData\Local\Android\sdk\platform-tools;C:\Users\Admin\AppData\Local\Android\sdk\tools;C:\Users\Admin\AppData\Local\Microsoft\WindowsApps;
USERNAME=Admin
OS=Windows_NT
PROCESSOR_IDENTIFIER=Intel64 Family 6 Model 60 Stepping 3, GenuineIntel



---------------  S Y S T E M  ---------------

OS: Windows 10.0 , 64 bit Build 14393 (10.0.14393.0)

CPU:total 8 (4 cores per cpu, 2 threads per core) family 6 model 60 stepping 3, cmov, cx8, fxsr, mmx, sse, sse2, sse3, ssse3, sse4.1, sse4.2, popcnt, avx, avx2, aes, clmul, erms, lzcnt, ht, tsc, tscinvbit, bmi1, bmi2

Memory: 4k page, physical 8061740k(1075236k free), swap 10621740k(6104k free)

vm_info: Java HotSpot(TM) 64-Bit Server VM (25.74-b02) for windows-amd64 JRE (1.8.0_74-b02), built on Jan 29 2016 17:42:36 by "java_re" with MS VC++ 10.0 (VS2010)

time: Thu Sep 29 13:23:06 2016
elapsed time: 2 seconds (0d 0h 0m 2s)

