#
# There is insufficient memory for the Java Runtime Environment to continue.
# Native memory allocation (malloc) failed to allocate 1048576 bytes for AllocateHeap
# Possible reasons:
#   The system is out of physical RAM or swap space
#   In 32 bit mode, the process size limit was hit
# Possible solutions:
#   Reduce memory load on the system
#   Increase physical memory or swap space
#   Check if swap backing store is full
#   Use 64 bit Java on a 64 bit OS
#   Decrease Java heap size (-Xmx/-Xms)
#   Decrease number of Java threads
#   Decrease Java thread stack sizes (-Xss)
#   Set larger code cache with -XX:ReservedCodeCacheSize=
# This output file may be truncated or incomplete.
#
#  Out of Memory Error (memory/allocation.inline.hpp:61), pid=7164, tid=4500
#
# JRE version:  (8.0_74-b02) (build )
# Java VM: Java HotSpot(TM) 64-Bit Server VM (25.74-b02 mixed mode windows-amd64 compressed oops)
# Failed to write core dump. Minidumps are not enabled by default on client versions of Windows
#

---------------  T H R E A D  ---------------

Current thread (0x00000000029a0800):  JavaThread "Unknown thread" [_thread_in_vm, id=4500, stack(0x00000000027e0000,0x00000000028e0000)]

Stack: [0x00000000027e0000,0x00000000028e0000]
[error occurred during error reporting (printing stack bounds), id 0xc0000005]

Native frames: (J=compiled Java code, j=interpreted, Vv=VM code, C=native code)


---------------  P R O C E S S  ---------------

Java Threads: ( => current thread )

Other Threads:

=>0x00000000029a0800 (exited) JavaThread "Unknown thread" [_thread_in_vm, id=4500, stack(0x00000000027e0000,0x00000000028e0000)]

VM state:not at safepoint (normal execution)

VM Mutex/Monitor currently owned by a thread: None

Heap:
 PSYoungGen      total 36864K, used 634K [0x00000000eab00000, 0x00000000ed400000, 0x0000000100000000)
  eden space 31744K, 2% used [0x00000000eab00000,0x00000000eab9eb90,0x00000000eca00000)
  from space 5120K, 0% used [0x00000000ecf00000,0x00000000ecf00000,0x00000000ed400000)
  to   space 5120K, 0% used [0x00000000eca00000,0x00000000eca00000,0x00000000ecf00000)
 ParOldGen       total 84992K, used 0K [0x00000000c0000000, 0x00000000c5300000, 0x00000000eab00000)
  object space 84992K, 0% used [0x00000000c0000000,0x00000000c0000000,0x00000000c5300000)
 Metaspace       used 769K, capacity 4480K, committed 4480K, reserved 1056768K
  class space    used 75K, capacity 384K, committed 384K, reserved 1048576K

Card table byte_map: [0x0000000011e60000,0x0000000012070000] byte_map_base: 0x0000000011860000

Marking Bits: (ParMarkBitMap*) 0x000000005d370600
 Begin Bits: [0x00000000129d0000, 0x00000000139d0000)
 End Bits:   [0x00000000139d0000, 0x00000000149d0000)

Polling page: 0x0000000002760000

CodeCache: size=245760Kb used=328Kb max_used=328Kb free=245431Kb
 bounds [0x0000000002aa0000, 0x0000000002d10000, 0x0000000011aa0000]
 total_blobs=58 nmethods=0 adapters=38
 compilation: enabled

Compilation events (0 events):
No events

GC Heap History (0 events):
No events

Deoptimization events (0 events):
No events

Internal exceptions (0 events):
No events

Events (10 events):
Event: 0.052 loading class java/lang/Short
Event: 0.052 loading class java/lang/Short done
Event: 0.052 loading class java/lang/Integer
Event: 0.052 loading class java/lang/Integer done
Event: 0.052 loading class java/lang/Long
Event: 0.052 loading class java/lang/Long done
Event: 0.053 loading class java/lang/NullPointerException
Event: 0.053 loading class java/lang/NullPointerException done
Event: 0.053 loading class java/lang/ArithmeticException
Event: 0.053 loading class java/lang/ArithmeticException done


Dynamic libraries:
0x00007ff670c70000 - 0x00007ff670ca7000 	C:\Program Files\Java\jdk1.8.0_74\bin\java.exe
0x00007ffae5f60000 - 0x00007ffae6131000 	C:\WINDOWS\SYSTEM32\ntdll.dll
0x00007ffae5eb0000 - 0x00007ffae5f5b000 	C:\WINDOWS\System32\KERNEL32.DLL
0x00007ffad3dd0000 - 0x00007ffad3e24000 	C:\Program Files (x86)\AVG\Av\avghooka.dll
0x00007ffae2fd0000 - 0x00007ffae31ed000 	C:\WINDOWS\System32\KERNELBASE.dll
0x00007ffae34d0000 - 0x00007ffae3572000 	C:\WINDOWS\System32\ADVAPI32.dll
0x00007ffae3eb0000 - 0x00007ffae3f4e000 	C:\WINDOWS\System32\msvcrt.dll
0x00007ffae4440000 - 0x00007ffae4499000 	C:\WINDOWS\System32\sechost.dll
0x00007ffae4250000 - 0x00007ffae4371000 	C:\WINDOWS\System32\RPCRT4.dll
0x00007ffae4510000 - 0x00007ffae4675000 	C:\WINDOWS\System32\USER32.dll
0x00007ffae2c70000 - 0x00007ffae2c8e000 	C:\WINDOWS\System32\win32u.dll
0x00007ffae35a0000 - 0x00007ffae35d4000 	C:\WINDOWS\System32\GDI32.dll
0x00007ffae2c90000 - 0x00007ffae2e12000 	C:\WINDOWS\System32\gdi32full.dll
0x00007ffad60f0000 - 0x00007ffad6369000 	C:\WINDOWS\WinSxS\amd64_microsoft.windows.common-controls_6595b64144ccf1df_6.0.14393.447_none_42191651c6827bb3\COMCTL32.dll
0x00007ffae3670000 - 0x00007ffae3937000 	C:\WINDOWS\System32\combase.dll
0x00007ffae2e20000 - 0x00007ffae2f15000 	C:\WINDOWS\System32\ucrtbase.dll
0x00007ffae31f0000 - 0x00007ffae325a000 	C:\WINDOWS\System32\bcryptPrimitives.dll
0x00007ffae35e0000 - 0x00007ffae360e000 	C:\WINDOWS\System32\IMM32.DLL
0x000000005dc10000 - 0x000000005dce2000 	C:\Program Files\Java\jdk1.8.0_74\jre\bin\msvcr100.dll
0x000000005cb60000 - 0x000000005d3f0000 	C:\Program Files\Java\jdk1.8.0_74\jre\bin\server\jvm.dll
0x00007ffae4380000 - 0x00007ffae4388000 	C:\WINDOWS\System32\PSAPI.DLL
0x00007ffad8140000 - 0x00007ffad8149000 	C:\WINDOWS\SYSTEM32\WSOCK32.dll
0x00007ffae3940000 - 0x00007ffae39aa000 	C:\WINDOWS\System32\WS2_32.dll
0x00007ffae0870000 - 0x00007ffae0893000 	C:\WINDOWS\SYSTEM32\WINMM.dll
0x00007ffaddef0000 - 0x00007ffaddefa000 	C:\WINDOWS\SYSTEM32\VERSION.dll
0x00007ffae0840000 - 0x00007ffae086b000 	C:\WINDOWS\SYSTEM32\WINMMBASE.dll
0x00007ffae2c20000 - 0x00007ffae2c62000 	C:\WINDOWS\System32\cfgmgr32.dll
0x000000005f1d0000 - 0x000000005f1df000 	C:\Program Files\Java\jdk1.8.0_74\jre\bin\verify.dll
0x000000005f0b0000 - 0x000000005f0d9000 	C:\Program Files\Java\jdk1.8.0_74\jre\bin\java.dll
0x000000005f090000 - 0x000000005f0a6000 	C:\Program Files\Java\jdk1.8.0_74\jre\bin\zip.dll

VM Arguments:
jvm_args: -Djava.awt.headless=true -Xmx1024M -Dfile.encoding=windows-1251 -Duser.country=RU -Duser.language=ru -Duser.variant 
java_command: com.android.dx.command.Main --dex --force-jumbo --num-threads=4 --multi-dex --output D:\Android\WorkSpace\BeerMap\app\build\intermediates\transforms\dex\debug\folders\1000\10\support-annotations-24.2.1_82406f0cc4f3674c39b53ef128ac0aed6ce51735 D:\Android\SDK\extras\android\m2repository\com\android\support\support-annotations\24.2.1\support-annotations-24.2.1.jar
java_class_path (initial): D:\Android\SDK\build-tools\24.0.2\lib\dx.jar
Launcher Type: SUN_STANDARD

Environment Variables:
JAVA_HOME=C:\Program Files\Java\jdk1.8.0_74
PATH=C:\ProgramData\Oracle\Java\javapath;C:\Program Files (x86)\NVIDIA Corporation\PhysX\Common;C:\Program Files (x86)\Intel\iCLS Client\;C:\Program Files\Intel\iCLS Client\;C:\WINDOWS\system32;C:\WINDOWS;C:\WINDOWS\System32\Wbem;C:\WINDOWS\System32\WindowsPowerShell\v1.0\;C:\Program Files (x86)\Intel\OpenCL SDK\3.0\bin\x86;C:\Program Files (x86)\Intel\OpenCL SDK\3.0\bin\x64;C:\Program Files\Intel\Intel(R) Management Engine Components\DAL;C:\Program Files\Intel\Intel(R) Management Engine Components\IPT;C:\Program Files (x86)\Intel\Intel(R) Management Engine Components\DAL;C:\Program Files (x86)\Intel\Intel(R) Management Engine Components\IPT;C:\Program Files\OpenVPN\bin;C:\Program Files (x86)\Skype\Phone\;C:\Users\Admin\AppData\Local\Android\sdk\platform-tools;C:\Users\Admin\AppData\Local\Android\sdk\tools;C:\Users\Admin\AppData\Local\Microsoft\WindowsApps;
USERNAME=Admin
OS=Windows_NT
PROCESSOR_IDENTIFIER=Intel64 Family 6 Model 60 Stepping 3, GenuineIntel



---------------  S Y S T E M  ---------------

OS: Windows 10.0 , 64 bit Build 14393 (10.0.14393.0)

CPU:total 8 (4 cores per cpu, 2 threads per core) family 6 model 60 stepping 3, cmov, cx8, fxsr, mmx, sse, sse2, sse3, ssse3, sse4.1, sse4.2, popcnt, avx, avx2, aes, clmul, erms, lzcnt, ht, tsc, tscinvbit, bmi1, bmi2

Memory: 4k page, physical 8061740k(1517776k free), swap 10621740k(107432k free)

vm_info: Java HotSpot(TM) 64-Bit Server VM (25.74-b02) for windows-amd64 JRE (1.8.0_74-b02), built on Jan 29 2016 17:42:36 by "java_re" with MS VC++ 10.0 (VS2010)

time: Mon Nov 28 22:12:07 2016
elapsed time: 0 seconds (0d 0h 0m 0s)

