#
# There is insufficient memory for the Java Runtime Environment to continue.
# Native memory allocation (malloc) failed to allocate 823376 bytes for Chunk::new
# Possible reasons:
#   The system is out of physical RAM or swap space
#   In 32 bit mode, the process size limit was hit
# Possible solutions:
#   Reduce memory load on the system
#   Increase physical memory or swap space
#   Check if swap backing store is full
#   Use 64 bit Java on a 64 bit OS
#   Decrease Java heap size (-Xmx/-Xms)
#   Decrease number of Java threads
#   Decrease Java thread stack sizes (-Xss)
#   Set larger code cache with -XX:ReservedCodeCacheSize=
# This output file may be truncated or incomplete.
#
#  Out of Memory Error (allocation.cpp:390), pid=9296, tid=9232
#
# JRE version: Java(TM) SE Runtime Environment (8.0_74-b02) (build 1.8.0_74-b02)
# Java VM: Java HotSpot(TM) 64-Bit Server VM (25.74-b02 mixed mode windows-amd64 compressed oops)
# Failed to write core dump. Minidumps are not enabled by default on client versions of Windows
#

---------------  T H R E A D  ---------------

Current thread (0x00000000172f9000):  JavaThread "C2 CompilerThread0" daemon [_thread_in_native, id=9232, stack(0x0000000017ac0000,0x0000000017bc0000)]

Stack: [0x0000000017ac0000,0x0000000017bc0000]
[error occurred during error reporting (printing stack bounds), id 0xc0000005]

Native frames: (J=compiled Java code, j=interpreted, Vv=VM code, C=native code)


Current CompileTask:
C2:    794  740   !   4       com.android.dx.cf.code.RopperMachine::run (1550 bytes)


---------------  P R O C E S S  ---------------

Java Threads: ( => current thread )
  0x00000000175f3800 JavaThread "pool-2-thread-4" [_thread_in_Java, id=6812, stack(0x0000000018cc0000,0x0000000018dc0000)]
  0x00000000175f5000 JavaThread "pool-2-thread-3" [_thread_in_Java, id=9404, stack(0x00000000183c0000,0x00000000184c0000)]
  0x0000000017585000 JavaThread "pool-2-thread-2" [_thread_in_Java, id=8756, stack(0x00000000182c0000,0x00000000183c0000)]
  0x00000000174a9800 JavaThread "pool-3-thread-1" [_thread_blocked, id=6928, stack(0x00000000181c0000,0x00000000182c0000)]
  0x0000000017495000 JavaThread "pool-2-thread-1" [_thread_in_vm_trans, id=10200, stack(0x00000000180c0000,0x00000000181c0000)]
  0x000000001735a000 JavaThread "Service Thread" daemon [_thread_blocked, id=9072, stack(0x0000000017ec0000,0x0000000017fc0000)]
  0x0000000017312000 JavaThread "C1 CompilerThread3" daemon [_thread_in_native, id=10224, stack(0x0000000017dc0000,0x0000000017ec0000)]
  0x000000001730f000 JavaThread "C2 CompilerThread2" daemon [_thread_in_native, id=7728, stack(0x0000000017cc0000,0x0000000017dc0000)]
  0x00000000172fc000 JavaThread "C2 CompilerThread1" daemon [_thread_in_native, id=9436, stack(0x0000000017bc0000,0x0000000017cc0000)]
=>0x00000000172f9000 JavaThread "C2 CompilerThread0" daemon [_thread_in_native, id=9232, stack(0x0000000017ac0000,0x0000000017bc0000)]
  0x00000000172f7000 JavaThread "Attach Listener" daemon [_thread_blocked, id=9648, stack(0x00000000179c0000,0x0000000017ac0000)]
  0x0000000017306000 JavaThread "Signal Dispatcher" daemon [_thread_blocked, id=8264, stack(0x00000000178c0000,0x00000000179c0000)]
  0x00000000172f0800 JavaThread "Finalizer" daemon [_thread_blocked, id=6776, stack(0x00000000176d0000,0x00000000177d0000)]
  0x00000000028d4000 JavaThread "Reference Handler" daemon [_thread_blocked, id=4616, stack(0x00000000171d0000,0x00000000172d0000)]
  0x00000000027e0800 JavaThread "main" [_thread_blocked, id=8492, stack(0x00000000026e0000,0x00000000027e0000)]

Other Threads:
  0x00000000153f9800 VMThread [stack: 0x00000000170d0000,0x00000000171d0000] [id=7984]
  0x000000001735c000 WatcherThread [stack: 0x0000000017fc0000,0x00000000180c0000] [id=9496]

VM state:not at safepoint (normal execution)

VM Mutex/Monitor currently owned by a thread: None

Heap:
 PSYoungGen      total 68608K, used 6948K [0x00000000eab00000, 0x00000000ef300000, 0x0000000100000000)
  eden space 63488K, 2% used [0x00000000eab00000,0x00000000eaccbcb0,0x00000000ee900000)
  from space 5120K, 99% used [0x00000000eee00000,0x00000000ef2fd550,0x00000000ef300000)
  to   space 5120K, 0% used [0x00000000ee900000,0x00000000ee900000,0x00000000eee00000)
 ParOldGen       total 84992K, used 24276K [0x00000000c0000000, 0x00000000c5300000, 0x00000000eab00000)
  object space 84992K, 28% used [0x00000000c0000000,0x00000000c17b5220,0x00000000c5300000)
 Metaspace       used 5481K, capacity 6640K, committed 6784K, reserved 1056768K
  class space    used 568K, capacity 616K, committed 640K, reserved 1048576K

Card table byte_map: [0x0000000011ca0000,0x0000000011eb0000] byte_map_base: 0x00000000116a0000

Marking Bits: (ParMarkBitMap*) 0x0000000068000600
 Begin Bits: [0x0000000012810000, 0x0000000013810000)
 End Bits:   [0x0000000013810000, 0x0000000014810000)

Polling page: 0x0000000000e60000

CodeCache: size=245760Kb used=3537Kb max_used=3537Kb free=242222Kb
 bounds [0x00000000028e0000, 0x0000000002c60000, 0x00000000118e0000]
 total_blobs=1087 nmethods=825 adapters=175
 compilation: enabled

Compilation events (10 events):
Event: 0.759 Thread 0x0000000017312000  846       2       com.android.dx.ssa.SsaRenamer$BlockRenamer$1::visitPhiInsn (60 bytes)
Event: 0.760 Thread 0x0000000017312000 nmethod 846 0x0000000002c51410 code [0x0000000002c515a0, 0x0000000002c51928]
Event: 0.761 Thread 0x0000000017312000  847       2       com.android.dx.ssa.SsaRenamer$BlockRenamer$RenamingMapper::map (28 bytes)
Event: 0.761 Thread 0x0000000017312000 nmethod 847 0x0000000002c51d50 code [0x0000000002c51ec0, 0x0000000002c520a8]
Event: 0.761 Thread 0x0000000017312000  848       2       com.android.dx.rop.code.PlainInsn::withNewRegisters (18 bytes)
Event: 0.761 Thread 0x0000000017312000 nmethod 848 0x0000000002c52250 code [0x0000000002c523c0, 0x0000000002c525a8]
Event: 0.761 Thread 0x0000000017312000  849       2       com.android.dx.rop.code.ThrowingCstInsn::withNewRegisters (25 bytes)
Event: 0.761 Thread 0x0000000017312000 nmethod 849 0x0000000002c52690 code [0x0000000002c52800, 0x0000000002c529e8]
Event: 0.766 Thread 0x0000000017312000  850       2       com.android.dx.rop.code.ThrowingInsn::withNewRegisters (21 bytes)
Event: 0.766 Thread 0x0000000017312000 nmethod 850 0x0000000002c52ad0 code [0x0000000002c52c40, 0x0000000002c52e28]

GC Heap History (2 events):
Event: 0.582 GC heap before
{Heap before GC invocations=1 (full 0):
 PSYoungGen      total 36864K, used 31744K [0x00000000eab00000, 0x00000000ed400000, 0x0000000100000000)
  eden space 31744K, 100% used [0x00000000eab00000,0x00000000eca00000,0x00000000eca00000)
  from space 5120K, 0% used [0x00000000ecf00000,0x00000000ecf00000,0x00000000ed400000)
  to   space 5120K, 0% used [0x00000000eca00000,0x00000000eca00000,0x00000000ecf00000)
 ParOldGen       total 84992K, used 0K [0x00000000c0000000, 0x00000000c5300000, 0x00000000eab00000)
  object space 84992K, 0% used [0x00000000c0000000,0x00000000c0000000,0x00000000c5300000)
 Metaspace       used 5438K, capacity 6608K, committed 6784K, reserved 1056768K
  class space    used 567K, capacity 584K, committed 640K, reserved 1048576K
Event: 0.662 GC heap after
Heap after GC invocations=1 (full 0):
 PSYoungGen      total 36864K, used 5100K [0x00000000eab00000, 0x00000000ef300000, 0x0000000100000000)
  eden space 31744K, 0% used [0x00000000eab00000,0x00000000eab00000,0x00000000eca00000)
  from space 5120K, 99% used [0x00000000eca00000,0x00000000ecefb008,0x00000000ecf00000)
  to   space 5120K, 0% used [0x00000000eee00000,0x00000000eee00000,0x00000000ef300000)
 ParOldGen       total 84992K, used 10315K [0x00000000c0000000, 0x00000000c5300000, 0x00000000eab00000)
  object space 84992K, 12% used [0x00000000c0000000,0x00000000c0a12ea0,0x00000000c5300000)
 Metaspace       used 5438K, capacity 6608K, committed 6784K, reserved 1056768K
  class space    used 567K, capacity 584K, committed 640K, reserved 1048576K
}

Deoptimization events (5 events):
Event: 0.210 Thread 0x0000000017495000 Uncommon trap: reason=unstable_if action=reinterpret pc=0x0000000002ab2080 method=java.util.HashMap.getNode(ILjava/lang/Object;)Ljava/util/HashMap$Node; @ 62
Event: 0.511 Thread 0x00000000175f3800 Uncommon trap: reason=class_check action=maybe_recompile pc=0x0000000002c114b0 method=com.android.dx.cf.code.BytecodeArray.parseInstruction(ILcom/android/dx/cf/code/BytecodeArray$Visitor;)I @ 2431
Event: 0.511 Thread 0x00000000175f3800 Uncommon trap: reason=class_check action=maybe_recompile pc=0x0000000002c114b0 method=com.android.dx.cf.code.BytecodeArray.parseInstruction(ILcom/android/dx/cf/code/BytecodeArray$Visitor;)I @ 2431
Event: 0.515 Thread 0x00000000175f3800 Uncommon trap: reason=class_check action=maybe_recompile pc=0x0000000002c114b0 method=com.android.dx.cf.code.BytecodeArray.parseInstruction(ILcom/android/dx/cf/code/BytecodeArray$Visitor;)I @ 2431
Event: 0.515 Thread 0x00000000175f3800 Uncommon trap: reason=class_check action=maybe_recompile pc=0x0000000002c114b0 method=com.android.dx.cf.code.BytecodeArray.parseInstruction(ILcom/android/dx/cf/code/BytecodeArray$Visitor;)I @ 2431

Internal exceptions (2 events):
Event: 0.027 Thread 0x00000000027e0800 Exception <a 'java/lang/NoSuchMethodError': Method sun.misc.Unsafe.defineClass(Ljava/lang/String;[BII)Ljava/lang/Class; name or signature does not match> (0x00000000eab07cc0) thrown at [C:\re\workspace\8-2-build-windows-amd64-cygwin\jdk8u74\6087\hotspot\sr¡‹¾²ÜL›?
Event: 0.027 Thread 0x00000000027e0800 Exception <a 'java/lang/NoSuchMethodError': Method sun.misc.Unsafe.prefetchRead(Ljava/lang/Object;J)V name or signature does not match> (0x00000000eab07fa8) thrown at [C:\re\workspace\8-2-build-windows-amd64-cygwin\jdk8u74\6087\hotspot\src\share\vm\prims\j

Events (10 events):
Event: 0.709 Thread 0x0000000017495000 DEOPT PACKING pc=0x0000000002c2253c sp=0x00000000181be840
Event: 0.709 Thread 0x0000000017495000 DEOPT UNPACKING pc=0x000000000292787f sp=0x00000000181be568 mode 0
Event: 0.721 Thread 0x00000000175f5000 DEOPT PACKING pc=0x0000000002c0b3a9 sp=0x00000000184be620
Event: 0.721 Thread 0x00000000175f5000 DEOPT UNPACKING pc=0x000000000292787f sp=0x00000000184be318 mode 0
Event: 0.725 loading class com/android/dx/util/ListIntSet
Event: 0.725 loading class com/android/dx/util/ListIntSet done
Event: 0.725 Executing VM operation: Deoptimize
Event: 0.726 Executing VM operation: Deoptimize done
Event: 0.733 loading class com/android/dx/util/ListIntSet$1
Event: 0.733 loading class com/android/dx/util/ListIntSet$1 done


Dynamic libraries:
0x00007ff68c1f0000 - 0x00007ff68c227000 	C:\Program Files\Java\jdk1.8.0_74\bin\java.exe
0x00007ffd60290000 - 0x00007ffd60461000 	C:\WINDOWS\SYSTEM32\ntdll.dll
0x00007ffd5e010000 - 0x00007ffd5e0bb000 	C:\WINDOWS\System32\KERNEL32.DLL
0x00007ffd42060000 - 0x00007ffd42093000 	C:\Program Files (x86)\AVG\Av\avghooka.dll
0x00007ffd5d330000 - 0x00007ffd5d54d000 	C:\WINDOWS\System32\KERNELBASE.dll
0x00007ffd601d0000 - 0x00007ffd60272000 	C:\WINDOWS\System32\ADVAPI32.dll
0x00007ffd5eaf0000 - 0x00007ffd5eb8e000 	C:\WINDOWS\System32\msvcrt.dll
0x00007ffd5ea90000 - 0x00007ffd5eae9000 	C:\WINDOWS\System32\sechost.dll
0x00007ffd5dc90000 - 0x00007ffd5ddb1000 	C:\WINDOWS\System32\RPCRT4.dll
0x00007ffd5dea0000 - 0x00007ffd5e005000 	C:\WINDOWS\System32\USER32.dll
0x00007ffd5d550000 - 0x00007ffd5d56e000 	C:\WINDOWS\System32\win32u.dll
0x00007ffd5ea30000 - 0x00007ffd5ea64000 	C:\WINDOWS\System32\GDI32.dll
0x00007ffd5d620000 - 0x00007ffd5d7a2000 	C:\WINDOWS\System32\gdi32full.dll
0x00007ffd52d60000 - 0x00007ffd52fd9000 	C:\WINDOWS\WinSxS\amd64_microsoft.windows.common-controls_6595b64144ccf1df_6.0.14393.0_none_2d0f50fcbdb171b8\COMCTL32.dll
0x00007ffd5e120000 - 0x00007ffd5e3e7000 	C:\WINDOWS\System32\combase.dll
0x00007ffd5ca40000 - 0x00007ffd5cb35000 	C:\WINDOWS\System32\ucrtbase.dll
0x00007ffd5c800000 - 0x00007ffd5c86a000 	C:\WINDOWS\System32\bcryptPrimitives.dll
0x00007ffd5eb90000 - 0x00007ffd5ebbe000 	C:\WINDOWS\System32\IMM32.DLL
0x0000000069190000 - 0x0000000069262000 	C:\Program Files\Java\jdk1.8.0_74\jre\bin\msvcr100.dll
0x00000000677f0000 - 0x0000000068080000 	C:\Program Files\Java\jdk1.8.0_74\jre\bin\server\jvm.dll
0x00007ffd5ddd0000 - 0x00007ffd5ddd8000 	C:\WINDOWS\System32\PSAPI.DLL
0x00007ffd4cad0000 - 0x00007ffd4cad9000 	C:\WINDOWS\SYSTEM32\WSOCK32.dll
0x00007ffd5e3f0000 - 0x00007ffd5e45a000 	C:\WINDOWS\System32\WS2_32.dll
0x00007ffd5aac0000 - 0x00007ffd5aae3000 	C:\WINDOWS\SYSTEM32\WINMM.dll
0x00007ffd58140000 - 0x00007ffd5814a000 	C:\WINDOWS\SYSTEM32\VERSION.dll
0x00007ffd5a450000 - 0x00007ffd5a47b000 	C:\WINDOWS\SYSTEM32\WINMMBASE.dll
0x00007ffd5d7b0000 - 0x00007ffd5d7f2000 	C:\WINDOWS\System32\cfgmgr32.dll
0x0000000069180000 - 0x000000006918f000 	C:\Program Files\Java\jdk1.8.0_74\jre\bin\verify.dll
0x0000000069150000 - 0x0000000069179000 	C:\Program Files\Java\jdk1.8.0_74\jre\bin\java.dll
0x0000000069130000 - 0x0000000069146000 	C:\Program Files\Java\jdk1.8.0_74\jre\bin\zip.dll
0x00007ffd5ebc0000 - 0x00007ffd600c8000 	C:\WINDOWS\System32\SHELL32.dll
0x00007ffd5cb40000 - 0x00007ffd5d21a000 	C:\WINDOWS\System32\windows.storage.dll
0x00007ffd5c710000 - 0x00007ffd5c75c000 	C:\WINDOWS\System32\powrprof.dll
0x00007ffd5e0c0000 - 0x00007ffd5e112000 	C:\WINDOWS\System32\shlwapi.dll
0x00007ffd5c700000 - 0x00007ffd5c70f000 	C:\WINDOWS\System32\kernel.appcore.dll
0x00007ffd5d570000 - 0x00007ffd5d619000 	C:\WINDOWS\System32\shcore.dll
0x00007ffd5c6d0000 - 0x00007ffd5c6e4000 	C:\WINDOWS\System32\profapi.dll

VM Arguments:
jvm_args: -Djava.awt.headless=true -Xmx1024M -Dfile.encoding=windows-1251 -Duser.country=RU -Duser.language=ru -Duser.variant 
java_command: com.android.dx.command.Main --dex --force-jumbo --num-threads=4 --multi-dex --output D:\Android\WorkSpace\BeerMap\app\build\intermediates\transforms\dex\debug\folders\1000\5\slice_5 D:\Android\WorkSpace\BeerMap\app\build\intermediates\transforms\instantRunSlicer\debug\folders\1\5\slice_5
java_class_path (initial): D:\Android\SDK\build-tools\24.0.2\lib\dx.jar
Launcher Type: SUN_STANDARD

Environment Variables:
JAVA_HOME=C:\Program Files\Java\jdk1.8.0_74
PATH=C:\ProgramData\Oracle\Java\javapath;C:\Program Files (x86)\NVIDIA Corporation\PhysX\Common;C:\Program Files (x86)\Intel\iCLS Client\;C:\Program Files\Intel\iCLS Client\;C:\WINDOWS\system32;C:\WINDOWS;C:\WINDOWS\System32\Wbem;C:\WINDOWS\System32\WindowsPowerShell\v1.0\;C:\Program Files (x86)\Intel\OpenCL SDK\3.0\bin\x86;C:\Program Files (x86)\Intel\OpenCL SDK\3.0\bin\x64;C:\Program Files\Intel\Intel(R) Management Engine Components\DAL;C:\Program Files\Intel\Intel(R) Management Engine Components\IPT;C:\Program Files (x86)\Intel\Intel(R) Management Engine Components\DAL;C:\Program Files (x86)\Intel\Intel(R) Management Engine Components\IPT;C:\Program Files\OpenVPN\bin;C:\Program Files (x86)\Skype\Phone\;C:\Users\Admin\AppData\Local\Android\sdk\platform-tools;C:\Users\Admin\AppData\Local\Android\sdk\tools;C:\Users\Admin\AppData\Local\Microsoft\WindowsApps;
USERNAME=Admin
OS=Windows_NT
PROCESSOR_IDENTIFIER=Intel64 Family 6 Model 60 Stepping 3, GenuineIntel



---------------  S Y S T E M  ---------------

OS: Windows 10.0 , 64 bit Build 14393 (10.0.14393.0)

CPU:total 8 (4 cores per cpu, 2 threads per core) family 6 model 60 stepping 3, cmov, cx8, fxsr, mmx, sse, sse2, sse3, ssse3, sse4.1, sse4.2, popcnt, avx, avx2, aes, clmul, erms, lzcnt, ht, tsc, tscinvbit, bmi1, bmi2

Memory: 4k page, physical 8061740k(918020k free), swap 10621740k(1164k free)

vm_info: Java HotSpot(TM) 64-Bit Server VM (25.74-b02) for windows-amd64 JRE (1.8.0_74-b02), built on Jan 29 2016 17:42:36 by "java_re" with MS VC++ 10.0 (VS2010)

time: Sun Oct 02 15:59:46 2016
elapsed time: 0 seconds (0d 0h 0m 0s)

