#
# There is insufficient memory for the Java Runtime Environment to continue.
# Native memory allocation (malloc) failed to allocate 522176 bytes for Chunk::new
# Possible reasons:
#   The system is out of physical RAM or swap space
#   In 32 bit mode, the process size limit was hit
# Possible solutions:
#   Reduce memory load on the system
#   Increase physical memory or swap space
#   Check if swap backing store is full
#   Use 64 bit Java on a 64 bit OS
#   Decrease Java heap size (-Xmx/-Xms)
#   Decrease number of Java threads
#   Decrease Java thread stack sizes (-Xss)
#   Set larger code cache with -XX:ReservedCodeCacheSize=
# This output file may be truncated or incomplete.
#
#  Out of Memory Error (allocation.cpp:390), pid=5444, tid=8860
#
# JRE version: Java(TM) SE Runtime Environment (8.0_74-b02) (build 1.8.0_74-b02)
# Java VM: Java HotSpot(TM) 64-Bit Server VM (25.74-b02 mixed mode windows-amd64 compressed oops)
# Failed to write core dump. Minidumps are not enabled by default on client versions of Windows
#

---------------  T H R E A D  ---------------

Current thread (0x0000000016f03800):  JavaThread "C2 CompilerThread2" daemon [_thread_in_native, id=8860, stack(0x00000000178c0000,0x00000000179c0000)]

Stack: [0x00000000178c0000,0x00000000179c0000]
[error occurred during error reporting (printing stack bounds), id 0xc0000005]

Native frames: (J=compiled Java code, j=interpreted, Vv=VM code, C=native code)


Current CompileTask:
C2:    806  936       4       com.android.dx.dex.code.OutputFinisher::addConstants (93 bytes)


---------------  P R O C E S S  ---------------

Java Threads: ( => current thread )
  0x0000000018531000 JavaThread "pool-1-thread-1" [_thread_in_Java, id=1588, stack(0x00000000188c0000,0x00000000189c0000)]
  0x0000000016fa7800 JavaThread "Service Thread" daemon [_thread_blocked, id=6204, stack(0x0000000017ac0000,0x0000000017bc0000)]
  0x0000000016f0c000 JavaThread "C1 CompilerThread3" daemon [_thread_blocked, id=2344, stack(0x00000000179c0000,0x0000000017ac0000)]
=>0x0000000016f03800 JavaThread "C2 CompilerThread2" daemon [_thread_in_native, id=8860, stack(0x00000000178c0000,0x00000000179c0000)]
  0x0000000016f00800 JavaThread "C2 CompilerThread1" daemon [_thread_in_native, id=9212, stack(0x00000000177c0000,0x00000000178c0000)]
  0x0000000016ef9800 JavaThread "C2 CompilerThread0" daemon [_thread_in_native, id=9488, stack(0x00000000176c0000,0x00000000177c0000)]
  0x0000000016ef8000 JavaThread "Attach Listener" daemon [_thread_blocked, id=5436, stack(0x00000000175c0000,0x00000000176c0000)]
  0x0000000016ef7000 JavaThread "Signal Dispatcher" daemon [_thread_blocked, id=2732, stack(0x00000000174c0000,0x00000000175c0000)]
  0x0000000016ef0800 JavaThread "Finalizer" daemon [_thread_blocked, id=9064, stack(0x00000000172d0000,0x00000000173d0000)]
  0x0000000002495000 JavaThread "Reference Handler" daemon [_thread_blocked, id=2084, stack(0x0000000016dd0000,0x0000000016ed0000)]
  0x00000000023a0800 JavaThread "main" [_thread_blocked, id=5132, stack(0x0000000002290000,0x0000000002390000)]

Other Threads:
  0x0000000014ff9800 VMThread [stack: 0x0000000016cd0000,0x0000000016dd0000] [id=2668]
  0x0000000016fb1800 WatcherThread [stack: 0x0000000017bc0000,0x0000000017cc0000] [id=6000]

VM state:not at safepoint (normal execution)

VM Mutex/Monitor currently owned by a thread: None

Heap:
 PSYoungGen      total 36864K, used 19710K [0x00000000eab00000, 0x00000000ed400000, 0x0000000100000000)
  eden space 31744K, 62% used [0x00000000eab00000,0x00000000ebe3f858,0x00000000eca00000)
  from space 5120K, 0% used [0x00000000ecf00000,0x00000000ecf00000,0x00000000ed400000)
  to   space 5120K, 0% used [0x00000000eca00000,0x00000000eca00000,0x00000000ecf00000)
 ParOldGen       total 84992K, used 0K [0x00000000c0000000, 0x00000000c5300000, 0x00000000eab00000)
  object space 84992K, 0% used [0x00000000c0000000,0x00000000c0000000,0x00000000c5300000)
 Metaspace       used 5763K, capacity 6832K, committed 7040K, reserved 1056768K
  class space    used 594K, capacity 616K, committed 640K, reserved 1048576K

Card table byte_map: [0x00000000118a0000,0x0000000011ab0000] byte_map_base: 0x00000000112a0000

Marking Bits: (ParMarkBitMap*) 0x0000000068000600
 Begin Bits: [0x0000000012410000, 0x0000000013410000)
 End Bits:   [0x0000000013410000, 0x0000000014410000)

Polling page: 0x0000000000850000

CodeCache: size=245760Kb used=3923Kb max_used=3933Kb free=241836Kb
 bounds [0x00000000024e0000, 0x00000000028c0000, 0x00000000114e0000]
 total_blobs=1241 nmethods=980 adapters=174
 compilation: enabled

Compilation events (10 events):
Event: 0.786 Thread 0x0000000016f0c000  964       1       com.android.dx.dex.code.DalvInsn::getRegisters (5 bytes)
Event: 0.786 Thread 0x0000000016f0c000 nmethod 964 0x00000000028ac990 code [0x00000000028acae0, 0x00000000028acbf0]
Event: 0.786 Thread 0x0000000016f0c000  965       1       com.android.dx.dex.code.DalvInsn::getOpcode (5 bytes)
Event: 0.786 Thread 0x0000000016f0c000 nmethod 965 0x00000000028ac6d0 code [0x00000000028ac820, 0x00000000028ac930]
Event: 0.786 Thread 0x0000000016f0c000  966       1       com.android.dx.dex.code.Dop::getFormat (5 bytes)
Event: 0.786 Thread 0x0000000016f0c000 nmethod 966 0x00000000028ac410 code [0x00000000028ac560, 0x00000000028ac670]
Event: 0.788 Thread 0x0000000016f00800  967       4       com.android.dx.rop.code.SourcePosition::equals (46 bytes)
Event: 0.788 Thread 0x0000000016f00800 nmethod 967 0x00000000028ac110 code [0x00000000028ac260, 0x00000000028ac318]
Event: 0.792 Thread 0x0000000016f0c000  968       1       com.android.dx.dex.code.form.SpecialFormat::isCompatible (2 bytes)
Event: 0.792 Thread 0x0000000016f0c000 nmethod 968 0x00000000028b55d0 code [0x00000000028b5720, 0x00000000028b5830]

GC Heap History (0 events):
No events

Deoptimization events (7 events):
Event: 0.270 Thread 0x00000000171f3800 Uncommon trap: reason=unstable_if action=reinterpret pc=0x00000000026c01e4 method=java.util.HashMap.getNode(ILjava/lang/Object;)Ljava/util/HashMap$Node; @ 129
Event: 0.314 Thread 0x00000000171f3800 Uncommon trap: reason=unstable_if action=reinterpret pc=0x00000000026c4c70 method=java.util.BitSet.nextSetBit(I)I @ 87
Event: 0.620 Thread 0x00000000171f3800 Uncommon trap: reason=class_check action=maybe_recompile pc=0x00000000027b6bfc method=com.android.dx.ssa.NormalSsaInsn.accept(Lcom/android/dx/ssa/SsaInsn$Visitor;)V @ 9
Event: 0.767 Thread 0x0000000018531000 Uncommon trap: reason=bimorphic action=maybe_recompile pc=0x0000000002836b40 method=java.util.HashMap.putVal(ILjava/lang/Object;Ljava/lang/Object;ZZ)Ljava/lang/Object; @ 91
Event: 0.768 Thread 0x0000000018531000 Uncommon trap: reason=bimorphic action=maybe_recompile pc=0x0000000002836b40 method=java.util.HashMap.putVal(ILjava/lang/Object;Ljava/lang/Object;ZZ)Ljava/lang/Object; @ 91
Event: 0.768 Thread 0x0000000018531000 Uncommon trap: reason=bimorphic action=maybe_recompile pc=0x0000000002836b40 method=java.util.HashMap.putVal(ILjava/lang/Object;Ljava/lang/Object;ZZ)Ljava/lang/Object; @ 91
Event: 0.770 Thread 0x0000000018531000 Uncommon trap: reason=bimorphic action=maybe_recompile pc=0x0000000002836b40 method=java.util.HashMap.putVal(ILjava/lang/Object;Ljava/lang/Object;ZZ)Ljava/lang/Object; @ 91

Internal exceptions (2 events):
Event: 0.027 Thread 0x00000000023a0800 Exception <a 'java/lang/NoSuchMethodError': Method sun.misc.Unsafe.defineClass(Ljava/lang/String;[BII)Ljava/lang/Class; name or signature does not match> (0x00000000eab07cc0) thrown at [C:\re\workspace\8-2-build-windows-amd64-cygwin\jdk8u74\6087\hotspot\sr†á†áª›?
Event: 0.027 Thread 0x00000000023a0800 Exception <a 'java/lang/NoSuchMethodError': Method sun.misc.Unsafe.prefetchRead(Ljava/lang/Object;J)V name or signature does not match> (0x00000000eab07fa8) thrown at [C:\re\workspace\8-2-build-windows-amd64-cygwin\jdk8u74\6087\hotspot\src\share\vm\prims\j

Events (10 events):
Event: 0.788 loading class com/android/dx/dex/code/LocalList$MakeState
Event: 0.788 loading class com/android/dx/dex/code/LocalList$MakeState done
Event: 0.790 loading class com/android/dx/dex/code/LocalList$Disposition
Event: 0.790 loading class com/android/dx/dex/code/LocalList$Disposition done
Event: 0.790 loading class com/android/dx/dex/code/LocalList$Entry
Event: 0.790 loading class com/android/dx/dex/code/LocalList$Entry done
Event: 0.791 loading class com/android/dx/dex/code/CatchHandlerList
Event: 0.791 loading class com/android/dx/dex/code/CatchHandlerList done
Event: 0.792 loading class com/android/dx/dex/code/CatchTable
Event: 0.792 loading class com/android/dx/dex/code/CatchTable done


Dynamic libraries:
0x00007ff68c1f0000 - 0x00007ff68c227000 	C:\Program Files\Java\jdk1.8.0_74\bin\java.exe
0x00007ffd60290000 - 0x00007ffd60461000 	C:\WINDOWS\SYSTEM32\ntdll.dll
0x00007ffd5e010000 - 0x00007ffd5e0bb000 	C:\WINDOWS\System32\KERNEL32.DLL
0x00007ffd42060000 - 0x00007ffd42093000 	C:\Program Files (x86)\AVG\Av\avghooka.dll
0x00007ffd5d330000 - 0x00007ffd5d54d000 	C:\WINDOWS\System32\KERNELBASE.dll
0x00007ffd601d0000 - 0x00007ffd60272000 	C:\WINDOWS\System32\ADVAPI32.dll
0x00007ffd5eaf0000 - 0x00007ffd5eb8e000 	C:\WINDOWS\System32\msvcrt.dll
0x00007ffd5ea90000 - 0x00007ffd5eae9000 	C:\WINDOWS\System32\sechost.dll
0x00007ffd5dc90000 - 0x00007ffd5ddb1000 	C:\WINDOWS\System32\RPCRT4.dll
0x00007ffd5dea0000 - 0x00007ffd5e005000 	C:\WINDOWS\System32\USER32.dll
0x00007ffd5d550000 - 0x00007ffd5d56e000 	C:\WINDOWS\System32\win32u.dll
0x00007ffd5ea30000 - 0x00007ffd5ea64000 	C:\WINDOWS\System32\GDI32.dll
0x00007ffd5d620000 - 0x00007ffd5d7a2000 	C:\WINDOWS\System32\gdi32full.dll
0x00007ffd52d60000 - 0x00007ffd52fd9000 	C:\WINDOWS\WinSxS\amd64_microsoft.windows.common-controls_6595b64144ccf1df_6.0.14393.0_none_2d0f50fcbdb171b8\COMCTL32.dll
0x00007ffd5e120000 - 0x00007ffd5e3e7000 	C:\WINDOWS\System32\combase.dll
0x00007ffd5ca40000 - 0x00007ffd5cb35000 	C:\WINDOWS\System32\ucrtbase.dll
0x00007ffd5c800000 - 0x00007ffd5c86a000 	C:\WINDOWS\System32\bcryptPrimitives.dll
0x00007ffd5eb90000 - 0x00007ffd5ebbe000 	C:\WINDOWS\System32\IMM32.DLL
0x0000000069190000 - 0x0000000069262000 	C:\Program Files\Java\jdk1.8.0_74\jre\bin\msvcr100.dll
0x00000000677f0000 - 0x0000000068080000 	C:\Program Files\Java\jdk1.8.0_74\jre\bin\server\jvm.dll
0x00007ffd5ddd0000 - 0x00007ffd5ddd8000 	C:\WINDOWS\System32\PSAPI.DLL
0x00007ffd4cad0000 - 0x00007ffd4cad9000 	C:\WINDOWS\SYSTEM32\WSOCK32.dll
0x00007ffd5e3f0000 - 0x00007ffd5e45a000 	C:\WINDOWS\System32\WS2_32.dll
0x00007ffd5aac0000 - 0x00007ffd5aae3000 	C:\WINDOWS\SYSTEM32\WINMM.dll
0x00007ffd58140000 - 0x00007ffd5814a000 	C:\WINDOWS\SYSTEM32\VERSION.dll
0x00007ffd5a450000 - 0x00007ffd5a47b000 	C:\WINDOWS\SYSTEM32\WINMMBASE.dll
0x00007ffd5d7b0000 - 0x00007ffd5d7f2000 	C:\WINDOWS\System32\cfgmgr32.dll
0x0000000069180000 - 0x000000006918f000 	C:\Program Files\Java\jdk1.8.0_74\jre\bin\verify.dll
0x0000000069150000 - 0x0000000069179000 	C:\Program Files\Java\jdk1.8.0_74\jre\bin\java.dll
0x0000000069130000 - 0x0000000069146000 	C:\Program Files\Java\jdk1.8.0_74\jre\bin\zip.dll
0x00007ffd5ebc0000 - 0x00007ffd600c8000 	C:\WINDOWS\System32\SHELL32.dll
0x00007ffd5cb40000 - 0x00007ffd5d21a000 	C:\WINDOWS\System32\windows.storage.dll
0x00007ffd5c710000 - 0x00007ffd5c75c000 	C:\WINDOWS\System32\powrprof.dll
0x00007ffd5e0c0000 - 0x00007ffd5e112000 	C:\WINDOWS\System32\shlwapi.dll
0x00007ffd5c700000 - 0x00007ffd5c70f000 	C:\WINDOWS\System32\kernel.appcore.dll
0x00007ffd5d570000 - 0x00007ffd5d619000 	C:\WINDOWS\System32\shcore.dll
0x00007ffd5c6d0000 - 0x00007ffd5c6e4000 	C:\WINDOWS\System32\profapi.dll

VM Arguments:
jvm_args: -Djava.awt.headless=true -Xmx1024M -Dfile.encoding=windows-1251 -Duser.country=RU -Duser.language=ru -Duser.variant 
java_command: com.android.dx.command.Main --dex --force-jumbo --num-threads=4 --multi-dex --output D:\Android\WorkSpace\BeerMap\app\build\intermediates\transforms\dex\debug\folders\1000\5\slice_1 D:\Android\WorkSpace\BeerMap\app\build\intermediates\transforms\instantRunSlicer\debug\folders\1\5\slice_1
java_class_path (initial): D:\Android\SDK\build-tools\24.0.2\lib\dx.jar
Launcher Type: SUN_STANDARD

Environment Variables:
JAVA_HOME=C:\Program Files\Java\jdk1.8.0_74
PATH=C:\ProgramData\Oracle\Java\javapath;C:\Program Files (x86)\NVIDIA Corporation\PhysX\Common;C:\Program Files (x86)\Intel\iCLS Client\;C:\Program Files\Intel\iCLS Client\;C:\WINDOWS\system32;C:\WINDOWS;C:\WINDOWS\System32\Wbem;C:\WINDOWS\System32\WindowsPowerShell\v1.0\;C:\Program Files (x86)\Intel\OpenCL SDK\3.0\bin\x86;C:\Program Files (x86)\Intel\OpenCL SDK\3.0\bin\x64;C:\Program Files\Intel\Intel(R) Management Engine Components\DAL;C:\Program Files\Intel\Intel(R) Management Engine Components\IPT;C:\Program Files (x86)\Intel\Intel(R) Management Engine Components\DAL;C:\Program Files (x86)\Intel\Intel(R) Management Engine Components\IPT;C:\Program Files\OpenVPN\bin;C:\Program Files (x86)\Skype\Phone\;C:\Users\Admin\AppData\Local\Android\sdk\platform-tools;C:\Users\Admin\AppData\Local\Android\sdk\tools;C:\Users\Admin\AppData\Local\Microsoft\WindowsApps;
USERNAME=Admin
OS=Windows_NT
PROCESSOR_IDENTIFIER=Intel64 Family 6 Model 60 Stepping 3, GenuineIntel



---------------  S Y S T E M  ---------------

OS: Windows 10.0 , 64 bit Build 14393 (10.0.14393.0)

CPU:total 8 (4 cores per cpu, 2 threads per core) family 6 model 60 stepping 3, cmov, cx8, fxsr, mmx, sse, sse2, sse3, ssse3, sse4.1, sse4.2, popcnt, avx, avx2, aes, clmul, erms, lzcnt, ht, tsc, tscinvbit, bmi1, bmi2

Memory: 4k page, physical 8061740k(918020k free), swap 10621740k(1164k free)

vm_info: Java HotSpot(TM) 64-Bit Server VM (25.74-b02) for windows-amd64 JRE (1.8.0_74-b02), built on Jan 29 2016 17:42:36 by "java_re" with MS VC++ 10.0 (VS2010)

time: Sun Oct 02 15:59:46 2016
elapsed time: 0 seconds (0d 0h 0m 0s)

